2018-10-09T06:22:11+00:00 CRITICAL Uncaught Symfony\Component\Debug\Exception\FatalThrowableError: Call to a member function get_review_count() on string in /var/www/sage.blog/public_html/wp-content/plugins/woocommerce/templates/single-product-reviews.php:32
Stack trace:
#0 /var/www/sage.blog/public_html/wp-includes/comment-template.php(1472): require()
#1 /var/www/sage.blog/public_html/wp-content/uploads/cache/d4c335f11f8a2af26eb4728fae332819178ae81f.php(40): comments_template('/partials/comme...')
#2 /var/www/sage.blog/public_html/wp-content/themes/sage.blog/vendor/illuminate/view/Engines/PhpEngine.php(43): include('/var/www/sage.b...')
#3 /var/www/sage.blog/public_html/wp-content/themes/sage.blog/vendor/illuminate/view/Engines/CompilerEngine.php(59): Illuminate\View\Engines\PhpEngine->evaluatePath('/var/www/sage.b...', Array)
#4 /var/www/sage.blog/public_html/wp-content/themes/sage.blog/vendor/illuminate/view/View.php(142): Illuminate\View\Engines\CompilerEngine->get('/var/www/sage.b...', Array)
#5 /var/www/sage.blog/public_html/wp-content/

2018-10-09T06:22:42+00:00 CRITICAL Uncaught InvalidArgumentException: View [artials.content-single-shop] not found. in /var/www/sage.blog/public_html/wp-content/themes/sage.blog/vendor/illuminate/view/FileViewFinder.php:137
Stack trace:
#0 /var/www/sage.blog/public_html/wp-content/themes/sage.blog/vendor/illuminate/view/FileViewFinder.php(79): Illuminate\View\FileViewFinder->findInPaths('artials.content...', Array)
#1 /var/www/sage.blog/public_html/wp-content/themes/sage.blog/vendor/illuminate/view/Factory.php(128): Illuminate\View\FileViewFinder->find('artials.content...')
#2 /var/www/sage.blog/public_html/wp-content/uploads/cache/e1df12b3fce312424c1d83315077f26084fd8e04.php(3): Illuminate\View\Factory->make('artials.content...', Array)
#3 /var/www/sage.blog/public_html/wp-content/themes/sage.blog/vendor/illuminate/view/Engines/PhpEngine.php(43): include('/var/www/sage.b...')
#4 /var/www/sage.blog/public_html/wp-content/themes/sage.blog/vendor/illuminate/view/Engines/CompilerEngine.php(59): Illuminate\View\Engines\PhpEngine->evaluatePath('/va

2018-10-09T06:29:57+00:00 CRITICAL Uncaught Symfony\Component\Debug\Exception\FatalThrowableError: Call to a member function get_review_count() on string in /var/www/sage.blog/public_html/wp-content/plugins/woocommerce/templates/single-product-reviews.php:32
Stack trace:
#0 /var/www/sage.blog/public_html/wp-includes/comment-template.php(1472): require()
#1 /var/www/sage.blog/public_html/wp-content/uploads/cache/e1df12b3fce312424c1d83315077f26084fd8e04.php(19): comments_template('/partials/comme...')
#2 /var/www/sage.blog/public_html/wp-content/themes/sage.blog/vendor/illuminate/view/Engines/PhpEngine.php(43): include('/var/www/sage.b...')
#3 /var/www/sage.blog/public_html/wp-content/themes/sage.blog/vendor/illuminate/view/Engines/CompilerEngine.php(59): Illuminate\View\Engines\PhpEngine->evaluatePath('/var/www/sage.b...', Array)
#4 /var/www/sage.blog/public_html/wp-content/themes/sage.blog/vendor/illuminate/view/View.php(142): Illuminate\View\Engines\CompilerEngine->get('/var/www/sage.b...', Array)
#5 /var/www/sage.blog/public_html/wp-content/

2018-10-09T07:19:18+00:00 CRITICAL Uncaught Symfony\Component\Debug\Exception\FatalThrowableError: syntax error, unexpected ';', expecting ',' or ')' in /var/www/sage.blog/public_html/wp-content/uploads/cache/36576dbe70514d449ab2832ba51427bd56d183c3.php:10
Stack trace:
#0 /var/www/sage.blog/public_html/wp-content/themes/sage.blog/vendor/illuminate/view/Engines/CompilerEngine.php(59): Illuminate\View\Engines\PhpEngine->evaluatePath('/var/www/sage.b...', Array)
#1 /var/www/sage.blog/public_html/wp-content/themes/sage.blog/vendor/illuminate/view/View.php(142): Illuminate\View\Engines\CompilerEngine->get('/var/www/sage.b...', Array)
#2 /var/www/sage.blog/public_html/wp-content/themes/sage.blog/vendor/illuminate/view/View.php(125): Illuminate\View\View->getContents()
#3 /var/www/sage.blog/public_html/wp-content/themes/sage.blog/vendor/illuminate/view/View.php(90): Illuminate\View\View->renderContents()
#4 /var/www/sage.blog/public_html/wp-content/uploads/cache/e1df12b3fce312424c1d83315077f26084fd8e04.php(3): Illuminate\View\View->render()
#5 /var/w

2018-10-09T07:49:12+00:00 CRITICAL Uncaught InvalidArgumentException: View [partials.page-header] not found. in /var/www/sage.blog/public_html/wp-content/themes/sage.blog/vendor/illuminate/view/FileViewFinder.php:137
Stack trace:
#0 /var/www/sage.blog/public_html/wp-content/themes/sage.blog/vendor/illuminate/view/FileViewFinder.php(79): Illuminate\View\FileViewFinder->findInPaths('partials.page-h...', Array)
#1 /var/www/sage.blog/public_html/wp-content/themes/sage.blog/vendor/illuminate/view/Factory.php(128): Illuminate\View\FileViewFinder->find('partials.page-h...')
#2 /var/www/sage.blog/public_html/wp-content/uploads/cache/0ecdf551693bc66478e8ec26e04c8a0d8f6c29c4.php(2): Illuminate\View\Factory->make('partials.page-h...', Array)
#3 /var/www/sage.blog/public_html/wp-content/themes/sage.blog/vendor/illuminate/view/Engines/PhpEngine.php(43): include('/var/www/sage.b...')
#4 /var/www/sage.blog/public_html/wp-content/themes/sage.blog/vendor/illuminate/view/Engines/CompilerEngine.php(59): Illuminate\View\Engines\PhpEngine->evaluatePath('/var/www/s

2018-10-09T07:49:13+00:00 CRITICAL Uncaught InvalidArgumentException: View [partials.page-header] not found. in /var/www/sage.blog/public_html/wp-content/themes/sage.blog/vendor/illuminate/view/FileViewFinder.php:137
Stack trace:
#0 /var/www/sage.blog/public_html/wp-content/themes/sage.blog/vendor/illuminate/view/FileViewFinder.php(79): Illuminate\View\FileViewFinder->findInPaths('partials.page-h...', Array)
#1 /var/www/sage.blog/public_html/wp-content/themes/sage.blog/vendor/illuminate/view/Factory.php(128): Illuminate\View\FileViewFinder->find('partials.page-h...')
#2 /var/www/sage.blog/public_html/wp-content/uploads/cache/0ecdf551693bc66478e8ec26e04c8a0d8f6c29c4.php(2): Illuminate\View\Factory->make('partials.page-h...', Array)
#3 /var/www/sage.blog/public_html/wp-content/themes/sage.blog/vendor/illuminate/view/Engines/PhpEngine.php(43): include('/var/www/sage.b...')
#4 /var/www/sage.blog/public_html/wp-content/themes/sage.blog/vendor/illuminate/view/Engines/CompilerEngine.php(59): Illuminate\View\Engines\PhpEngine->evaluatePath('/var/www/s

2018-10-09T07:49:16+00:00 CRITICAL Uncaught InvalidArgumentException: View [partials.page-header] not found. in /var/www/sage.blog/public_html/wp-content/themes/sage.blog/vendor/illuminate/view/FileViewFinder.php:137
Stack trace:
#0 /var/www/sage.blog/public_html/wp-content/themes/sage.blog/vendor/illuminate/view/FileViewFinder.php(79): Illuminate\View\FileViewFinder->findInPaths('partials.page-h...', Array)
#1 /var/www/sage.blog/public_html/wp-content/themes/sage.blog/vendor/illuminate/view/Factory.php(128): Illuminate\View\FileViewFinder->find('partials.page-h...')
#2 /var/www/sage.blog/public_html/wp-content/uploads/cache/0ecdf551693bc66478e8ec26e04c8a0d8f6c29c4.php(2): Illuminate\View\Factory->make('partials.page-h...', Array)
#3 /var/www/sage.blog/public_html/wp-content/themes/sage.blog/vendor/illuminate/view/Engines/PhpEngine.php(43): include('/var/www/sage.b...')
#4 /var/www/sage.blog/public_html/wp-content/themes/sage.blog/vendor/illuminate/view/Engines/CompilerEngine.php(59): Illuminate\View\Engines\PhpEngine->evaluatePath('/var/www/s

2018-10-09T07:49:20+00:00 CRITICAL Uncaught InvalidArgumentException: View [partials.page-header] not found. in /var/www/sage.blog/public_html/wp-content/themes/sage.blog/vendor/illuminate/view/FileViewFinder.php:137
Stack trace:
#0 /var/www/sage.blog/public_html/wp-content/themes/sage.blog/vendor/illuminate/view/FileViewFinder.php(79): Illuminate\View\FileViewFinder->findInPaths('partials.page-h...', Array)
#1 /var/www/sage.blog/public_html/wp-content/themes/sage.blog/vendor/illuminate/view/Factory.php(128): Illuminate\View\FileViewFinder->find('partials.page-h...')
#2 /var/www/sage.blog/public_html/wp-content/uploads/cache/0ecdf551693bc66478e8ec26e04c8a0d8f6c29c4.php(2): Illuminate\View\Factory->make('partials.page-h...', Array)
#3 /var/www/sage.blog/public_html/wp-content/themes/sage.blog/vendor/illuminate/view/Engines/PhpEngine.php(43): include('/var/www/sage.b...')
#4 /var/www/sage.blog/public_html/wp-content/themes/sage.blog/vendor/illuminate/view/Engines/CompilerEngine.php(59): Illuminate\View\Engines\PhpEngine->evaluatePath('/var/www/s

2018-10-09T08:22:27+00:00 CRITICAL Uncaught Symfony\Component\Debug\Exception\FatalThrowableError: syntax error, unexpected ';', expecting ',' or ')' in /var/www/sage.blog/public_html/wp-content/uploads/cache/4ae9aaeed9470de65bba90e267e0566ef52c16f6.php:4
Stack trace:
#0 /var/www/sage.blog/public_html/wp-content/themes/sage.blog/vendor/illuminate/view/Engines/CompilerEngine.php(59): Illuminate\View\Engines\PhpEngine->evaluatePath('/var/www/sage.b...', Array)
#1 /var/www/sage.blog/public_html/wp-content/themes/sage.blog/vendor/illuminate/view/View.php(142): Illuminate\View\Engines\CompilerEngine->get('/var/www/sage.b...', Array)
#2 /var/www/sage.blog/public_html/wp-content/themes/sage.blog/vendor/illuminate/view/View.php(125): Illuminate\View\View->getContents()
#3 /var/www/sage.blog/public_html/wp-content/themes/sage.blog/vendor/illuminate/view/View.php(90): Illuminate\View\View->renderContents()
#4 /var/www/sage.blog/public_html/wp-content/uploads/cache/3c1db5e152cd9e76bef11ffa855a0621f1ec9a32.php(2): Illuminate\View\View->render()
#5 /var/ww

2018-10-09T08:22:28+00:00 CRITICAL Uncaught Symfony\Component\Debug\Exception\FatalThrowableError: syntax error, unexpected ';', expecting ',' or ')' in /var/www/sage.blog/public_html/wp-content/uploads/cache/4ae9aaeed9470de65bba90e267e0566ef52c16f6.php:4
Stack trace:
#0 /var/www/sage.blog/public_html/wp-content/themes/sage.blog/vendor/illuminate/view/Engines/CompilerEngine.php(59): Illuminate\View\Engines\PhpEngine->evaluatePath('/var/www/sage.b...', Array)
#1 /var/www/sage.blog/public_html/wp-content/themes/sage.blog/vendor/illuminate/view/View.php(142): Illuminate\View\Engines\CompilerEngine->get('/var/www/sage.b...', Array)
#2 /var/www/sage.blog/public_html/wp-content/themes/sage.blog/vendor/illuminate/view/View.php(125): Illuminate\View\View->getContents()
#3 /var/www/sage.blog/public_html/wp-content/themes/sage.blog/vendor/illuminate/view/View.php(90): Illuminate\View\View->renderContents()
#4 /var/www/sage.blog/public_html/wp-content/uploads/cache/3c1db5e152cd9e76bef11ffa855a0621f1ec9a32.php(2): Illuminate\View\View->render()
#5 /var/ww

2018-10-09T08:36:14+00:00 CRITICAL Uncaught Symfony\Component\Debug\Exception\FatalThrowableError: syntax error, unexpected 'return' (T_RETURN) in /var/www/sage.blog/public_html/wp-content/uploads/cache/c4083e350e8abb3f200090c99e8bec84e990f4a1.php:6
Stack trace:
#0 /var/www/sage.blog/public_html/wp-content/themes/sage.blog/vendor/illuminate/view/Engines/CompilerEngine.php(59): Illuminate\View\Engines\PhpEngine->evaluatePath('/var/www/sage.b...', Array)
#1 /var/www/sage.blog/public_html/wp-content/themes/sage.blog/vendor/illuminate/view/View.php(142): Illuminate\View\Engines\CompilerEngine->get('/var/www/sage.b...', Array)
#2 /var/www/sage.blog/public_html/wp-content/themes/sage.blog/vendor/illuminate/view/View.php(125): Illuminate\View\View->getContents()
#3 /var/www/sage.blog/public_html/wp-content/themes/sage.blog/vendor/illuminate/view/View.php(90): Illuminate\View\View->renderContents()
#4 /var/www/sage.blog/public_html/wp-content/themes/sage.blog/vendor/roots/sage-lib/Template/Blade.php(58): Illuminate\View\View->render()
#5 /var/www/sage

2018-10-09T08:36:19+00:00 CRITICAL Uncaught Symfony\Component\Debug\Exception\FatalThrowableError: syntax error, unexpected 'return' (T_RETURN) in /var/www/sage.blog/public_html/wp-content/uploads/cache/c4083e350e8abb3f200090c99e8bec84e990f4a1.php:6
Stack trace:
#0 /var/www/sage.blog/public_html/wp-content/themes/sage.blog/vendor/illuminate/view/Engines/CompilerEngine.php(59): Illuminate\View\Engines\PhpEngine->evaluatePath('/var/www/sage.b...', Array)
#1 /var/www/sage.blog/public_html/wp-content/themes/sage.blog/vendor/illuminate/view/View.php(142): Illuminate\View\Engines\CompilerEngine->get('/var/www/sage.b...', Array)
#2 /var/www/sage.blog/public_html/wp-content/themes/sage.blog/vendor/illuminate/view/View.php(125): Illuminate\View\View->getContents()
#3 /var/www/sage.blog/public_html/wp-content/themes/sage.blog/vendor/illuminate/view/View.php(90): Illuminate\View\View->renderContents()
#4 /var/www/sage.blog/public_html/wp-content/themes/sage.blog/vendor/roots/sage-lib/Template/Blade.php(58): Illuminate\View\View->render()
#5 /var/www/sage

2018-10-09T08:58:39+00:00 CRITICAL Uncaught InvalidArgumentException: View [partials.page-header] not found. in /var/www/sage.blog/public_html/wp-content/themes/sage.blog/vendor/illuminate/view/FileViewFinder.php:137
Stack trace:
#0 /var/www/sage.blog/public_html/wp-content/themes/sage.blog/vendor/illuminate/view/FileViewFinder.php(79): Illuminate\View\FileViewFinder->findInPaths('partials.page-h...', Array)
#1 /var/www/sage.blog/public_html/wp-content/themes/sage.blog/vendor/illuminate/view/Factory.php(128): Illuminate\View\FileViewFinder->find('partials.page-h...')
#2 /var/www/sage.blog/public_html/wp-content/uploads/cache/0ecdf551693bc66478e8ec26e04c8a0d8f6c29c4.php(2): Illuminate\View\Factory->make('partials.page-h...', Array)
#3 /var/www/sage.blog/public_html/wp-content/themes/sage.blog/vendor/illuminate/view/Engines/PhpEngine.php(43): include('/var/www/sage.b...')
#4 /var/www/sage.blog/public_html/wp-content/themes/sage.blog/vendor/illuminate/view/Engines/CompilerEngine.php(59): Illuminate\View\Engines\PhpEngine->evaluatePath('/var/www/s

2018-10-09T08:58:39+00:00 CRITICAL Uncaught InvalidArgumentException: View [partials.page-header] not found. in /var/www/sage.blog/public_html/wp-content/themes/sage.blog/vendor/illuminate/view/FileViewFinder.php:137
Stack trace:
#0 /var/www/sage.blog/public_html/wp-content/themes/sage.blog/vendor/illuminate/view/FileViewFinder.php(79): Illuminate\View\FileViewFinder->findInPaths('partials.page-h...', Array)
#1 /var/www/sage.blog/public_html/wp-content/themes/sage.blog/vendor/illuminate/view/Factory.php(128): Illuminate\View\FileViewFinder->find('partials.page-h...')
#2 /var/www/sage.blog/public_html/wp-content/uploads/cache/0ecdf551693bc66478e8ec26e04c8a0d8f6c29c4.php(2): Illuminate\View\Factory->make('partials.page-h...', Array)
#3 /var/www/sage.blog/public_html/wp-content/themes/sage.blog/vendor/illuminate/view/Engines/PhpEngine.php(43): include('/var/www/sage.b...')
#4 /var/www/sage.blog/public_html/wp-content/themes/sage.blog/vendor/illuminate/view/Engines/CompilerEngine.php(59): Illuminate\View\Engines\PhpEngine->evaluatePath('/var/www/s

2018-10-09T09:14:05+00:00 CRITICAL Uncaught InvalidArgumentException: View [partials.page-header] not found. in /var/www/sage.blog/public_html/wp-content/themes/sage.blog/vendor/illuminate/view/FileViewFinder.php:137
Stack trace:
#0 /var/www/sage.blog/public_html/wp-content/themes/sage.blog/vendor/illuminate/view/FileViewFinder.php(79): Illuminate\View\FileViewFinder->findInPaths('partials.page-h...', Array)
#1 /var/www/sage.blog/public_html/wp-content/themes/sage.blog/vendor/illuminate/view/Factory.php(128): Illuminate\View\FileViewFinder->find('partials.page-h...')
#2 /var/www/sage.blog/public_html/wp-content/uploads/cache/0ecdf551693bc66478e8ec26e04c8a0d8f6c29c4.php(2): Illuminate\View\Factory->make('partials.page-h...', Array)
#3 /var/www/sage.blog/public_html/wp-content/themes/sage.blog/vendor/illuminate/view/Engines/PhpEngine.php(43): include('/var/www/sage.b...')
#4 /var/www/sage.blog/public_html/wp-content/themes/sage.blog/vendor/illuminate/view/Engines/CompilerEngine.php(59): Illuminate\View\Engines\PhpEngine->evaluatePath('/var/www/s

2018-10-09T09:14:05+00:00 CRITICAL Uncaught InvalidArgumentException: View [partials.page-header] not found. in /var/www/sage.blog/public_html/wp-content/themes/sage.blog/vendor/illuminate/view/FileViewFinder.php:137
Stack trace:
#0 /var/www/sage.blog/public_html/wp-content/themes/sage.blog/vendor/illuminate/view/FileViewFinder.php(79): Illuminate\View\FileViewFinder->findInPaths('partials.page-h...', Array)
#1 /var/www/sage.blog/public_html/wp-content/themes/sage.blog/vendor/illuminate/view/Factory.php(128): Illuminate\View\FileViewFinder->find('partials.page-h...')
#2 /var/www/sage.blog/public_html/wp-content/uploads/cache/0ecdf551693bc66478e8ec26e04c8a0d8f6c29c4.php(2): Illuminate\View\Factory->make('partials.page-h...', Array)
#3 /var/www/sage.blog/public_html/wp-content/themes/sage.blog/vendor/illuminate/view/Engines/PhpEngine.php(43): include('/var/www/sage.b...')
#4 /var/www/sage.blog/public_html/wp-content/themes/sage.blog/vendor/illuminate/view/Engines/CompilerEngine.php(59): Illuminate\View\Engines\PhpEngine->evaluatePath('/var/www/s

2018-10-09T09:14:05+00:00 CRITICAL Uncaught InvalidArgumentException: View [partials.page-header] not found. in /var/www/sage.blog/public_html/wp-content/themes/sage.blog/vendor/illuminate/view/FileViewFinder.php:137
Stack trace:
#0 /var/www/sage.blog/public_html/wp-content/themes/sage.blog/vendor/illuminate/view/FileViewFinder.php(79): Illuminate\View\FileViewFinder->findInPaths('partials.page-h...', Array)
#1 /var/www/sage.blog/public_html/wp-content/themes/sage.blog/vendor/illuminate/view/Factory.php(128): Illuminate\View\FileViewFinder->find('partials.page-h...')
#2 /var/www/sage.blog/public_html/wp-content/uploads/cache/0ecdf551693bc66478e8ec26e04c8a0d8f6c29c4.php(2): Illuminate\View\Factory->make('partials.page-h...', Array)
#3 /var/www/sage.blog/public_html/wp-content/themes/sage.blog/vendor/illuminate/view/Engines/PhpEngine.php(43): include('/var/www/sage.b...')
#4 /var/www/sage.blog/public_html/wp-content/themes/sage.blog/vendor/illuminate/view/Engines/CompilerEngine.php(59): Illuminate\View\Engines\PhpEngine->evaluatePath('/var/www/s

2018-10-09T09:14:05+00:00 CRITICAL Uncaught InvalidArgumentException: View [partials.page-header] not found. in /var/www/sage.blog/public_html/wp-content/themes/sage.blog/vendor/illuminate/view/FileViewFinder.php:137
Stack trace:
#0 /var/www/sage.blog/public_html/wp-content/themes/sage.blog/vendor/illuminate/view/FileViewFinder.php(79): Illuminate\View\FileViewFinder->findInPaths('partials.page-h...', Array)
#1 /var/www/sage.blog/public_html/wp-content/themes/sage.blog/vendor/illuminate/view/Factory.php(128): Illuminate\View\FileViewFinder->find('partials.page-h...')
#2 /var/www/sage.blog/public_html/wp-content/uploads/cache/0ecdf551693bc66478e8ec26e04c8a0d8f6c29c4.php(2): Illuminate\View\Factory->make('partials.page-h...', Array)
#3 /var/www/sage.blog/public_html/wp-content/themes/sage.blog/vendor/illuminate/view/Engines/PhpEngine.php(43): include('/var/www/sage.b...')
#4 /var/www/sage.blog/public_html/wp-content/themes/sage.blog/vendor/illuminate/view/Engines/CompilerEngine.php(59): Illuminate\View\Engines\PhpEngine->evaluatePath('/var/www/s

2018-10-09T09:14:05+00:00 CRITICAL Uncaught InvalidArgumentException: View [partials.page-header] not found. in /var/www/sage.blog/public_html/wp-content/themes/sage.blog/vendor/illuminate/view/FileViewFinder.php:137
Stack trace:
#0 /var/www/sage.blog/public_html/wp-content/themes/sage.blog/vendor/illuminate/view/FileViewFinder.php(79): Illuminate\View\FileViewFinder->findInPaths('partials.page-h...', Array)
#1 /var/www/sage.blog/public_html/wp-content/themes/sage.blog/vendor/illuminate/view/Factory.php(128): Illuminate\View\FileViewFinder->find('partials.page-h...')
#2 /var/www/sage.blog/public_html/wp-content/uploads/cache/0ecdf551693bc66478e8ec26e04c8a0d8f6c29c4.php(2): Illuminate\View\Factory->make('partials.page-h...', Array)
#3 /var/www/sage.blog/public_html/wp-content/themes/sage.blog/vendor/illuminate/view/Engines/PhpEngine.php(43): include('/var/www/sage.b...')
#4 /var/www/sage.blog/public_html/wp-content/themes/sage.blog/vendor/illuminate/view/Engines/CompilerEngine.php(59): Illuminate\View\Engines\PhpEngine->evaluatePath('/var/www/s

2018-10-09T09:14:05+00:00 CRITICAL Uncaught InvalidArgumentException: View [partials.page-header] not found. in /var/www/sage.blog/public_html/wp-content/themes/sage.blog/vendor/illuminate/view/FileViewFinder.php:137
Stack trace:
#0 /var/www/sage.blog/public_html/wp-content/themes/sage.blog/vendor/illuminate/view/FileViewFinder.php(79): Illuminate\View\FileViewFinder->findInPaths('partials.page-h...', Array)
#1 /var/www/sage.blog/public_html/wp-content/themes/sage.blog/vendor/illuminate/view/Factory.php(128): Illuminate\View\FileViewFinder->find('partials.page-h...')
#2 /var/www/sage.blog/public_html/wp-content/uploads/cache/0ecdf551693bc66478e8ec26e04c8a0d8f6c29c4.php(2): Illuminate\View\Factory->make('partials.page-h...', Array)
#3 /var/www/sage.blog/public_html/wp-content/themes/sage.blog/vendor/illuminate/view/Engines/PhpEngine.php(43): include('/var/www/sage.b...')
#4 /var/www/sage.blog/public_html/wp-content/themes/sage.blog/vendor/illuminate/view/Engines/CompilerEngine.php(59): Illuminate\View\Engines\PhpEngine->evaluatePath('/var/www/s

2018-10-09T09:14:06+00:00 CRITICAL Uncaught InvalidArgumentException: View [partials.page-header] not found. in /var/www/sage.blog/public_html/wp-content/themes/sage.blog/vendor/illuminate/view/FileViewFinder.php:137
Stack trace:
#0 /var/www/sage.blog/public_html/wp-content/themes/sage.blog/vendor/illuminate/view/FileViewFinder.php(79): Illuminate\View\FileViewFinder->findInPaths('partials.page-h...', Array)
#1 /var/www/sage.blog/public_html/wp-content/themes/sage.blog/vendor/illuminate/view/Factory.php(128): Illuminate\View\FileViewFinder->find('partials.page-h...')
#2 /var/www/sage.blog/public_html/wp-content/uploads/cache/0ecdf551693bc66478e8ec26e04c8a0d8f6c29c4.php(2): Illuminate\View\Factory->make('partials.page-h...', Array)
#3 /var/www/sage.blog/public_html/wp-content/themes/sage.blog/vendor/illuminate/view/Engines/PhpEngine.php(43): include('/var/www/sage.b...')
#4 /var/www/sage.blog/public_html/wp-content/themes/sage.blog/vendor/illuminate/view/Engines/CompilerEngine.php(59): Illuminate\View\Engines\PhpEngine->evaluatePath('/var/www/s

2018-10-09T09:35:45+00:00 CRITICAL Uncaught InvalidArgumentException: View [partials.page-header] not found. in /var/www/sage.blog/public_html/wp-content/themes/sage.blog/vendor/illuminate/view/FileViewFinder.php:137
Stack trace:
#0 /var/www/sage.blog/public_html/wp-content/themes/sage.blog/vendor/illuminate/view/FileViewFinder.php(79): Illuminate\View\FileViewFinder->findInPaths('partials.page-h...', Array)
#1 /var/www/sage.blog/public_html/wp-content/themes/sage.blog/vendor/illuminate/view/Factory.php(128): Illuminate\View\FileViewFinder->find('partials.page-h...')
#2 /var/www/sage.blog/public_html/wp-content/uploads/cache/0ecdf551693bc66478e8ec26e04c8a0d8f6c29c4.php(2): Illuminate\View\Factory->make('partials.page-h...', Array)
#3 /var/www/sage.blog/public_html/wp-content/themes/sage.blog/vendor/illuminate/view/Engines/PhpEngine.php(43): include('/var/www/sage.b...')
#4 /var/www/sage.blog/public_html/wp-content/themes/sage.blog/vendor/illuminate/view/Engines/CompilerEngine.php(59): Illuminate\View\Engines\PhpEngine->evaluatePath('/var/www/s

2018-10-09T09:35:45+00:00 CRITICAL Uncaught InvalidArgumentException: View [partials.page-header] not found. in /var/www/sage.blog/public_html/wp-content/themes/sage.blog/vendor/illuminate/view/FileViewFinder.php:137
Stack trace:
#0 /var/www/sage.blog/public_html/wp-content/themes/sage.blog/vendor/illuminate/view/FileViewFinder.php(79): Illuminate\View\FileViewFinder->findInPaths('partials.page-h...', Array)
#1 /var/www/sage.blog/public_html/wp-content/themes/sage.blog/vendor/illuminate/view/Factory.php(128): Illuminate\View\FileViewFinder->find('partials.page-h...')
#2 /var/www/sage.blog/public_html/wp-content/uploads/cache/0ecdf551693bc66478e8ec26e04c8a0d8f6c29c4.php(2): Illuminate\View\Factory->make('partials.page-h...', Array)
#3 /var/www/sage.blog/public_html/wp-content/themes/sage.blog/vendor/illuminate/view/Engines/PhpEngine.php(43): include('/var/www/sage.b...')
#4 /var/www/sage.blog/public_html/wp-content/themes/sage.blog/vendor/illuminate/view/Engines/CompilerEngine.php(59): Illuminate\View\Engines\PhpEngine->evaluatePath('/var/www/s

2018-10-09T09:35:46+00:00 CRITICAL Uncaught InvalidArgumentException: View [partials.page-header] not found. in /var/www/sage.blog/public_html/wp-content/themes/sage.blog/vendor/illuminate/view/FileViewFinder.php:137
Stack trace:
#0 /var/www/sage.blog/public_html/wp-content/themes/sage.blog/vendor/illuminate/view/FileViewFinder.php(79): Illuminate\View\FileViewFinder->findInPaths('partials.page-h...', Array)
#1 /var/www/sage.blog/public_html/wp-content/themes/sage.blog/vendor/illuminate/view/Factory.php(128): Illuminate\View\FileViewFinder->find('partials.page-h...')
#2 /var/www/sage.blog/public_html/wp-content/uploads/cache/0ecdf551693bc66478e8ec26e04c8a0d8f6c29c4.php(2): Illuminate\View\Factory->make('partials.page-h...', Array)
#3 /var/www/sage.blog/public_html/wp-content/themes/sage.blog/vendor/illuminate/view/Engines/PhpEngine.php(43): include('/var/www/sage.b...')
#4 /var/www/sage.blog/public_html/wp-content/themes/sage.blog/vendor/illuminate/view/Engines/CompilerEngine.php(59): Illuminate\View\Engines\PhpEngine->evaluatePath('/var/www/s

2018-10-09T09:35:46+00:00 CRITICAL Uncaught InvalidArgumentException: View [partials.page-header] not found. in /var/www/sage.blog/public_html/wp-content/themes/sage.blog/vendor/illuminate/view/FileViewFinder.php:137
Stack trace:
#0 /var/www/sage.blog/public_html/wp-content/themes/sage.blog/vendor/illuminate/view/FileViewFinder.php(79): Illuminate\View\FileViewFinder->findInPaths('partials.page-h...', Array)
#1 /var/www/sage.blog/public_html/wp-content/themes/sage.blog/vendor/illuminate/view/Factory.php(128): Illuminate\View\FileViewFinder->find('partials.page-h...')
#2 /var/www/sage.blog/public_html/wp-content/uploads/cache/0ecdf551693bc66478e8ec26e04c8a0d8f6c29c4.php(2): Illuminate\View\Factory->make('partials.page-h...', Array)
#3 /var/www/sage.blog/public_html/wp-content/themes/sage.blog/vendor/illuminate/view/Engines/PhpEngine.php(43): include('/var/www/sage.b...')
#4 /var/www/sage.blog/public_html/wp-content/themes/sage.blog/vendor/illuminate/view/Engines/CompilerEngine.php(59): Illuminate\View\Engines\PhpEngine->evaluatePath('/var/www/s

2018-10-09T09:35:46+00:00 CRITICAL Uncaught InvalidArgumentException: View [partials.page-header] not found. in /var/www/sage.blog/public_html/wp-content/themes/sage.blog/vendor/illuminate/view/FileViewFinder.php:137
Stack trace:
#0 /var/www/sage.blog/public_html/wp-content/themes/sage.blog/vendor/illuminate/view/FileViewFinder.php(79): Illuminate\View\FileViewFinder->findInPaths('partials.page-h...', Array)
#1 /var/www/sage.blog/public_html/wp-content/themes/sage.blog/vendor/illuminate/view/Factory.php(128): Illuminate\View\FileViewFinder->find('partials.page-h...')
#2 /var/www/sage.blog/public_html/wp-content/uploads/cache/0ecdf551693bc66478e8ec26e04c8a0d8f6c29c4.php(2): Illuminate\View\Factory->make('partials.page-h...', Array)
#3 /var/www/sage.blog/public_html/wp-content/themes/sage.blog/vendor/illuminate/view/Engines/PhpEngine.php(43): include('/var/www/sage.b...')
#4 /var/www/sage.blog/public_html/wp-content/themes/sage.blog/vendor/illuminate/view/Engines/CompilerEngine.php(59): Illuminate\View\Engines\PhpEngine->evaluatePath('/var/www/s

2018-10-09T09:35:46+00:00 CRITICAL Uncaught InvalidArgumentException: View [partials.page-header] not found. in /var/www/sage.blog/public_html/wp-content/themes/sage.blog/vendor/illuminate/view/FileViewFinder.php:137
Stack trace:
#0 /var/www/sage.blog/public_html/wp-content/themes/sage.blog/vendor/illuminate/view/FileViewFinder.php(79): Illuminate\View\FileViewFinder->findInPaths('partials.page-h...', Array)
#1 /var/www/sage.blog/public_html/wp-content/themes/sage.blog/vendor/illuminate/view/Factory.php(128): Illuminate\View\FileViewFinder->find('partials.page-h...')
#2 /var/www/sage.blog/public_html/wp-content/uploads/cache/0ecdf551693bc66478e8ec26e04c8a0d8f6c29c4.php(2): Illuminate\View\Factory->make('partials.page-h...', Array)
#3 /var/www/sage.blog/public_html/wp-content/themes/sage.blog/vendor/illuminate/view/Engines/PhpEngine.php(43): include('/var/www/sage.b...')
#4 /var/www/sage.blog/public_html/wp-content/themes/sage.blog/vendor/illuminate/view/Engines/CompilerEngine.php(59): Illuminate\View\Engines\PhpEngine->evaluatePath('/var/www/s

2018-10-09T09:35:46+00:00 CRITICAL Uncaught InvalidArgumentException: View [partials.page-header] not found. in /var/www/sage.blog/public_html/wp-content/themes/sage.blog/vendor/illuminate/view/FileViewFinder.php:137
Stack trace:
#0 /var/www/sage.blog/public_html/wp-content/themes/sage.blog/vendor/illuminate/view/FileViewFinder.php(79): Illuminate\View\FileViewFinder->findInPaths('partials.page-h...', Array)
#1 /var/www/sage.blog/public_html/wp-content/themes/sage.blog/vendor/illuminate/view/Factory.php(128): Illuminate\View\FileViewFinder->find('partials.page-h...')
#2 /var/www/sage.blog/public_html/wp-content/uploads/cache/0ecdf551693bc66478e8ec26e04c8a0d8f6c29c4.php(2): Illuminate\View\Factory->make('partials.page-h...', Array)
#3 /var/www/sage.blog/public_html/wp-content/themes/sage.blog/vendor/illuminate/view/Engines/PhpEngine.php(43): include('/var/www/sage.b...')
#4 /var/www/sage.blog/public_html/wp-content/themes/sage.blog/vendor/illuminate/view/Engines/CompilerEngine.php(59): Illuminate\View\Engines\PhpEngine->evaluatePath('/var/www/s

2018-10-09T09:35:47+00:00 CRITICAL Uncaught InvalidArgumentException: View [partials.page-header] not found. in /var/www/sage.blog/public_html/wp-content/themes/sage.blog/vendor/illuminate/view/FileViewFinder.php:137
Stack trace:
#0 /var/www/sage.blog/public_html/wp-content/themes/sage.blog/vendor/illuminate/view/FileViewFinder.php(79): Illuminate\View\FileViewFinder->findInPaths('partials.page-h...', Array)
#1 /var/www/sage.blog/public_html/wp-content/themes/sage.blog/vendor/illuminate/view/Factory.php(128): Illuminate\View\FileViewFinder->find('partials.page-h...')
#2 /var/www/sage.blog/public_html/wp-content/uploads/cache/0ecdf551693bc66478e8ec26e04c8a0d8f6c29c4.php(2): Illuminate\View\Factory->make('partials.page-h...', Array)
#3 /var/www/sage.blog/public_html/wp-content/themes/sage.blog/vendor/illuminate/view/Engines/PhpEngine.php(43): include('/var/www/sage.b...')
#4 /var/www/sage.blog/public_html/wp-content/themes/sage.blog/vendor/illuminate/view/Engines/CompilerEngine.php(59): Illuminate\View\Engines\PhpEngine->evaluatePath('/var/www/s

2018-10-09T09:35:47+00:00 CRITICAL Uncaught InvalidArgumentException: View [partials.page-header] not found. in /var/www/sage.blog/public_html/wp-content/themes/sage.blog/vendor/illuminate/view/FileViewFinder.php:137
Stack trace:
#0 /var/www/sage.blog/public_html/wp-content/themes/sage.blog/vendor/illuminate/view/FileViewFinder.php(79): Illuminate\View\FileViewFinder->findInPaths('partials.page-h...', Array)
#1 /var/www/sage.blog/public_html/wp-content/themes/sage.blog/vendor/illuminate/view/Factory.php(128): Illuminate\View\FileViewFinder->find('partials.page-h...')
#2 /var/www/sage.blog/public_html/wp-content/uploads/cache/0ecdf551693bc66478e8ec26e04c8a0d8f6c29c4.php(2): Illuminate\View\Factory->make('partials.page-h...', Array)
#3 /var/www/sage.blog/public_html/wp-content/themes/sage.blog/vendor/illuminate/view/Engines/PhpEngine.php(43): include('/var/www/sage.b...')
#4 /var/www/sage.blog/public_html/wp-content/themes/sage.blog/vendor/illuminate/view/Engines/CompilerEngine.php(59): Illuminate\View\Engines\PhpEngine->evaluatePath('/var/www/s

2018-10-09T09:35:48+00:00 CRITICAL Uncaught InvalidArgumentException: View [partials.page-header] not found. in /var/www/sage.blog/public_html/wp-content/themes/sage.blog/vendor/illuminate/view/FileViewFinder.php:137
Stack trace:
#0 /var/www/sage.blog/public_html/wp-content/themes/sage.blog/vendor/illuminate/view/FileViewFinder.php(79): Illuminate\View\FileViewFinder->findInPaths('partials.page-h...', Array)
#1 /var/www/sage.blog/public_html/wp-content/themes/sage.blog/vendor/illuminate/view/Factory.php(128): Illuminate\View\FileViewFinder->find('partials.page-h...')
#2 /var/www/sage.blog/public_html/wp-content/uploads/cache/0ecdf551693bc66478e8ec26e04c8a0d8f6c29c4.php(2): Illuminate\View\Factory->make('partials.page-h...', Array)
#3 /var/www/sage.blog/public_html/wp-content/themes/sage.blog/vendor/illuminate/view/Engines/PhpEngine.php(43): include('/var/www/sage.b...')
#4 /var/www/sage.blog/public_html/wp-content/themes/sage.blog/vendor/illuminate/view/Engines/CompilerEngine.php(59): Illuminate\View\Engines\PhpEngine->evaluatePath('/var/www/s

2018-10-09T09:35:48+00:00 CRITICAL Uncaught InvalidArgumentException: View [partials.page-header] not found. in /var/www/sage.blog/public_html/wp-content/themes/sage.blog/vendor/illuminate/view/FileViewFinder.php:137
Stack trace:
#0 /var/www/sage.blog/public_html/wp-content/themes/sage.blog/vendor/illuminate/view/FileViewFinder.php(79): Illuminate\View\FileViewFinder->findInPaths('partials.page-h...', Array)
#1 /var/www/sage.blog/public_html/wp-content/themes/sage.blog/vendor/illuminate/view/Factory.php(128): Illuminate\View\FileViewFinder->find('partials.page-h...')
#2 /var/www/sage.blog/public_html/wp-content/uploads/cache/0ecdf551693bc66478e8ec26e04c8a0d8f6c29c4.php(2): Illuminate\View\Factory->make('partials.page-h...', Array)
#3 /var/www/sage.blog/public_html/wp-content/themes/sage.blog/vendor/illuminate/view/Engines/PhpEngine.php(43): include('/var/www/sage.b...')
#4 /var/www/sage.blog/public_html/wp-content/themes/sage.blog/vendor/illuminate/view/Engines/CompilerEngine.php(59): Illuminate\View\Engines\PhpEngine->evaluatePath('/var/www/s

2018-10-09T09:35:48+00:00 CRITICAL Uncaught InvalidArgumentException: View [partials.page-header] not found. in /var/www/sage.blog/public_html/wp-content/themes/sage.blog/vendor/illuminate/view/FileViewFinder.php:137
Stack trace:
#0 /var/www/sage.blog/public_html/wp-content/themes/sage.blog/vendor/illuminate/view/FileViewFinder.php(79): Illuminate\View\FileViewFinder->findInPaths('partials.page-h...', Array)
#1 /var/www/sage.blog/public_html/wp-content/themes/sage.blog/vendor/illuminate/view/Factory.php(128): Illuminate\View\FileViewFinder->find('partials.page-h...')
#2 /var/www/sage.blog/public_html/wp-content/uploads/cache/0ecdf551693bc66478e8ec26e04c8a0d8f6c29c4.php(2): Illuminate\View\Factory->make('partials.page-h...', Array)
#3 /var/www/sage.blog/public_html/wp-content/themes/sage.blog/vendor/illuminate/view/Engines/PhpEngine.php(43): include('/var/www/sage.b...')
#4 /var/www/sage.blog/public_html/wp-content/themes/sage.blog/vendor/illuminate/view/Engines/CompilerEngine.php(59): Illuminate\View\Engines\PhpEngine->evaluatePath('/var/www/s

2018-10-09T09:35:48+00:00 CRITICAL Uncaught InvalidArgumentException: View [partials.page-header] not found. in /var/www/sage.blog/public_html/wp-content/themes/sage.blog/vendor/illuminate/view/FileViewFinder.php:137
Stack trace:
#0 /var/www/sage.blog/public_html/wp-content/themes/sage.blog/vendor/illuminate/view/FileViewFinder.php(79): Illuminate\View\FileViewFinder->findInPaths('partials.page-h...', Array)
#1 /var/www/sage.blog/public_html/wp-content/themes/sage.blog/vendor/illuminate/view/Factory.php(128): Illuminate\View\FileViewFinder->find('partials.page-h...')
#2 /var/www/sage.blog/public_html/wp-content/uploads/cache/0ecdf551693bc66478e8ec26e04c8a0d8f6c29c4.php(2): Illuminate\View\Factory->make('partials.page-h...', Array)
#3 /var/www/sage.blog/public_html/wp-content/themes/sage.blog/vendor/illuminate/view/Engines/PhpEngine.php(43): include('/var/www/sage.b...')
#4 /var/www/sage.blog/public_html/wp-content/themes/sage.blog/vendor/illuminate/view/Engines/CompilerEngine.php(59): Illuminate\View\Engines\PhpEngine->evaluatePath('/var/www/s

2018-10-09T09:35:48+00:00 CRITICAL Uncaught InvalidArgumentException: View [partials.page-header] not found. in /var/www/sage.blog/public_html/wp-content/themes/sage.blog/vendor/illuminate/view/FileViewFinder.php:137
Stack trace:
#0 /var/www/sage.blog/public_html/wp-content/themes/sage.blog/vendor/illuminate/view/FileViewFinder.php(79): Illuminate\View\FileViewFinder->findInPaths('partials.page-h...', Array)
#1 /var/www/sage.blog/public_html/wp-content/themes/sage.blog/vendor/illuminate/view/Factory.php(128): Illuminate\View\FileViewFinder->find('partials.page-h...')
#2 /var/www/sage.blog/public_html/wp-content/uploads/cache/0ecdf551693bc66478e8ec26e04c8a0d8f6c29c4.php(2): Illuminate\View\Factory->make('partials.page-h...', Array)
#3 /var/www/sage.blog/public_html/wp-content/themes/sage.blog/vendor/illuminate/view/Engines/PhpEngine.php(43): include('/var/www/sage.b...')
#4 /var/www/sage.blog/public_html/wp-content/themes/sage.blog/vendor/illuminate/view/Engines/CompilerEngine.php(59): Illuminate\View\Engines\PhpEngine->evaluatePath('/var/www/s

2018-10-09T09:45:04+00:00 CRITICAL Uncaught InvalidArgumentException: View [partials.page-header] not found. in /var/www/sage.blog/public_html/wp-content/themes/sage.blog/vendor/illuminate/view/FileViewFinder.php:137
Stack trace:
#0 /var/www/sage.blog/public_html/wp-content/themes/sage.blog/vendor/illuminate/view/FileViewFinder.php(79): Illuminate\View\FileViewFinder->findInPaths('partials.page-h...', Array)
#1 /var/www/sage.blog/public_html/wp-content/themes/sage.blog/vendor/illuminate/view/Factory.php(128): Illuminate\View\FileViewFinder->find('partials.page-h...')
#2 /var/www/sage.blog/public_html/wp-content/uploads/cache/0ecdf551693bc66478e8ec26e04c8a0d8f6c29c4.php(2): Illuminate\View\Factory->make('partials.page-h...', Array)
#3 /var/www/sage.blog/public_html/wp-content/themes/sage.blog/vendor/illuminate/view/Engines/PhpEngine.php(43): include('/var/www/sage.b...')
#4 /var/www/sage.blog/public_html/wp-content/themes/sage.blog/vendor/illuminate/view/Engines/CompilerEngine.php(59): Illuminate\View\Engines\PhpEngine->evaluatePath('/var/www/s

2018-10-09T09:45:04+00:00 CRITICAL Uncaught InvalidArgumentException: View [partials.page-header] not found. in /var/www/sage.blog/public_html/wp-content/themes/sage.blog/vendor/illuminate/view/FileViewFinder.php:137
Stack trace:
#0 /var/www/sage.blog/public_html/wp-content/themes/sage.blog/vendor/illuminate/view/FileViewFinder.php(79): Illuminate\View\FileViewFinder->findInPaths('partials.page-h...', Array)
#1 /var/www/sage.blog/public_html/wp-content/themes/sage.blog/vendor/illuminate/view/Factory.php(128): Illuminate\View\FileViewFinder->find('partials.page-h...')
#2 /var/www/sage.blog/public_html/wp-content/uploads/cache/0ecdf551693bc66478e8ec26e04c8a0d8f6c29c4.php(2): Illuminate\View\Factory->make('partials.page-h...', Array)
#3 /var/www/sage.blog/public_html/wp-content/themes/sage.blog/vendor/illuminate/view/Engines/PhpEngine.php(43): include('/var/www/sage.b...')
#4 /var/www/sage.blog/public_html/wp-content/themes/sage.blog/vendor/illuminate/view/Engines/CompilerEngine.php(59): Illuminate\View\Engines\PhpEngine->evaluatePath('/var/www/s

2018-10-09T09:45:04+00:00 CRITICAL Uncaught InvalidArgumentException: View [partials.page-header] not found. in /var/www/sage.blog/public_html/wp-content/themes/sage.blog/vendor/illuminate/view/FileViewFinder.php:137
Stack trace:
#0 /var/www/sage.blog/public_html/wp-content/themes/sage.blog/vendor/illuminate/view/FileViewFinder.php(79): Illuminate\View\FileViewFinder->findInPaths('partials.page-h...', Array)
#1 /var/www/sage.blog/public_html/wp-content/themes/sage.blog/vendor/illuminate/view/Factory.php(128): Illuminate\View\FileViewFinder->find('partials.page-h...')
#2 /var/www/sage.blog/public_html/wp-content/uploads/cache/0ecdf551693bc66478e8ec26e04c8a0d8f6c29c4.php(2): Illuminate\View\Factory->make('partials.page-h...', Array)
#3 /var/www/sage.blog/public_html/wp-content/themes/sage.blog/vendor/illuminate/view/Engines/PhpEngine.php(43): include('/var/www/sage.b...')
#4 /var/www/sage.blog/public_html/wp-content/themes/sage.blog/vendor/illuminate/view/Engines/CompilerEngine.php(59): Illuminate\View\Engines\PhpEngine->evaluatePath('/var/www/s

2018-10-09T09:45:04+00:00 CRITICAL Uncaught InvalidArgumentException: View [partials.page-header] not found. in /var/www/sage.blog/public_html/wp-content/themes/sage.blog/vendor/illuminate/view/FileViewFinder.php:137
Stack trace:
#0 /var/www/sage.blog/public_html/wp-content/themes/sage.blog/vendor/illuminate/view/FileViewFinder.php(79): Illuminate\View\FileViewFinder->findInPaths('partials.page-h...', Array)
#1 /var/www/sage.blog/public_html/wp-content/themes/sage.blog/vendor/illuminate/view/Factory.php(128): Illuminate\View\FileViewFinder->find('partials.page-h...')
#2 /var/www/sage.blog/public_html/wp-content/uploads/cache/0ecdf551693bc66478e8ec26e04c8a0d8f6c29c4.php(2): Illuminate\View\Factory->make('partials.page-h...', Array)
#3 /var/www/sage.blog/public_html/wp-content/themes/sage.blog/vendor/illuminate/view/Engines/PhpEngine.php(43): include('/var/www/sage.b...')
#4 /var/www/sage.blog/public_html/wp-content/themes/sage.blog/vendor/illuminate/view/Engines/CompilerEngine.php(59): Illuminate\View\Engines\PhpEngine->evaluatePath('/var/www/s

2018-10-09T09:45:05+00:00 CRITICAL Uncaught InvalidArgumentException: View [partials.page-header] not found. in /var/www/sage.blog/public_html/wp-content/themes/sage.blog/vendor/illuminate/view/FileViewFinder.php:137
Stack trace:
#0 /var/www/sage.blog/public_html/wp-content/themes/sage.blog/vendor/illuminate/view/FileViewFinder.php(79): Illuminate\View\FileViewFinder->findInPaths('partials.page-h...', Array)
#1 /var/www/sage.blog/public_html/wp-content/themes/sage.blog/vendor/illuminate/view/Factory.php(128): Illuminate\View\FileViewFinder->find('partials.page-h...')
#2 /var/www/sage.blog/public_html/wp-content/uploads/cache/0ecdf551693bc66478e8ec26e04c8a0d8f6c29c4.php(2): Illuminate\View\Factory->make('partials.page-h...', Array)
#3 /var/www/sage.blog/public_html/wp-content/themes/sage.blog/vendor/illuminate/view/Engines/PhpEngine.php(43): include('/var/www/sage.b...')
#4 /var/www/sage.blog/public_html/wp-content/themes/sage.blog/vendor/illuminate/view/Engines/CompilerEngine.php(59): Illuminate\View\Engines\PhpEngine->evaluatePath('/var/www/s

2018-10-09T09:45:05+00:00 CRITICAL Uncaught InvalidArgumentException: View [partials.page-header] not found. in /var/www/sage.blog/public_html/wp-content/themes/sage.blog/vendor/illuminate/view/FileViewFinder.php:137
Stack trace:
#0 /var/www/sage.blog/public_html/wp-content/themes/sage.blog/vendor/illuminate/view/FileViewFinder.php(79): Illuminate\View\FileViewFinder->findInPaths('partials.page-h...', Array)
#1 /var/www/sage.blog/public_html/wp-content/themes/sage.blog/vendor/illuminate/view/Factory.php(128): Illuminate\View\FileViewFinder->find('partials.page-h...')
#2 /var/www/sage.blog/public_html/wp-content/uploads/cache/0ecdf551693bc66478e8ec26e04c8a0d8f6c29c4.php(2): Illuminate\View\Factory->make('partials.page-h...', Array)
#3 /var/www/sage.blog/public_html/wp-content/themes/sage.blog/vendor/illuminate/view/Engines/PhpEngine.php(43): include('/var/www/sage.b...')
#4 /var/www/sage.blog/public_html/wp-content/themes/sage.blog/vendor/illuminate/view/Engines/CompilerEngine.php(59): Illuminate\View\Engines\PhpEngine->evaluatePath('/var/www/s

2018-10-09T09:45:05+00:00 CRITICAL Uncaught InvalidArgumentException: View [partials.page-header] not found. in /var/www/sage.blog/public_html/wp-content/themes/sage.blog/vendor/illuminate/view/FileViewFinder.php:137
Stack trace:
#0 /var/www/sage.blog/public_html/wp-content/themes/sage.blog/vendor/illuminate/view/FileViewFinder.php(79): Illuminate\View\FileViewFinder->findInPaths('partials.page-h...', Array)
#1 /var/www/sage.blog/public_html/wp-content/themes/sage.blog/vendor/illuminate/view/Factory.php(128): Illuminate\View\FileViewFinder->find('partials.page-h...')
#2 /var/www/sage.blog/public_html/wp-content/uploads/cache/0ecdf551693bc66478e8ec26e04c8a0d8f6c29c4.php(2): Illuminate\View\Factory->make('partials.page-h...', Array)
#3 /var/www/sage.blog/public_html/wp-content/themes/sage.blog/vendor/illuminate/view/Engines/PhpEngine.php(43): include('/var/www/sage.b...')
#4 /var/www/sage.blog/public_html/wp-content/themes/sage.blog/vendor/illuminate/view/Engines/CompilerEngine.php(59): Illuminate\View\Engines\PhpEngine->evaluatePath('/var/www/s

2018-10-09T10:46:22+00:00 CRITICAL Uncaught Symfony\Component\Debug\Exception\FatalThrowableError: syntax error, unexpected 'echo' (T_ECHO) in /var/www/sage.blog/public_html/wp-content/uploads/cache/36576dbe70514d449ab2832ba51427bd56d183c3.php:21
Stack trace:
#0 /var/www/sage.blog/public_html/wp-content/themes/sage.blog/vendor/illuminate/view/Engines/CompilerEngine.php(59): Illuminate\View\Engines\PhpEngine->evaluatePath('/var/www/sage.b...', Array)
#1 /var/www/sage.blog/public_html/wp-content/themes/sage.blog/vendor/illuminate/view/View.php(142): Illuminate\View\Engines\CompilerEngine->get('/var/www/sage.b...', Array)
#2 /var/www/sage.blog/public_html/wp-content/themes/sage.blog/vendor/illuminate/view/View.php(125): Illuminate\View\View->getContents()
#3 /var/www/sage.blog/public_html/wp-content/themes/sage.blog/vendor/illuminate/view/View.php(90): Illuminate\View\View->renderContents()
#4 /var/www/sage.blog/public_html/wp-content/uploads/cache/e1df12b3fce312424c1d83315077f26084fd8e04.php(3): Illuminate\View\View->render()
#5 /var/www/sage.bl

