2018-10-12T11:07:01+00:00 CRITICAL Uncaught InvalidArgumentException: View [partials.page-header] not found. in /var/www/sage.blog/public_html/wp-content/themes/sage.blog/vendor/illuminate/view/FileViewFinder.php:137
Stack trace:
#0 /var/www/sage.blog/public_html/wp-content/themes/sage.blog/vendor/illuminate/view/FileViewFinder.php(79): Illuminate\View\FileViewFinder->findInPaths('partials.page-h...', Array)
#1 /var/www/sage.blog/public_html/wp-content/themes/sage.blog/vendor/illuminate/view/Factory.php(128): Illuminate\View\FileViewFinder->find('partials.page-h...')
#2 /var/www/sage.blog/public_html/wp-content/uploads/cache/0ecdf551693bc66478e8ec26e04c8a0d8f6c29c4.php(2): Illuminate\View\Factory->make('partials.page-h...', Array)
#3 /var/www/sage.blog/public_html/wp-content/themes/sage.blog/vendor/illuminate/view/Engines/PhpEngine.php(43): include('/var/www/sage.b...')
#4 /var/www/sage.blog/public_html/wp-content/themes/sage.blog/vendor/illuminate/view/Engines/CompilerEngine.php(59): Illuminate\View\Engines\PhpEngine->evaluatePath('/var/www/s

2018-10-12T11:07:01+00:00 CRITICAL Uncaught InvalidArgumentException: View [partials.page-header] not found. in /var/www/sage.blog/public_html/wp-content/themes/sage.blog/vendor/illuminate/view/FileViewFinder.php:137
Stack trace:
#0 /var/www/sage.blog/public_html/wp-content/themes/sage.blog/vendor/illuminate/view/FileViewFinder.php(79): Illuminate\View\FileViewFinder->findInPaths('partials.page-h...', Array)
#1 /var/www/sage.blog/public_html/wp-content/themes/sage.blog/vendor/illuminate/view/Factory.php(128): Illuminate\View\FileViewFinder->find('partials.page-h...')
#2 /var/www/sage.blog/public_html/wp-content/uploads/cache/0ecdf551693bc66478e8ec26e04c8a0d8f6c29c4.php(2): Illuminate\View\Factory->make('partials.page-h...', Array)
#3 /var/www/sage.blog/public_html/wp-content/themes/sage.blog/vendor/illuminate/view/Engines/PhpEngine.php(43): include('/var/www/sage.b...')
#4 /var/www/sage.blog/public_html/wp-content/themes/sage.blog/vendor/illuminate/view/Engines/CompilerEngine.php(59): Illuminate\View\Engines\PhpEngine->evaluatePath('/var/www/s

2018-10-12T11:07:01+00:00 CRITICAL Uncaught InvalidArgumentException: View [partials.page-header] not found. in /var/www/sage.blog/public_html/wp-content/themes/sage.blog/vendor/illuminate/view/FileViewFinder.php:137
Stack trace:
#0 /var/www/sage.blog/public_html/wp-content/themes/sage.blog/vendor/illuminate/view/FileViewFinder.php(79): Illuminate\View\FileViewFinder->findInPaths('partials.page-h...', Array)
#1 /var/www/sage.blog/public_html/wp-content/themes/sage.blog/vendor/illuminate/view/Factory.php(128): Illuminate\View\FileViewFinder->find('partials.page-h...')
#2 /var/www/sage.blog/public_html/wp-content/uploads/cache/0ecdf551693bc66478e8ec26e04c8a0d8f6c29c4.php(2): Illuminate\View\Factory->make('partials.page-h...', Array)
#3 /var/www/sage.blog/public_html/wp-content/themes/sage.blog/vendor/illuminate/view/Engines/PhpEngine.php(43): include('/var/www/sage.b...')
#4 /var/www/sage.blog/public_html/wp-content/themes/sage.blog/vendor/illuminate/view/Engines/CompilerEngine.php(59): Illuminate\View\Engines\PhpEngine->evaluatePath('/var/www/s

2018-10-12T11:07:14+00:00 CRITICAL Uncaught InvalidArgumentException: View [partials.page-header] not found. in /var/www/sage.blog/public_html/wp-content/themes/sage.blog/vendor/illuminate/view/FileViewFinder.php:137
Stack trace:
#0 /var/www/sage.blog/public_html/wp-content/themes/sage.blog/vendor/illuminate/view/FileViewFinder.php(79): Illuminate\View\FileViewFinder->findInPaths('partials.page-h...', Array)
#1 /var/www/sage.blog/public_html/wp-content/themes/sage.blog/vendor/illuminate/view/Factory.php(128): Illuminate\View\FileViewFinder->find('partials.page-h...')
#2 /var/www/sage.blog/public_html/wp-content/uploads/cache/0ecdf551693bc66478e8ec26e04c8a0d8f6c29c4.php(2): Illuminate\View\Factory->make('partials.page-h...', Array)
#3 /var/www/sage.blog/public_html/wp-content/themes/sage.blog/vendor/illuminate/view/Engines/PhpEngine.php(43): include('/var/www/sage.b...')
#4 /var/www/sage.blog/public_html/wp-content/themes/sage.blog/vendor/illuminate/view/Engines/CompilerEngine.php(59): Illuminate\View\Engines\PhpEngine->evaluatePath('/var/www/s

2018-10-12T11:07:14+00:00 CRITICAL Uncaught InvalidArgumentException: View [partials.page-header] not found. in /var/www/sage.blog/public_html/wp-content/themes/sage.blog/vendor/illuminate/view/FileViewFinder.php:137
Stack trace:
#0 /var/www/sage.blog/public_html/wp-content/themes/sage.blog/vendor/illuminate/view/FileViewFinder.php(79): Illuminate\View\FileViewFinder->findInPaths('partials.page-h...', Array)
#1 /var/www/sage.blog/public_html/wp-content/themes/sage.blog/vendor/illuminate/view/Factory.php(128): Illuminate\View\FileViewFinder->find('partials.page-h...')
#2 /var/www/sage.blog/public_html/wp-content/uploads/cache/0ecdf551693bc66478e8ec26e04c8a0d8f6c29c4.php(2): Illuminate\View\Factory->make('partials.page-h...', Array)
#3 /var/www/sage.blog/public_html/wp-content/themes/sage.blog/vendor/illuminate/view/Engines/PhpEngine.php(43): include('/var/www/sage.b...')
#4 /var/www/sage.blog/public_html/wp-content/themes/sage.blog/vendor/illuminate/view/Engines/CompilerEngine.php(59): Illuminate\View\Engines\PhpEngine->evaluatePath('/var/www/s

2018-10-12T11:07:14+00:00 CRITICAL Uncaught InvalidArgumentException: View [partials.page-header] not found. in /var/www/sage.blog/public_html/wp-content/themes/sage.blog/vendor/illuminate/view/FileViewFinder.php:137
Stack trace:
#0 /var/www/sage.blog/public_html/wp-content/themes/sage.blog/vendor/illuminate/view/FileViewFinder.php(79): Illuminate\View\FileViewFinder->findInPaths('partials.page-h...', Array)
#1 /var/www/sage.blog/public_html/wp-content/themes/sage.blog/vendor/illuminate/view/Factory.php(128): Illuminate\View\FileViewFinder->find('partials.page-h...')
#2 /var/www/sage.blog/public_html/wp-content/uploads/cache/0ecdf551693bc66478e8ec26e04c8a0d8f6c29c4.php(2): Illuminate\View\Factory->make('partials.page-h...', Array)
#3 /var/www/sage.blog/public_html/wp-content/themes/sage.blog/vendor/illuminate/view/Engines/PhpEngine.php(43): include('/var/www/sage.b...')
#4 /var/www/sage.blog/public_html/wp-content/themes/sage.blog/vendor/illuminate/view/Engines/CompilerEngine.php(59): Illuminate\View\Engines\PhpEngine->evaluatePath('/var/www/s

2018-10-12T11:42:43+00:00 CRITICAL Uncaught Symfony\Component\Debug\Exception\FatalThrowableError: Call to a member function get_id() on null in /var/www/sage.blog/public_html/wp-content/themes/sage.blog/resources/functions.php:435
Stack trace:
#0 /var/www/sage.blog/public_html/wp-includes/class-wp-hook.php(286): woocommerce_template_single_meta('')
#1 /var/www/sage.blog/public_html/wp-includes/class-wp-hook.php(310): WP_Hook->apply_filters(NULL, Array)
#2 /var/www/sage.blog/public_html/wp-includes/plugin.php(453): WP_Hook->do_action(Array)
#3 /var/www/sage.blog/public_html/wp-content/uploads/cache/36576dbe70514d449ab2832ba51427bd56d183c3.php(25): do_action('woocommerce_sin...')
#4 /var/www/sage.blog/public_html/wp-content/themes/sage.blog/vendor/illuminate/view/Engines/PhpEngine.php(43): include('/var/www/sage.b...')
#5 /var/www/sage.blog/public_html/wp-content/themes/sage.blog/vendor/illuminate/view/Engines/CompilerEngine.php(59): Illuminate\View\Engines\PhpEngine->evaluatePath('/var/www/sage.b...', Array)
#6 /var/www/sage.blog/public_html/w

2018-10-12T11:43:19+00:00 CRITICAL Uncaught Symfony\Component\Debug\Exception\FatalThrowableError: Call to a member function get_id() on null in /var/www/sage.blog/public_html/wp-content/themes/sage.blog/resources/functions.php:435
Stack trace:
#0 /var/www/sage.blog/public_html/wp-includes/class-wp-hook.php(286): woocommerce_template_single_meta('')
#1 /var/www/sage.blog/public_html/wp-includes/class-wp-hook.php(310): WP_Hook->apply_filters(NULL, Array)
#2 /var/www/sage.blog/public_html/wp-includes/plugin.php(453): WP_Hook->do_action(Array)
#3 /var/www/sage.blog/public_html/wp-content/uploads/cache/36576dbe70514d449ab2832ba51427bd56d183c3.php(25): do_action('woocommerce_sin...')
#4 /var/www/sage.blog/public_html/wp-content/themes/sage.blog/vendor/illuminate/view/Engines/PhpEngine.php(43): include('/var/www/sage.b...')
#5 /var/www/sage.blog/public_html/wp-content/themes/sage.blog/vendor/illuminate/view/Engines/CompilerEngine.php(59): Illuminate\View\Engines\PhpEngine->evaluatePath('/var/www/sage.b...', Array)
#6 /var/www/sage.blog/public_html/w

2018-10-12T11:45:03+00:00 CRITICAL Uncaught Symfony\Component\Debug\Exception\FatalThrowableError: Call to a member function get_id() on null in /var/www/sage.blog/public_html/wp-content/themes/sage.blog/resources/functions.php:435
Stack trace:
#0 /var/www/sage.blog/public_html/wp-includes/class-wp-hook.php(286): woocommerce_template_single_meta('')
#1 /var/www/sage.blog/public_html/wp-includes/class-wp-hook.php(310): WP_Hook->apply_filters(NULL, Array)
#2 /var/www/sage.blog/public_html/wp-includes/plugin.php(453): WP_Hook->do_action(Array)
#3 /var/www/sage.blog/public_html/wp-content/uploads/cache/36576dbe70514d449ab2832ba51427bd56d183c3.php(25): do_action('woocommerce_sin...')
#4 /var/www/sage.blog/public_html/wp-content/themes/sage.blog/vendor/illuminate/view/Engines/PhpEngine.php(43): include('/var/www/sage.b...')
#5 /var/www/sage.blog/public_html/wp-content/themes/sage.blog/vendor/illuminate/view/Engines/CompilerEngine.php(59): Illuminate\View\Engines\PhpEngine->evaluatePath('/var/www/sage.b...', Array)
#6 /var/www/sage.blog/public_html/w

2018-10-12T11:45:04+00:00 CRITICAL Uncaught Symfony\Component\Debug\Exception\FatalThrowableError: Call to a member function get_id() on null in /var/www/sage.blog/public_html/wp-content/themes/sage.blog/resources/functions.php:435
Stack trace:
#0 /var/www/sage.blog/public_html/wp-includes/class-wp-hook.php(286): woocommerce_template_single_meta('')
#1 /var/www/sage.blog/public_html/wp-includes/class-wp-hook.php(310): WP_Hook->apply_filters(NULL, Array)
#2 /var/www/sage.blog/public_html/wp-includes/plugin.php(453): WP_Hook->do_action(Array)
#3 /var/www/sage.blog/public_html/wp-content/uploads/cache/36576dbe70514d449ab2832ba51427bd56d183c3.php(25): do_action('woocommerce_sin...')
#4 /var/www/sage.blog/public_html/wp-content/themes/sage.blog/vendor/illuminate/view/Engines/PhpEngine.php(43): include('/var/www/sage.b...')
#5 /var/www/sage.blog/public_html/wp-content/themes/sage.blog/vendor/illuminate/view/Engines/CompilerEngine.php(59): Illuminate\View\Engines\PhpEngine->evaluatePath('/var/www/sage.b...', Array)
#6 /var/www/sage.blog/public_html/w

2018-10-12T11:46:29+00:00 CRITICAL Uncaught Symfony\Component\Debug\Exception\FatalThrowableError: Call to a member function get_id() on null in /var/www/sage.blog/public_html/wp-content/themes/sage.blog/resources/functions.php:435
Stack trace:
#0 /var/www/sage.blog/public_html/wp-includes/class-wp-hook.php(286): woocommerce_template_single_meta('')
#1 /var/www/sage.blog/public_html/wp-includes/class-wp-hook.php(310): WP_Hook->apply_filters(NULL, Array)
#2 /var/www/sage.blog/public_html/wp-includes/plugin.php(453): WP_Hook->do_action(Array)
#3 /var/www/sage.blog/public_html/wp-content/uploads/cache/36576dbe70514d449ab2832ba51427bd56d183c3.php(25): do_action('woocommerce_sin...')
#4 /var/www/sage.blog/public_html/wp-content/themes/sage.blog/vendor/illuminate/view/Engines/PhpEngine.php(43): include('/var/www/sage.b...')
#5 /var/www/sage.blog/public_html/wp-content/themes/sage.blog/vendor/illuminate/view/Engines/CompilerEngine.php(59): Illuminate\View\Engines\PhpEngine->evaluatePath('/var/www/sage.b...', Array)
#6 /var/www/sage.blog/public_html/w

2018-10-12T11:47:14+00:00 CRITICAL Uncaught Symfony\Component\Debug\Exception\FatalThrowableError: Call to undefined function vardump() in /var/www/sage.blog/public_html/wp-content/themes/sage.blog/resources/functions.php:435
Stack trace:
#0 /var/www/sage.blog/public_html/wp-includes/class-wp-hook.php(286): woocommerce_template_single_meta('')
#1 /var/www/sage.blog/public_html/wp-includes/class-wp-hook.php(310): WP_Hook->apply_filters(NULL, Array)
#2 /var/www/sage.blog/public_html/wp-includes/plugin.php(453): WP_Hook->do_action(Array)
#3 /var/www/sage.blog/public_html/wp-content/uploads/cache/36576dbe70514d449ab2832ba51427bd56d183c3.php(25): do_action('woocommerce_sin...')
#4 /var/www/sage.blog/public_html/wp-content/themes/sage.blog/vendor/illuminate/view/Engines/PhpEngine.php(43): include('/var/www/sage.b...')
#5 /var/www/sage.blog/public_html/wp-content/themes/sage.blog/vendor/illuminate/view/Engines/CompilerEngine.php(59): Illuminate\View\Engines\PhpEngine->evaluatePath('/var/www/sage.b...', Array)
#6 /var/www/sage.blog/public_html/wp-cont

2018-10-12T11:47:29+00:00 CRITICAL Uncaught Symfony\Component\Debug\Exception\FatalThrowableError: Call to a member function get_id() on null in /var/www/sage.blog/public_html/wp-content/themes/sage.blog/resources/functions.php:436
Stack trace:
#0 /var/www/sage.blog/public_html/wp-includes/class-wp-hook.php(286): woocommerce_template_single_meta('')
#1 /var/www/sage.blog/public_html/wp-includes/class-wp-hook.php(310): WP_Hook->apply_filters(NULL, Array)
#2 /var/www/sage.blog/public_html/wp-includes/plugin.php(453): WP_Hook->do_action(Array)
#3 /var/www/sage.blog/public_html/wp-content/uploads/cache/36576dbe70514d449ab2832ba51427bd56d183c3.php(25): do_action('woocommerce_sin...')
#4 /var/www/sage.blog/public_html/wp-content/themes/sage.blog/vendor/illuminate/view/Engines/PhpEngine.php(43): include('/var/www/sage.b...')
#5 /var/www/sage.blog/public_html/wp-content/themes/sage.blog/vendor/illuminate/view/Engines/CompilerEngine.php(59): Illuminate\View\Engines\PhpEngine->evaluatePath('/var/www/sage.b...', Array)
#6 /var/www/sage.blog/public_html/w

2018-10-12T11:47:31+00:00 CRITICAL Uncaught Symfony\Component\Debug\Exception\FatalThrowableError: Call to a member function get_id() on null in /var/www/sage.blog/public_html/wp-content/themes/sage.blog/resources/functions.php:436
Stack trace:
#0 /var/www/sage.blog/public_html/wp-includes/class-wp-hook.php(286): woocommerce_template_single_meta('')
#1 /var/www/sage.blog/public_html/wp-includes/class-wp-hook.php(310): WP_Hook->apply_filters(NULL, Array)
#2 /var/www/sage.blog/public_html/wp-includes/plugin.php(453): WP_Hook->do_action(Array)
#3 /var/www/sage.blog/public_html/wp-content/uploads/cache/36576dbe70514d449ab2832ba51427bd56d183c3.php(25): do_action('woocommerce_sin...')
#4 /var/www/sage.blog/public_html/wp-content/themes/sage.blog/vendor/illuminate/view/Engines/PhpEngine.php(43): include('/var/www/sage.b...')
#5 /var/www/sage.blog/public_html/wp-content/themes/sage.blog/vendor/illuminate/view/Engines/CompilerEngine.php(59): Illuminate\View\Engines\PhpEngine->evaluatePath('/var/www/sage.b...', Array)
#6 /var/www/sage.blog/public_html/w

2018-10-12T11:48:42+00:00 CRITICAL Uncaught Symfony\Component\Debug\Exception\FatalThrowableError: Call to a member function get_id() on null in /var/www/sage.blog/public_html/wp-content/themes/sage.blog/resources/functions.php:437
Stack trace:
#0 /var/www/sage.blog/public_html/wp-includes/class-wp-hook.php(286): woocommerce_template_single_meta('')
#1 /var/www/sage.blog/public_html/wp-includes/class-wp-hook.php(310): WP_Hook->apply_filters(NULL, Array)
#2 /var/www/sage.blog/public_html/wp-includes/plugin.php(453): WP_Hook->do_action(Array)
#3 /var/www/sage.blog/public_html/wp-content/uploads/cache/36576dbe70514d449ab2832ba51427bd56d183c3.php(25): do_action('woocommerce_sin...')
#4 /var/www/sage.blog/public_html/wp-content/themes/sage.blog/vendor/illuminate/view/Engines/PhpEngine.php(43): include('/var/www/sage.b...')
#5 /var/www/sage.blog/public_html/wp-content/themes/sage.blog/vendor/illuminate/view/Engines/CompilerEngine.php(59): Illuminate\View\Engines\PhpEngine->evaluatePath('/var/www/sage.b...', Array)
#6 /var/www/sage.blog/public_html/w

2018-10-12T11:51:14+00:00 CRITICAL Uncaught Symfony\Component\Debug\Exception\FatalThrowableError: Call to a member function get_id() on null in /var/www/sage.blog/public_html/wp-content/themes/sage.blog/resources/functions.php:437
Stack trace:
#0 /var/www/sage.blog/public_html/wp-includes/class-wp-hook.php(286): woocommerce_template_single_meta('')
#1 /var/www/sage.blog/public_html/wp-includes/class-wp-hook.php(310): WP_Hook->apply_filters(NULL, Array)
#2 /var/www/sage.blog/public_html/wp-includes/plugin.php(453): WP_Hook->do_action(Array)
#3 /var/www/sage.blog/public_html/wp-content/uploads/cache/36576dbe70514d449ab2832ba51427bd56d183c3.php(25): do_action('woocommerce_sin...')
#4 /var/www/sage.blog/public_html/wp-content/themes/sage.blog/vendor/illuminate/view/Engines/PhpEngine.php(43): include('/var/www/sage.b...')
#5 /var/www/sage.blog/public_html/wp-content/themes/sage.blog/vendor/illuminate/view/Engines/CompilerEngine.php(59): Illuminate\View\Engines\PhpEngine->evaluatePath('/var/www/sage.b...', Array)
#6 /var/www/sage.blog/public_html/w

2018-10-12T11:51:27+00:00 CRITICAL Uncaught Symfony\Component\Debug\Exception\FatalThrowableError: Call to a member function get_id() on null in /var/www/sage.blog/public_html/wp-content/themes/sage.blog/resources/functions.php:437
Stack trace:
#0 /var/www/sage.blog/public_html/wp-includes/class-wp-hook.php(286): woocommerce_template_single_meta('')
#1 /var/www/sage.blog/public_html/wp-includes/class-wp-hook.php(310): WP_Hook->apply_filters(NULL, Array)
#2 /var/www/sage.blog/public_html/wp-includes/plugin.php(453): WP_Hook->do_action(Array)
#3 /var/www/sage.blog/public_html/wp-content/uploads/cache/36576dbe70514d449ab2832ba51427bd56d183c3.php(25): do_action('woocommerce_sin...')
#4 /var/www/sage.blog/public_html/wp-content/themes/sage.blog/vendor/illuminate/view/Engines/PhpEngine.php(43): include('/var/www/sage.b...')
#5 /var/www/sage.blog/public_html/wp-content/themes/sage.blog/vendor/illuminate/view/Engines/CompilerEngine.php(59): Illuminate\View\Engines\PhpEngine->evaluatePath('/var/www/sage.b...', Array)
#6 /var/www/sage.blog/public_html/w

2018-10-12T11:52:58+00:00 CRITICAL Uncaught Symfony\Component\Debug\Exception\FatalThrowableError: Call to a member function get_id() on null in /var/www/sage.blog/public_html/wp-content/themes/sage.blog/resources/functions.php:438
Stack trace:
#0 /var/www/sage.blog/public_html/wp-includes/class-wp-hook.php(286): woocommerce_template_single_meta('')
#1 /var/www/sage.blog/public_html/wp-includes/class-wp-hook.php(310): WP_Hook->apply_filters(NULL, Array)
#2 /var/www/sage.blog/public_html/wp-includes/plugin.php(453): WP_Hook->do_action(Array)
#3 /var/www/sage.blog/public_html/wp-content/uploads/cache/36576dbe70514d449ab2832ba51427bd56d183c3.php(25): do_action('woocommerce_sin...')
#4 /var/www/sage.blog/public_html/wp-content/themes/sage.blog/vendor/illuminate/view/Engines/PhpEngine.php(43): include('/var/www/sage.b...')
#5 /var/www/sage.blog/public_html/wp-content/themes/sage.blog/vendor/illuminate/view/Engines/CompilerEngine.php(59): Illuminate\View\Engines\PhpEngine->evaluatePath('/var/www/sage.b...', Array)
#6 /var/www/sage.blog/public_html/w

2018-10-12T12:38:07+00:00 CRITICAL Uncaught InvalidArgumentException: View [partials.page-header] not found. in /var/www/sage.blog/public_html/wp-content/themes/sage.blog/vendor/illuminate/view/FileViewFinder.php:137
Stack trace:
#0 /var/www/sage.blog/public_html/wp-content/themes/sage.blog/vendor/illuminate/view/FileViewFinder.php(79): Illuminate\View\FileViewFinder->findInPaths('partials.page-h...', Array)
#1 /var/www/sage.blog/public_html/wp-content/themes/sage.blog/vendor/illuminate/view/Factory.php(128): Illuminate\View\FileViewFinder->find('partials.page-h...')
#2 /var/www/sage.blog/public_html/wp-content/uploads/cache/0ecdf551693bc66478e8ec26e04c8a0d8f6c29c4.php(2): Illuminate\View\Factory->make('partials.page-h...', Array)
#3 /var/www/sage.blog/public_html/wp-content/themes/sage.blog/vendor/illuminate/view/Engines/PhpEngine.php(43): include('/var/www/sage.b...')
#4 /var/www/sage.blog/public_html/wp-content/themes/sage.blog/vendor/illuminate/view/Engines/CompilerEngine.php(59): Illuminate\View\Engines\PhpEngine->evaluatePath('/var/www/s

2018-10-12T12:38:14+00:00 CRITICAL Uncaught InvalidArgumentException: View [partials.page-header] not found. in /var/www/sage.blog/public_html/wp-content/themes/sage.blog/vendor/illuminate/view/FileViewFinder.php:137
Stack trace:
#0 /var/www/sage.blog/public_html/wp-content/themes/sage.blog/vendor/illuminate/view/FileViewFinder.php(79): Illuminate\View\FileViewFinder->findInPaths('partials.page-h...', Array)
#1 /var/www/sage.blog/public_html/wp-content/themes/sage.blog/vendor/illuminate/view/Factory.php(128): Illuminate\View\FileViewFinder->find('partials.page-h...')
#2 /var/www/sage.blog/public_html/wp-content/uploads/cache/0ecdf551693bc66478e8ec26e04c8a0d8f6c29c4.php(2): Illuminate\View\Factory->make('partials.page-h...', Array)
#3 /var/www/sage.blog/public_html/wp-content/themes/sage.blog/vendor/illuminate/view/Engines/PhpEngine.php(43): include('/var/www/sage.b...')
#4 /var/www/sage.blog/public_html/wp-content/themes/sage.blog/vendor/illuminate/view/Engines/CompilerEngine.php(59): Illuminate\View\Engines\PhpEngine->evaluatePath('/var/www/s

2018-10-12T12:39:41+00:00 CRITICAL Uncaught InvalidArgumentException: View [partials.page-header] not found. in /var/www/sage.blog/public_html/wp-content/themes/sage.blog/vendor/illuminate/view/FileViewFinder.php:137
Stack trace:
#0 /var/www/sage.blog/public_html/wp-content/themes/sage.blog/vendor/illuminate/view/FileViewFinder.php(79): Illuminate\View\FileViewFinder->findInPaths('partials.page-h...', Array)
#1 /var/www/sage.blog/public_html/wp-content/themes/sage.blog/vendor/illuminate/view/Factory.php(128): Illuminate\View\FileViewFinder->find('partials.page-h...')
#2 /var/www/sage.blog/public_html/wp-content/uploads/cache/0ecdf551693bc66478e8ec26e04c8a0d8f6c29c4.php(2): Illuminate\View\Factory->make('partials.page-h...', Array)
#3 /var/www/sage.blog/public_html/wp-content/themes/sage.blog/vendor/illuminate/view/Engines/PhpEngine.php(43): include('/var/www/sage.b...')
#4 /var/www/sage.blog/public_html/wp-content/themes/sage.blog/vendor/illuminate/view/Engines/CompilerEngine.php(59): Illuminate\View\Engines\PhpEngine->evaluatePath('/var/www/s

2018-10-12T12:40:04+00:00 CRITICAL Uncaught InvalidArgumentException: View [partials.page-header] not found. in /var/www/sage.blog/public_html/wp-content/themes/sage.blog/vendor/illuminate/view/FileViewFinder.php:137
Stack trace:
#0 /var/www/sage.blog/public_html/wp-content/themes/sage.blog/vendor/illuminate/view/FileViewFinder.php(79): Illuminate\View\FileViewFinder->findInPaths('partials.page-h...', Array)
#1 /var/www/sage.blog/public_html/wp-content/themes/sage.blog/vendor/illuminate/view/Factory.php(128): Illuminate\View\FileViewFinder->find('partials.page-h...')
#2 /var/www/sage.blog/public_html/wp-content/uploads/cache/0ecdf551693bc66478e8ec26e04c8a0d8f6c29c4.php(2): Illuminate\View\Factory->make('partials.page-h...', Array)
#3 /var/www/sage.blog/public_html/wp-content/themes/sage.blog/vendor/illuminate/view/Engines/PhpEngine.php(43): include('/var/www/sage.b...')
#4 /var/www/sage.blog/public_html/wp-content/themes/sage.blog/vendor/illuminate/view/Engines/CompilerEngine.php(59): Illuminate\View\Engines\PhpEngine->evaluatePath('/var/www/s

2018-10-12T12:55:10+00:00 CRITICAL Uncaught InvalidArgumentException: View [partials.page-header] not found. in /var/www/sage.blog/public_html/wp-content/themes/sage.blog/vendor/illuminate/view/FileViewFinder.php:137
Stack trace:
#0 /var/www/sage.blog/public_html/wp-content/themes/sage.blog/vendor/illuminate/view/FileViewFinder.php(79): Illuminate\View\FileViewFinder->findInPaths('partials.page-h...', Array)
#1 /var/www/sage.blog/public_html/wp-content/themes/sage.blog/vendor/illuminate/view/Factory.php(128): Illuminate\View\FileViewFinder->find('partials.page-h...')
#2 /var/www/sage.blog/public_html/wp-content/uploads/cache/0ecdf551693bc66478e8ec26e04c8a0d8f6c29c4.php(2): Illuminate\View\Factory->make('partials.page-h...', Array)
#3 /var/www/sage.blog/public_html/wp-content/themes/sage.blog/vendor/illuminate/view/Engines/PhpEngine.php(43): include('/var/www/sage.b...')
#4 /var/www/sage.blog/public_html/wp-content/themes/sage.blog/vendor/illuminate/view/Engines/CompilerEngine.php(59): Illuminate\View\Engines\PhpEngine->evaluatePath('/var/www/s

2018-10-12T12:55:10+00:00 CRITICAL Uncaught InvalidArgumentException: View [partials.page-header] not found. in /var/www/sage.blog/public_html/wp-content/themes/sage.blog/vendor/illuminate/view/FileViewFinder.php:137
Stack trace:
#0 /var/www/sage.blog/public_html/wp-content/themes/sage.blog/vendor/illuminate/view/FileViewFinder.php(79): Illuminate\View\FileViewFinder->findInPaths('partials.page-h...', Array)
#1 /var/www/sage.blog/public_html/wp-content/themes/sage.blog/vendor/illuminate/view/Factory.php(128): Illuminate\View\FileViewFinder->find('partials.page-h...')
#2 /var/www/sage.blog/public_html/wp-content/uploads/cache/0ecdf551693bc66478e8ec26e04c8a0d8f6c29c4.php(2): Illuminate\View\Factory->make('partials.page-h...', Array)
#3 /var/www/sage.blog/public_html/wp-content/themes/sage.blog/vendor/illuminate/view/Engines/PhpEngine.php(43): include('/var/www/sage.b...')
#4 /var/www/sage.blog/public_html/wp-content/themes/sage.blog/vendor/illuminate/view/Engines/CompilerEngine.php(59): Illuminate\View\Engines\PhpEngine->evaluatePath('/var/www/s

2018-10-12T12:55:10+00:00 CRITICAL Uncaught InvalidArgumentException: View [partials.page-header] not found. in /var/www/sage.blog/public_html/wp-content/themes/sage.blog/vendor/illuminate/view/FileViewFinder.php:137
Stack trace:
#0 /var/www/sage.blog/public_html/wp-content/themes/sage.blog/vendor/illuminate/view/FileViewFinder.php(79): Illuminate\View\FileViewFinder->findInPaths('partials.page-h...', Array)
#1 /var/www/sage.blog/public_html/wp-content/themes/sage.blog/vendor/illuminate/view/Factory.php(128): Illuminate\View\FileViewFinder->find('partials.page-h...')
#2 /var/www/sage.blog/public_html/wp-content/uploads/cache/0ecdf551693bc66478e8ec26e04c8a0d8f6c29c4.php(2): Illuminate\View\Factory->make('partials.page-h...', Array)
#3 /var/www/sage.blog/public_html/wp-content/themes/sage.blog/vendor/illuminate/view/Engines/PhpEngine.php(43): include('/var/www/sage.b...')
#4 /var/www/sage.blog/public_html/wp-content/themes/sage.blog/vendor/illuminate/view/Engines/CompilerEngine.php(59): Illuminate\View\Engines\PhpEngine->evaluatePath('/var/www/s

2018-10-12T12:55:58+00:00 CRITICAL Uncaught InvalidArgumentException: View [partials.page-header] not found. in /var/www/sage.blog/public_html/wp-content/themes/sage.blog/vendor/illuminate/view/FileViewFinder.php:137
Stack trace:
#0 /var/www/sage.blog/public_html/wp-content/themes/sage.blog/vendor/illuminate/view/FileViewFinder.php(79): Illuminate\View\FileViewFinder->findInPaths('partials.page-h...', Array)
#1 /var/www/sage.blog/public_html/wp-content/themes/sage.blog/vendor/illuminate/view/Factory.php(128): Illuminate\View\FileViewFinder->find('partials.page-h...')
#2 /var/www/sage.blog/public_html/wp-content/uploads/cache/0ecdf551693bc66478e8ec26e04c8a0d8f6c29c4.php(2): Illuminate\View\Factory->make('partials.page-h...', Array)
#3 /var/www/sage.blog/public_html/wp-content/themes/sage.blog/vendor/illuminate/view/Engines/PhpEngine.php(43): include('/var/www/sage.b...')
#4 /var/www/sage.blog/public_html/wp-content/themes/sage.blog/vendor/illuminate/view/Engines/CompilerEngine.php(59): Illuminate\View\Engines\PhpEngine->evaluatePath('/var/www/s

2018-10-12T12:55:58+00:00 CRITICAL Uncaught InvalidArgumentException: View [partials.page-header] not found. in /var/www/sage.blog/public_html/wp-content/themes/sage.blog/vendor/illuminate/view/FileViewFinder.php:137
Stack trace:
#0 /var/www/sage.blog/public_html/wp-content/themes/sage.blog/vendor/illuminate/view/FileViewFinder.php(79): Illuminate\View\FileViewFinder->findInPaths('partials.page-h...', Array)
#1 /var/www/sage.blog/public_html/wp-content/themes/sage.blog/vendor/illuminate/view/Factory.php(128): Illuminate\View\FileViewFinder->find('partials.page-h...')
#2 /var/www/sage.blog/public_html/wp-content/uploads/cache/0ecdf551693bc66478e8ec26e04c8a0d8f6c29c4.php(2): Illuminate\View\Factory->make('partials.page-h...', Array)
#3 /var/www/sage.blog/public_html/wp-content/themes/sage.blog/vendor/illuminate/view/Engines/PhpEngine.php(43): include('/var/www/sage.b...')
#4 /var/www/sage.blog/public_html/wp-content/themes/sage.blog/vendor/illuminate/view/Engines/CompilerEngine.php(59): Illuminate\View\Engines\PhpEngine->evaluatePath('/var/www/s

2018-10-12T12:55:58+00:00 CRITICAL Uncaught InvalidArgumentException: View [partials.page-header] not found. in /var/www/sage.blog/public_html/wp-content/themes/sage.blog/vendor/illuminate/view/FileViewFinder.php:137
Stack trace:
#0 /var/www/sage.blog/public_html/wp-content/themes/sage.blog/vendor/illuminate/view/FileViewFinder.php(79): Illuminate\View\FileViewFinder->findInPaths('partials.page-h...', Array)
#1 /var/www/sage.blog/public_html/wp-content/themes/sage.blog/vendor/illuminate/view/Factory.php(128): Illuminate\View\FileViewFinder->find('partials.page-h...')
#2 /var/www/sage.blog/public_html/wp-content/uploads/cache/0ecdf551693bc66478e8ec26e04c8a0d8f6c29c4.php(2): Illuminate\View\Factory->make('partials.page-h...', Array)
#3 /var/www/sage.blog/public_html/wp-content/themes/sage.blog/vendor/illuminate/view/Engines/PhpEngine.php(43): include('/var/www/sage.b...')
#4 /var/www/sage.blog/public_html/wp-content/themes/sage.blog/vendor/illuminate/view/Engines/CompilerEngine.php(59): Illuminate\View\Engines\PhpEngine->evaluatePath('/var/www/s

2018-10-12T12:56:31+00:00 CRITICAL Uncaught InvalidArgumentException: View [partials.page-header] not found. in /var/www/sage.blog/public_html/wp-content/themes/sage.blog/vendor/illuminate/view/FileViewFinder.php:137
Stack trace:
#0 /var/www/sage.blog/public_html/wp-content/themes/sage.blog/vendor/illuminate/view/FileViewFinder.php(79): Illuminate\View\FileViewFinder->findInPaths('partials.page-h...', Array)
#1 /var/www/sage.blog/public_html/wp-content/themes/sage.blog/vendor/illuminate/view/Factory.php(128): Illuminate\View\FileViewFinder->find('partials.page-h...')
#2 /var/www/sage.blog/public_html/wp-content/uploads/cache/0ecdf551693bc66478e8ec26e04c8a0d8f6c29c4.php(2): Illuminate\View\Factory->make('partials.page-h...', Array)
#3 /var/www/sage.blog/public_html/wp-content/themes/sage.blog/vendor/illuminate/view/Engines/PhpEngine.php(43): include('/var/www/sage.b...')
#4 /var/www/sage.blog/public_html/wp-content/themes/sage.blog/vendor/illuminate/view/Engines/CompilerEngine.php(59): Illuminate\View\Engines\PhpEngine->evaluatePath('/var/www/s

2018-10-12T12:56:31+00:00 CRITICAL Uncaught InvalidArgumentException: View [partials.page-header] not found. in /var/www/sage.blog/public_html/wp-content/themes/sage.blog/vendor/illuminate/view/FileViewFinder.php:137
Stack trace:
#0 /var/www/sage.blog/public_html/wp-content/themes/sage.blog/vendor/illuminate/view/FileViewFinder.php(79): Illuminate\View\FileViewFinder->findInPaths('partials.page-h...', Array)
#1 /var/www/sage.blog/public_html/wp-content/themes/sage.blog/vendor/illuminate/view/Factory.php(128): Illuminate\View\FileViewFinder->find('partials.page-h...')
#2 /var/www/sage.blog/public_html/wp-content/uploads/cache/0ecdf551693bc66478e8ec26e04c8a0d8f6c29c4.php(2): Illuminate\View\Factory->make('partials.page-h...', Array)
#3 /var/www/sage.blog/public_html/wp-content/themes/sage.blog/vendor/illuminate/view/Engines/PhpEngine.php(43): include('/var/www/sage.b...')
#4 /var/www/sage.blog/public_html/wp-content/themes/sage.blog/vendor/illuminate/view/Engines/CompilerEngine.php(59): Illuminate\View\Engines\PhpEngine->evaluatePath('/var/www/s

2018-10-12T12:56:32+00:00 CRITICAL Uncaught InvalidArgumentException: View [partials.page-header] not found. in /var/www/sage.blog/public_html/wp-content/themes/sage.blog/vendor/illuminate/view/FileViewFinder.php:137
Stack trace:
#0 /var/www/sage.blog/public_html/wp-content/themes/sage.blog/vendor/illuminate/view/FileViewFinder.php(79): Illuminate\View\FileViewFinder->findInPaths('partials.page-h...', Array)
#1 /var/www/sage.blog/public_html/wp-content/themes/sage.blog/vendor/illuminate/view/Factory.php(128): Illuminate\View\FileViewFinder->find('partials.page-h...')
#2 /var/www/sage.blog/public_html/wp-content/uploads/cache/0ecdf551693bc66478e8ec26e04c8a0d8f6c29c4.php(2): Illuminate\View\Factory->make('partials.page-h...', Array)
#3 /var/www/sage.blog/public_html/wp-content/themes/sage.blog/vendor/illuminate/view/Engines/PhpEngine.php(43): include('/var/www/sage.b...')
#4 /var/www/sage.blog/public_html/wp-content/themes/sage.blog/vendor/illuminate/view/Engines/CompilerEngine.php(59): Illuminate\View\Engines\PhpEngine->evaluatePath('/var/www/s

2018-10-12T12:57:16+00:00 CRITICAL Uncaught InvalidArgumentException: View [partials.page-header] not found. in /var/www/sage.blog/public_html/wp-content/themes/sage.blog/vendor/illuminate/view/FileViewFinder.php:137
Stack trace:
#0 /var/www/sage.blog/public_html/wp-content/themes/sage.blog/vendor/illuminate/view/FileViewFinder.php(79): Illuminate\View\FileViewFinder->findInPaths('partials.page-h...', Array)
#1 /var/www/sage.blog/public_html/wp-content/themes/sage.blog/vendor/illuminate/view/Factory.php(128): Illuminate\View\FileViewFinder->find('partials.page-h...')
#2 /var/www/sage.blog/public_html/wp-content/uploads/cache/0ecdf551693bc66478e8ec26e04c8a0d8f6c29c4.php(2): Illuminate\View\Factory->make('partials.page-h...', Array)
#3 /var/www/sage.blog/public_html/wp-content/themes/sage.blog/vendor/illuminate/view/Engines/PhpEngine.php(43): include('/var/www/sage.b...')
#4 /var/www/sage.blog/public_html/wp-content/themes/sage.blog/vendor/illuminate/view/Engines/CompilerEngine.php(59): Illuminate\View\Engines\PhpEngine->evaluatePath('/var/www/s

2018-10-12T12:57:16+00:00 CRITICAL Uncaught InvalidArgumentException: View [partials.page-header] not found. in /var/www/sage.blog/public_html/wp-content/themes/sage.blog/vendor/illuminate/view/FileViewFinder.php:137
Stack trace:
#0 /var/www/sage.blog/public_html/wp-content/themes/sage.blog/vendor/illuminate/view/FileViewFinder.php(79): Illuminate\View\FileViewFinder->findInPaths('partials.page-h...', Array)
#1 /var/www/sage.blog/public_html/wp-content/themes/sage.blog/vendor/illuminate/view/Factory.php(128): Illuminate\View\FileViewFinder->find('partials.page-h...')
#2 /var/www/sage.blog/public_html/wp-content/uploads/cache/0ecdf551693bc66478e8ec26e04c8a0d8f6c29c4.php(2): Illuminate\View\Factory->make('partials.page-h...', Array)
#3 /var/www/sage.blog/public_html/wp-content/themes/sage.blog/vendor/illuminate/view/Engines/PhpEngine.php(43): include('/var/www/sage.b...')
#4 /var/www/sage.blog/public_html/wp-content/themes/sage.blog/vendor/illuminate/view/Engines/CompilerEngine.php(59): Illuminate\View\Engines\PhpEngine->evaluatePath('/var/www/s

2018-10-12T12:57:16+00:00 CRITICAL Uncaught InvalidArgumentException: View [partials.page-header] not found. in /var/www/sage.blog/public_html/wp-content/themes/sage.blog/vendor/illuminate/view/FileViewFinder.php:137
Stack trace:
#0 /var/www/sage.blog/public_html/wp-content/themes/sage.blog/vendor/illuminate/view/FileViewFinder.php(79): Illuminate\View\FileViewFinder->findInPaths('partials.page-h...', Array)
#1 /var/www/sage.blog/public_html/wp-content/themes/sage.blog/vendor/illuminate/view/Factory.php(128): Illuminate\View\FileViewFinder->find('partials.page-h...')
#2 /var/www/sage.blog/public_html/wp-content/uploads/cache/0ecdf551693bc66478e8ec26e04c8a0d8f6c29c4.php(2): Illuminate\View\Factory->make('partials.page-h...', Array)
#3 /var/www/sage.blog/public_html/wp-content/themes/sage.blog/vendor/illuminate/view/Engines/PhpEngine.php(43): include('/var/www/sage.b...')
#4 /var/www/sage.blog/public_html/wp-content/themes/sage.blog/vendor/illuminate/view/Engines/CompilerEngine.php(59): Illuminate\View\Engines\PhpEngine->evaluatePath('/var/www/s

2018-10-12T13:56:38+00:00 CRITICAL Uncaught InvalidArgumentException: View [partials.page-header] not found. in /var/www/sage.blog/public_html/wp-content/themes/sage.blog/vendor/illuminate/view/FileViewFinder.php:137
Stack trace:
#0 /var/www/sage.blog/public_html/wp-content/themes/sage.blog/vendor/illuminate/view/FileViewFinder.php(79): Illuminate\View\FileViewFinder->findInPaths('partials.page-h...', Array)
#1 /var/www/sage.blog/public_html/wp-content/themes/sage.blog/vendor/illuminate/view/Factory.php(128): Illuminate\View\FileViewFinder->find('partials.page-h...')
#2 /var/www/sage.blog/public_html/wp-content/uploads/cache/0ecdf551693bc66478e8ec26e04c8a0d8f6c29c4.php(2): Illuminate\View\Factory->make('partials.page-h...', Array)
#3 /var/www/sage.blog/public_html/wp-content/themes/sage.blog/vendor/illuminate/view/Engines/PhpEngine.php(43): include('/var/www/sage.b...')
#4 /var/www/sage.blog/public_html/wp-content/themes/sage.blog/vendor/illuminate/view/Engines/CompilerEngine.php(59): Illuminate\View\Engines\PhpEngine->evaluatePath('/var/www/s

2018-10-12T13:56:38+00:00 CRITICAL Uncaught InvalidArgumentException: View [partials.page-header] not found. in /var/www/sage.blog/public_html/wp-content/themes/sage.blog/vendor/illuminate/view/FileViewFinder.php:137
Stack trace:
#0 /var/www/sage.blog/public_html/wp-content/themes/sage.blog/vendor/illuminate/view/FileViewFinder.php(79): Illuminate\View\FileViewFinder->findInPaths('partials.page-h...', Array)
#1 /var/www/sage.blog/public_html/wp-content/themes/sage.blog/vendor/illuminate/view/Factory.php(128): Illuminate\View\FileViewFinder->find('partials.page-h...')
#2 /var/www/sage.blog/public_html/wp-content/uploads/cache/0ecdf551693bc66478e8ec26e04c8a0d8f6c29c4.php(2): Illuminate\View\Factory->make('partials.page-h...', Array)
#3 /var/www/sage.blog/public_html/wp-content/themes/sage.blog/vendor/illuminate/view/Engines/PhpEngine.php(43): include('/var/www/sage.b...')
#4 /var/www/sage.blog/public_html/wp-content/themes/sage.blog/vendor/illuminate/view/Engines/CompilerEngine.php(59): Illuminate\View\Engines\PhpEngine->evaluatePath('/var/www/s

2018-10-12T13:56:39+00:00 CRITICAL Uncaught InvalidArgumentException: View [partials.page-header] not found. in /var/www/sage.blog/public_html/wp-content/themes/sage.blog/vendor/illuminate/view/FileViewFinder.php:137
Stack trace:
#0 /var/www/sage.blog/public_html/wp-content/themes/sage.blog/vendor/illuminate/view/FileViewFinder.php(79): Illuminate\View\FileViewFinder->findInPaths('partials.page-h...', Array)
#1 /var/www/sage.blog/public_html/wp-content/themes/sage.blog/vendor/illuminate/view/Factory.php(128): Illuminate\View\FileViewFinder->find('partials.page-h...')
#2 /var/www/sage.blog/public_html/wp-content/uploads/cache/0ecdf551693bc66478e8ec26e04c8a0d8f6c29c4.php(2): Illuminate\View\Factory->make('partials.page-h...', Array)
#3 /var/www/sage.blog/public_html/wp-content/themes/sage.blog/vendor/illuminate/view/Engines/PhpEngine.php(43): include('/var/www/sage.b...')
#4 /var/www/sage.blog/public_html/wp-content/themes/sage.blog/vendor/illuminate/view/Engines/CompilerEngine.php(59): Illuminate\View\Engines\PhpEngine->evaluatePath('/var/www/s

2018-10-12T13:56:39+00:00 CRITICAL Uncaught InvalidArgumentException: View [partials.page-header] not found. in /var/www/sage.blog/public_html/wp-content/themes/sage.blog/vendor/illuminate/view/FileViewFinder.php:137
Stack trace:
#0 /var/www/sage.blog/public_html/wp-content/themes/sage.blog/vendor/illuminate/view/FileViewFinder.php(79): Illuminate\View\FileViewFinder->findInPaths('partials.page-h...', Array)
#1 /var/www/sage.blog/public_html/wp-content/themes/sage.blog/vendor/illuminate/view/Factory.php(128): Illuminate\View\FileViewFinder->find('partials.page-h...')
#2 /var/www/sage.blog/public_html/wp-content/uploads/cache/0ecdf551693bc66478e8ec26e04c8a0d8f6c29c4.php(2): Illuminate\View\Factory->make('partials.page-h...', Array)
#3 /var/www/sage.blog/public_html/wp-content/themes/sage.blog/vendor/illuminate/view/Engines/PhpEngine.php(43): include('/var/www/sage.b...')
#4 /var/www/sage.blog/public_html/wp-content/themes/sage.blog/vendor/illuminate/view/Engines/CompilerEngine.php(59): Illuminate\View\Engines\PhpEngine->evaluatePath('/var/www/s

2018-10-12T13:56:39+00:00 CRITICAL Uncaught InvalidArgumentException: View [partials.page-header] not found. in /var/www/sage.blog/public_html/wp-content/themes/sage.blog/vendor/illuminate/view/FileViewFinder.php:137
Stack trace:
#0 /var/www/sage.blog/public_html/wp-content/themes/sage.blog/vendor/illuminate/view/FileViewFinder.php(79): Illuminate\View\FileViewFinder->findInPaths('partials.page-h...', Array)
#1 /var/www/sage.blog/public_html/wp-content/themes/sage.blog/vendor/illuminate/view/Factory.php(128): Illuminate\View\FileViewFinder->find('partials.page-h...')
#2 /var/www/sage.blog/public_html/wp-content/uploads/cache/0ecdf551693bc66478e8ec26e04c8a0d8f6c29c4.php(2): Illuminate\View\Factory->make('partials.page-h...', Array)
#3 /var/www/sage.blog/public_html/wp-content/themes/sage.blog/vendor/illuminate/view/Engines/PhpEngine.php(43): include('/var/www/sage.b...')
#4 /var/www/sage.blog/public_html/wp-content/themes/sage.blog/vendor/illuminate/view/Engines/CompilerEngine.php(59): Illuminate\View\Engines\PhpEngine->evaluatePath('/var/www/s

2018-10-12T13:56:39+00:00 CRITICAL Uncaught InvalidArgumentException: View [partials.page-header] not found. in /var/www/sage.blog/public_html/wp-content/themes/sage.blog/vendor/illuminate/view/FileViewFinder.php:137
Stack trace:
#0 /var/www/sage.blog/public_html/wp-content/themes/sage.blog/vendor/illuminate/view/FileViewFinder.php(79): Illuminate\View\FileViewFinder->findInPaths('partials.page-h...', Array)
#1 /var/www/sage.blog/public_html/wp-content/themes/sage.blog/vendor/illuminate/view/Factory.php(128): Illuminate\View\FileViewFinder->find('partials.page-h...')
#2 /var/www/sage.blog/public_html/wp-content/uploads/cache/0ecdf551693bc66478e8ec26e04c8a0d8f6c29c4.php(2): Illuminate\View\Factory->make('partials.page-h...', Array)
#3 /var/www/sage.blog/public_html/wp-content/themes/sage.blog/vendor/illuminate/view/Engines/PhpEngine.php(43): include('/var/www/sage.b...')
#4 /var/www/sage.blog/public_html/wp-content/themes/sage.blog/vendor/illuminate/view/Engines/CompilerEngine.php(59): Illuminate\View\Engines\PhpEngine->evaluatePath('/var/www/s

2018-10-12T13:56:40+00:00 CRITICAL Uncaught InvalidArgumentException: View [partials.page-header] not found. in /var/www/sage.blog/public_html/wp-content/themes/sage.blog/vendor/illuminate/view/FileViewFinder.php:137
Stack trace:
#0 /var/www/sage.blog/public_html/wp-content/themes/sage.blog/vendor/illuminate/view/FileViewFinder.php(79): Illuminate\View\FileViewFinder->findInPaths('partials.page-h...', Array)
#1 /var/www/sage.blog/public_html/wp-content/themes/sage.blog/vendor/illuminate/view/Factory.php(128): Illuminate\View\FileViewFinder->find('partials.page-h...')
#2 /var/www/sage.blog/public_html/wp-content/uploads/cache/0ecdf551693bc66478e8ec26e04c8a0d8f6c29c4.php(2): Illuminate\View\Factory->make('partials.page-h...', Array)
#3 /var/www/sage.blog/public_html/wp-content/themes/sage.blog/vendor/illuminate/view/Engines/PhpEngine.php(43): include('/var/www/sage.b...')
#4 /var/www/sage.blog/public_html/wp-content/themes/sage.blog/vendor/illuminate/view/Engines/CompilerEngine.php(59): Illuminate\View\Engines\PhpEngine->evaluatePath('/var/www/s

2018-10-12T14:27:49+00:00 CRITICAL Uncaught InvalidArgumentException: View [partials.page-header] not found. in /var/www/sage.blog/public_html/wp-content/themes/sage.blog/vendor/illuminate/view/FileViewFinder.php:137
Stack trace:
#0 /var/www/sage.blog/public_html/wp-content/themes/sage.blog/vendor/illuminate/view/FileViewFinder.php(79): Illuminate\View\FileViewFinder->findInPaths('partials.page-h...', Array)
#1 /var/www/sage.blog/public_html/wp-content/themes/sage.blog/vendor/illuminate/view/Factory.php(128): Illuminate\View\FileViewFinder->find('partials.page-h...')
#2 /var/www/sage.blog/public_html/wp-content/uploads/cache/0ecdf551693bc66478e8ec26e04c8a0d8f6c29c4.php(2): Illuminate\View\Factory->make('partials.page-h...', Array)
#3 /var/www/sage.blog/public_html/wp-content/themes/sage.blog/vendor/illuminate/view/Engines/PhpEngine.php(43): include('/var/www/sage.b...')
#4 /var/www/sage.blog/public_html/wp-content/themes/sage.blog/vendor/illuminate/view/Engines/CompilerEngine.php(59): Illuminate\View\Engines\PhpEngine->evaluatePath('/var/www/s

2018-10-12T14:27:49+00:00 CRITICAL Uncaught InvalidArgumentException: View [partials.page-header] not found. in /var/www/sage.blog/public_html/wp-content/themes/sage.blog/vendor/illuminate/view/FileViewFinder.php:137
Stack trace:
#0 /var/www/sage.blog/public_html/wp-content/themes/sage.blog/vendor/illuminate/view/FileViewFinder.php(79): Illuminate\View\FileViewFinder->findInPaths('partials.page-h...', Array)
#1 /var/www/sage.blog/public_html/wp-content/themes/sage.blog/vendor/illuminate/view/Factory.php(128): Illuminate\View\FileViewFinder->find('partials.page-h...')
#2 /var/www/sage.blog/public_html/wp-content/uploads/cache/0ecdf551693bc66478e8ec26e04c8a0d8f6c29c4.php(2): Illuminate\View\Factory->make('partials.page-h...', Array)
#3 /var/www/sage.blog/public_html/wp-content/themes/sage.blog/vendor/illuminate/view/Engines/PhpEngine.php(43): include('/var/www/sage.b...')
#4 /var/www/sage.blog/public_html/wp-content/themes/sage.blog/vendor/illuminate/view/Engines/CompilerEngine.php(59): Illuminate\View\Engines\PhpEngine->evaluatePath('/var/www/s

2018-10-12T14:27:49+00:00 CRITICAL Uncaught InvalidArgumentException: View [partials.page-header] not found. in /var/www/sage.blog/public_html/wp-content/themes/sage.blog/vendor/illuminate/view/FileViewFinder.php:137
Stack trace:
#0 /var/www/sage.blog/public_html/wp-content/themes/sage.blog/vendor/illuminate/view/FileViewFinder.php(79): Illuminate\View\FileViewFinder->findInPaths('partials.page-h...', Array)
#1 /var/www/sage.blog/public_html/wp-content/themes/sage.blog/vendor/illuminate/view/Factory.php(128): Illuminate\View\FileViewFinder->find('partials.page-h...')
#2 /var/www/sage.blog/public_html/wp-content/uploads/cache/0ecdf551693bc66478e8ec26e04c8a0d8f6c29c4.php(2): Illuminate\View\Factory->make('partials.page-h...', Array)
#3 /var/www/sage.blog/public_html/wp-content/themes/sage.blog/vendor/illuminate/view/Engines/PhpEngine.php(43): include('/var/www/sage.b...')
#4 /var/www/sage.blog/public_html/wp-content/themes/sage.blog/vendor/illuminate/view/Engines/CompilerEngine.php(59): Illuminate\View\Engines\PhpEngine->evaluatePath('/var/www/s

2018-10-12T14:27:49+00:00 CRITICAL Uncaught InvalidArgumentException: View [partials.page-header] not found. in /var/www/sage.blog/public_html/wp-content/themes/sage.blog/vendor/illuminate/view/FileViewFinder.php:137
Stack trace:
#0 /var/www/sage.blog/public_html/wp-content/themes/sage.blog/vendor/illuminate/view/FileViewFinder.php(79): Illuminate\View\FileViewFinder->findInPaths('partials.page-h...', Array)
#1 /var/www/sage.blog/public_html/wp-content/themes/sage.blog/vendor/illuminate/view/Factory.php(128): Illuminate\View\FileViewFinder->find('partials.page-h...')
#2 /var/www/sage.blog/public_html/wp-content/uploads/cache/0ecdf551693bc66478e8ec26e04c8a0d8f6c29c4.php(2): Illuminate\View\Factory->make('partials.page-h...', Array)
#3 /var/www/sage.blog/public_html/wp-content/themes/sage.blog/vendor/illuminate/view/Engines/PhpEngine.php(43): include('/var/www/sage.b...')
#4 /var/www/sage.blog/public_html/wp-content/themes/sage.blog/vendor/illuminate/view/Engines/CompilerEngine.php(59): Illuminate\View\Engines\PhpEngine->evaluatePath('/var/www/s

2018-10-12T14:27:49+00:00 CRITICAL Uncaught InvalidArgumentException: View [partials.page-header] not found. in /var/www/sage.blog/public_html/wp-content/themes/sage.blog/vendor/illuminate/view/FileViewFinder.php:137
Stack trace:
#0 /var/www/sage.blog/public_html/wp-content/themes/sage.blog/vendor/illuminate/view/FileViewFinder.php(79): Illuminate\View\FileViewFinder->findInPaths('partials.page-h...', Array)
#1 /var/www/sage.blog/public_html/wp-content/themes/sage.blog/vendor/illuminate/view/Factory.php(128): Illuminate\View\FileViewFinder->find('partials.page-h...')
#2 /var/www/sage.blog/public_html/wp-content/uploads/cache/0ecdf551693bc66478e8ec26e04c8a0d8f6c29c4.php(2): Illuminate\View\Factory->make('partials.page-h...', Array)
#3 /var/www/sage.blog/public_html/wp-content/themes/sage.blog/vendor/illuminate/view/Engines/PhpEngine.php(43): include('/var/www/sage.b...')
#4 /var/www/sage.blog/public_html/wp-content/themes/sage.blog/vendor/illuminate/view/Engines/CompilerEngine.php(59): Illuminate\View\Engines\PhpEngine->evaluatePath('/var/www/s

2018-10-12T14:27:49+00:00 CRITICAL Uncaught InvalidArgumentException: View [partials.page-header] not found. in /var/www/sage.blog/public_html/wp-content/themes/sage.blog/vendor/illuminate/view/FileViewFinder.php:137
Stack trace:
#0 /var/www/sage.blog/public_html/wp-content/themes/sage.blog/vendor/illuminate/view/FileViewFinder.php(79): Illuminate\View\FileViewFinder->findInPaths('partials.page-h...', Array)
#1 /var/www/sage.blog/public_html/wp-content/themes/sage.blog/vendor/illuminate/view/Factory.php(128): Illuminate\View\FileViewFinder->find('partials.page-h...')
#2 /var/www/sage.blog/public_html/wp-content/uploads/cache/0ecdf551693bc66478e8ec26e04c8a0d8f6c29c4.php(2): Illuminate\View\Factory->make('partials.page-h...', Array)
#3 /var/www/sage.blog/public_html/wp-content/themes/sage.blog/vendor/illuminate/view/Engines/PhpEngine.php(43): include('/var/www/sage.b...')
#4 /var/www/sage.blog/public_html/wp-content/themes/sage.blog/vendor/illuminate/view/Engines/CompilerEngine.php(59): Illuminate\View\Engines\PhpEngine->evaluatePath('/var/www/s

2018-10-12T14:27:49+00:00 CRITICAL Uncaught InvalidArgumentException: View [partials.page-header] not found. in /var/www/sage.blog/public_html/wp-content/themes/sage.blog/vendor/illuminate/view/FileViewFinder.php:137
Stack trace:
#0 /var/www/sage.blog/public_html/wp-content/themes/sage.blog/vendor/illuminate/view/FileViewFinder.php(79): Illuminate\View\FileViewFinder->findInPaths('partials.page-h...', Array)
#1 /var/www/sage.blog/public_html/wp-content/themes/sage.blog/vendor/illuminate/view/Factory.php(128): Illuminate\View\FileViewFinder->find('partials.page-h...')
#2 /var/www/sage.blog/public_html/wp-content/uploads/cache/0ecdf551693bc66478e8ec26e04c8a0d8f6c29c4.php(2): Illuminate\View\Factory->make('partials.page-h...', Array)
#3 /var/www/sage.blog/public_html/wp-content/themes/sage.blog/vendor/illuminate/view/Engines/PhpEngine.php(43): include('/var/www/sage.b...')
#4 /var/www/sage.blog/public_html/wp-content/themes/sage.blog/vendor/illuminate/view/Engines/CompilerEngine.php(59): Illuminate\View\Engines\PhpEngine->evaluatePath('/var/www/s

2018-10-12T14:27:53+00:00 CRITICAL Uncaught InvalidArgumentException: View [partials.page-header] not found. in /var/www/sage.blog/public_html/wp-content/themes/sage.blog/vendor/illuminate/view/FileViewFinder.php:137
Stack trace:
#0 /var/www/sage.blog/public_html/wp-content/themes/sage.blog/vendor/illuminate/view/FileViewFinder.php(79): Illuminate\View\FileViewFinder->findInPaths('partials.page-h...', Array)
#1 /var/www/sage.blog/public_html/wp-content/themes/sage.blog/vendor/illuminate/view/Factory.php(128): Illuminate\View\FileViewFinder->find('partials.page-h...')
#2 /var/www/sage.blog/public_html/wp-content/uploads/cache/0ecdf551693bc66478e8ec26e04c8a0d8f6c29c4.php(2): Illuminate\View\Factory->make('partials.page-h...', Array)
#3 /var/www/sage.blog/public_html/wp-content/themes/sage.blog/vendor/illuminate/view/Engines/PhpEngine.php(43): include('/var/www/sage.b...')
#4 /var/www/sage.blog/public_html/wp-content/themes/sage.blog/vendor/illuminate/view/Engines/CompilerEngine.php(59): Illuminate\View\Engines\PhpEngine->evaluatePath('/var/www/s

2018-10-12T14:27:53+00:00 CRITICAL Uncaught InvalidArgumentException: View [partials.page-header] not found. in /var/www/sage.blog/public_html/wp-content/themes/sage.blog/vendor/illuminate/view/FileViewFinder.php:137
Stack trace:
#0 /var/www/sage.blog/public_html/wp-content/themes/sage.blog/vendor/illuminate/view/FileViewFinder.php(79): Illuminate\View\FileViewFinder->findInPaths('partials.page-h...', Array)
#1 /var/www/sage.blog/public_html/wp-content/themes/sage.blog/vendor/illuminate/view/Factory.php(128): Illuminate\View\FileViewFinder->find('partials.page-h...')
#2 /var/www/sage.blog/public_html/wp-content/uploads/cache/0ecdf551693bc66478e8ec26e04c8a0d8f6c29c4.php(2): Illuminate\View\Factory->make('partials.page-h...', Array)
#3 /var/www/sage.blog/public_html/wp-content/themes/sage.blog/vendor/illuminate/view/Engines/PhpEngine.php(43): include('/var/www/sage.b...')
#4 /var/www/sage.blog/public_html/wp-content/themes/sage.blog/vendor/illuminate/view/Engines/CompilerEngine.php(59): Illuminate\View\Engines\PhpEngine->evaluatePath('/var/www/s

2018-10-12T14:27:53+00:00 CRITICAL Uncaught InvalidArgumentException: View [partials.page-header] not found. in /var/www/sage.blog/public_html/wp-content/themes/sage.blog/vendor/illuminate/view/FileViewFinder.php:137
Stack trace:
#0 /var/www/sage.blog/public_html/wp-content/themes/sage.blog/vendor/illuminate/view/FileViewFinder.php(79): Illuminate\View\FileViewFinder->findInPaths('partials.page-h...', Array)
#1 /var/www/sage.blog/public_html/wp-content/themes/sage.blog/vendor/illuminate/view/Factory.php(128): Illuminate\View\FileViewFinder->find('partials.page-h...')
#2 /var/www/sage.blog/public_html/wp-content/uploads/cache/0ecdf551693bc66478e8ec26e04c8a0d8f6c29c4.php(2): Illuminate\View\Factory->make('partials.page-h...', Array)
#3 /var/www/sage.blog/public_html/wp-content/themes/sage.blog/vendor/illuminate/view/Engines/PhpEngine.php(43): include('/var/www/sage.b...')
#4 /var/www/sage.blog/public_html/wp-content/themes/sage.blog/vendor/illuminate/view/Engines/CompilerEngine.php(59): Illuminate\View\Engines\PhpEngine->evaluatePath('/var/www/s

