10-03-2018 @ 08:19:14 - ====Start Log====
cURL is not available. Sync aborted. Please contact your host to install cURL.
====End Log====


10-03-2018 @ 08:19:14 - ====Start Log====
cURL is not available. Sync aborted. Please contact your host to install cURL.
====End Log====


10-03-2018 @ 08:19:17 - ====Start Log====
cURL is not available. Sync aborted. Please contact your host to install cURL.
====End Log====


10-03-2018 @ 08:19:17 - ====Start Log====
cURL is not available. Sync aborted. Please contact your host to install cURL.
====End Log====


10-03-2018 @ 08:19:23 - ====Start Log====
cURL is not available. Sync aborted. Please contact your host to install cURL.
====End Log====


10-03-2018 @ 08:19:25 - ====Start Log====
cURL is not available. Sync aborted. Please contact your host to install cURL.
====End Log====


10-03-2018 @ 08:19:28 - ====Start Log====
cURL is not available. Sync aborted. Please contact your host to install cURL.
====End Log====


10-03-2018 @ 08:19:30 - ====Start Log====
cURL is not available. Sync aborted. Please contact your host to install cURL.
====End Log====


10-03-2018 @ 08:19:31 - ====Start Log====
cURL is not available. Sync aborted. Please contact your host to install cURL.
====End Log====


10-03-2018 @ 08:19:32 - ====Start Log====
cURL is not available. Sync aborted. Please contact your host to install cURL.
====End Log====


10-03-2018 @ 08:19:34 - ====Start Log====
cURL is not available. Sync aborted. Please contact your host to install cURL.
====End Log====


10-03-2018 @ 08:19:34 - ====Start Log====
cURL is not available. Sync aborted. Please contact your host to install cURL.
====End Log====


10-03-2018 @ 08:19:35 - ====Start Log====
cURL is not available. Sync aborted. Please contact your host to install cURL.
====End Log====


10-03-2018 @ 08:19:35 - ====Start Log====
cURL is not available. Sync aborted. Please contact your host to install cURL.
====End Log====


10-03-2018 @ 08:19:36 - ====Start Log====
cURL is not available. Sync aborted. Please contact your host to install cURL.
====End Log====


10-03-2018 @ 08:19:36 - ====Start Log====
cURL is not available. Sync aborted. Please contact your host to install cURL.
====End Log====


10-03-2018 @ 08:19:36 - ====Start Log====
cURL is not available. Sync aborted. Please contact your host to install cURL.
====End Log====


10-03-2018 @ 08:19:36 - ====Start Log====
cURL is not available. Sync aborted. Please contact your host to install cURL.
====End Log====


10-03-2018 @ 08:19:37 - ====Start Log====
cURL is not available. Sync aborted. Please contact your host to install cURL.
====End Log====


10-03-2018 @ 08:19:37 - ====Start Log====
cURL is not available. Sync aborted. Please contact your host to install cURL.
====End Log====


10-03-2018 @ 08:19:37 - ====Start Log====
cURL is not available. Sync aborted. Please contact your host to install cURL.
====End Log====


10-03-2018 @ 08:19:37 - ====Start Log====
cURL is not available. Sync aborted. Please contact your host to install cURL.
====End Log====


10-03-2018 @ 08:19:37 - ====Start Log====
cURL is not available. Sync aborted. Please contact your host to install cURL.
====End Log====


10-03-2018 @ 08:19:38 - ====Start Log====
cURL is not available. Sync aborted. Please contact your host to install cURL.
====End Log====


10-03-2018 @ 08:19:38 - ====Start Log====
cURL is not available. Sync aborted. Please contact your host to install cURL.
====End Log====


10-03-2018 @ 08:19:38 - ====Start Log====
cURL is not available. Sync aborted. Please contact your host to install cURL.
====End Log====


10-03-2018 @ 08:19:38 - ====Start Log====
cURL is not available. Sync aborted. Please contact your host to install cURL.
====End Log====


10-03-2018 @ 08:19:39 - ====Start Log====
cURL is not available. Sync aborted. Please contact your host to install cURL.
====End Log====


10-03-2018 @ 08:19:39 - ====Start Log====
cURL is not available. Sync aborted. Please contact your host to install cURL.
====End Log====


10-03-2018 @ 08:19:39 - ====Start Log====
cURL is not available. Sync aborted. Please contact your host to install cURL.
====End Log====


10-03-2018 @ 08:19:39 - ====Start Log====
cURL is not available. Sync aborted. Please contact your host to install cURL.
====End Log====


10-03-2018 @ 08:19:40 - ====Start Log====
cURL is not available. Sync aborted. Please contact your host to install cURL.
====End Log====


10-03-2018 @ 08:19:40 - ====Start Log====
cURL is not available. Sync aborted. Please contact your host to install cURL.
====End Log====


10-03-2018 @ 08:19:41 - ====Start Log====
cURL is not available. Sync aborted. Please contact your host to install cURL.
====End Log====


10-03-2018 @ 08:19:41 - ====Start Log====
cURL is not available. Sync aborted. Please contact your host to install cURL.
====End Log====


10-03-2018 @ 08:19:41 - ====Start Log====
cURL is not available. Sync aborted. Please contact your host to install cURL.
====End Log====


10-03-2018 @ 08:19:42 - ====Start Log====
cURL is not available. Sync aborted. Please contact your host to install cURL.
====End Log====


10-03-2018 @ 08:19:42 - ====Start Log====
cURL is not available. Sync aborted. Please contact your host to install cURL.
====End Log====


10-03-2018 @ 08:19:43 - ====Start Log====
cURL is not available. Sync aborted. Please contact your host to install cURL.
====End Log====


10-03-2018 @ 08:19:43 - ====Start Log====
cURL is not available. Sync aborted. Please contact your host to install cURL.
====End Log====


10-03-2018 @ 08:19:44 - ====Start Log====
cURL is not available. Sync aborted. Please contact your host to install cURL.
====End Log====


10-03-2018 @ 08:19:44 - ====Start Log====
cURL is not available. Sync aborted. Please contact your host to install cURL.
====End Log====


10-03-2018 @ 08:19:44 - ====Start Log====
cURL is not available. Sync aborted. Please contact your host to install cURL.
====End Log====


10-03-2018 @ 08:19:45 - ====Start Log====
cURL is not available. Sync aborted. Please contact your host to install cURL.
====End Log====


10-03-2018 @ 08:19:45 - ====Start Log====
cURL is not available. Sync aborted. Please contact your host to install cURL.
====End Log====


10-03-2018 @ 08:19:46 - ====Start Log====
cURL is not available. Sync aborted. Please contact your host to install cURL.
====End Log====


10-03-2018 @ 08:19:46 - ====Start Log====
cURL is not available. Sync aborted. Please contact your host to install cURL.
====End Log====


10-03-2018 @ 08:19:47 - ====Start Log====
cURL is not available. Sync aborted. Please contact your host to install cURL.
====End Log====


10-03-2018 @ 08:20:22 - ====Start Log====
cURL is not available. Sync aborted. Please contact your host to install cURL.
====End Log====


10-03-2018 @ 08:20:39 - ====Start Log====
cURL is not available. Sync aborted. Please contact your host to install cURL.
====End Log====


10-03-2018 @ 08:20:39 - ====Start Log====
cURL is not available. Sync aborted. Please contact your host to install cURL.
====End Log====


10-03-2018 @ 08:20:41 - ====Start Log====
cURL is not available. Sync aborted. Please contact your host to install cURL.
====End Log====


10-03-2018 @ 08:20:46 - ====Start Log====
cURL is not available. Sync aborted. Please contact your host to install cURL.
====End Log====


10-03-2018 @ 08:20:47 - ====Start Log====
cURL is not available. Sync aborted. Please contact your host to install cURL.
====End Log====


10-03-2018 @ 08:20:49 - ====Start Log====
cURL is not available. Sync aborted. Please contact your host to install cURL.
====End Log====


10-03-2018 @ 08:20:51 - ====Start Log====
cURL is not available. Sync aborted. Please contact your host to install cURL.
====End Log====


10-03-2018 @ 08:20:52 - ====Start Log====
cURL is not available. Sync aborted. Please contact your host to install cURL.
====End Log====


10-03-2018 @ 08:20:52 - ====Start Log====
cURL is not available. Sync aborted. Please contact your host to install cURL.
====End Log====


10-03-2018 @ 08:20:58 - ====Start Log====
cURL is not available. Sync aborted. Please contact your host to install cURL.
====End Log====


10-03-2018 @ 08:20:58 - ====Start Log====
cURL is not available. Sync aborted. Please contact your host to install cURL.
====End Log====


10-03-2018 @ 08:20:59 - ====Start Log====
cURL is not available. Sync aborted. Please contact your host to install cURL.
====End Log====


10-03-2018 @ 08:21:00 - ====Start Log====
cURL is not available. Sync aborted. Please contact your host to install cURL.
====End Log====


10-03-2018 @ 08:21:02 - ====Start Log====
cURL is not available. Sync aborted. Please contact your host to install cURL.
====End Log====


10-03-2018 @ 08:21:11 - ====Start Log====
cURL is not available. Sync aborted. Please contact your host to install cURL.
====End Log====


10-03-2018 @ 08:21:11 - ====Start Log====
cURL is not available. Sync aborted. Please contact your host to install cURL.
====End Log====


10-03-2018 @ 08:21:11 - ====Start Log====
cURL is not available. Sync aborted. Please contact your host to install cURL.
====End Log====


10-03-2018 @ 08:21:12 - ====Start Log====
cURL is not available. Sync aborted. Please contact your host to install cURL.
====End Log====


10-03-2018 @ 08:21:14 - ====Start Log====
cURL is not available. Sync aborted. Please contact your host to install cURL.
====End Log====


10-03-2018 @ 08:21:14 - ====Start Log====
cURL is not available. Sync aborted. Please contact your host to install cURL.
====End Log====


10-03-2018 @ 08:21:15 - ====Start Log====
cURL is not available. Sync aborted. Please contact your host to install cURL.
====End Log====


10-03-2018 @ 08:21:55 - ====Start Log====
cURL is not available. Sync aborted. Please contact your host to install cURL.
====End Log====


10-03-2018 @ 08:21:55 - ====Start Log====
cURL is not available. Sync aborted. Please contact your host to install cURL.
====End Log====


10-03-2018 @ 08:22:07 - ====Start Log====
cURL is not available. Sync aborted. Please contact your host to install cURL.
====End Log====


10-03-2018 @ 08:22:16 - ====Start Log====
cURL is not available. Sync aborted. Please contact your host to install cURL.
====End Log====


10-03-2018 @ 08:22:16 - ====Start Log====
cURL is not available. Sync aborted. Please contact your host to install cURL.
====End Log====


10-03-2018 @ 08:22:19 - ====Start Log====
cURL is not available. Sync aborted. Please contact your host to install cURL.
====End Log====


10-03-2018 @ 08:22:36 - ====Start Log====
cURL is not available. Sync aborted. Please contact your host to install cURL.
====End Log====


10-03-2018 @ 08:23:16 - ====Start Log====
cURL is not available. Sync aborted. Please contact your host to install cURL.
====End Log====


10-03-2018 @ 08:23:16 - ====Start Log====
cURL is not available. Sync aborted. Please contact your host to install cURL.
====End Log====


10-03-2018 @ 08:23:31 - ====Start Log====
cURL is not available. Sync aborted. Please contact your host to install cURL.
====End Log====


10-03-2018 @ 08:23:31 - ====Start Log====
cURL is not available. Sync aborted. Please contact your host to install cURL.
====End Log====


10-03-2018 @ 08:23:46 - ====Start Log====
cURL is not available. Sync aborted. Please contact your host to install cURL.
====End Log====


10-03-2018 @ 08:24:01 - ====Start Log====
cURL is not available. Sync aborted. Please contact your host to install cURL.
====End Log====


10-03-2018 @ 08:24:16 - ====Start Log====
cURL is not available. Sync aborted. Please contact your host to install cURL.
====End Log====


10-03-2018 @ 08:24:54 - ====Start Log====
cURL is not available. Sync aborted. Please contact your host to install cURL.
====End Log====


10-03-2018 @ 08:25:09 - ====Start Log====
cURL is not available. Sync aborted. Please contact your host to install cURL.
====End Log====


10-03-2018 @ 08:25:24 - ====Start Log====
cURL is not available. Sync aborted. Please contact your host to install cURL.
====End Log====


10-03-2018 @ 08:25:39 - ====Start Log====
cURL is not available. Sync aborted. Please contact your host to install cURL.
====End Log====


10-03-2018 @ 08:25:39 - ====Start Log====
cURL is not available. Sync aborted. Please contact your host to install cURL.
====End Log====


10-03-2018 @ 08:25:42 - ====Start Log====
cURL is not available. Sync aborted. Please contact your host to install cURL.
====End Log====


10-03-2018 @ 08:25:43 - ====Start Log====
cURL is not available. Sync aborted. Please contact your host to install cURL.
====End Log====


10-03-2018 @ 08:25:52 - ====Start Log====
cURL is not available. Sync aborted. Please contact your host to install cURL.
====End Log====


10-03-2018 @ 08:25:54 - ====Start Log====
cURL is not available. Sync aborted. Please contact your host to install cURL.
====End Log====


10-03-2018 @ 08:25:59 - ====Start Log====
cURL is not available. Sync aborted. Please contact your host to install cURL.
====End Log====


10-03-2018 @ 08:26:05 - ====Start Log====
cURL is not available. Sync aborted. Please contact your host to install cURL.
====End Log====


10-03-2018 @ 08:26:07 - ====Start Log====
cURL is not available. Sync aborted. Please contact your host to install cURL.
====End Log====


10-03-2018 @ 08:26:13 - ====Start Log====
cURL is not available. Sync aborted. Please contact your host to install cURL.
====End Log====


10-03-2018 @ 08:26:13 - ====Start Log====
cURL is not available. Sync aborted. Please contact your host to install cURL.
====End Log====


10-03-2018 @ 08:26:14 - ====Start Log====
cURL is not available. Sync aborted. Please contact your host to install cURL.
====End Log====


10-03-2018 @ 08:26:15 - ====Start Log====
cURL is not available. Sync aborted. Please contact your host to install cURL.
====End Log====


10-03-2018 @ 08:26:15 - ====Start Log====
cURL is not available. Sync aborted. Please contact your host to install cURL.
====End Log====


10-03-2018 @ 08:26:16 - ====Start Log====
cURL is not available. Sync aborted. Please contact your host to install cURL.
====End Log====


10-03-2018 @ 08:26:17 - ====Start Log====
cURL is not available. Sync aborted. Please contact your host to install cURL.
====End Log====


10-03-2018 @ 08:26:26 - ====Start Log====
cURL is not available. Sync aborted. Please contact your host to install cURL.
====End Log====


10-03-2018 @ 08:26:28 - ====Start Log====
cURL is not available. Sync aborted. Please contact your host to install cURL.
====End Log====


10-03-2018 @ 08:26:42 - ====Start Log====
cURL is not available. Sync aborted. Please contact your host to install cURL.
====End Log====


10-03-2018 @ 08:26:42 - ====Start Log====
cURL is not available. Sync aborted. Please contact your host to install cURL.
====End Log====


10-03-2018 @ 08:26:42 - ====Start Log====
[WC -> Square] Skipping WC Product 513 since it has no SKUs.
====End Log====


10-03-2018 @ 08:26:46 - ====Start Log====
cURL is not available. Sync aborted. Please contact your host to install cURL.
====End Log====


10-03-2018 @ 08:26:56 - ====Start Log====
cURL is not available. Sync aborted. Please contact your host to install cURL.
====End Log====


10-03-2018 @ 08:26:57 - ====Start Log====
cURL is not available. Sync aborted. Please contact your host to install cURL.
====End Log====


10-03-2018 @ 08:26:59 - ====Start Log====
cURL is not available. Sync aborted. Please contact your host to install cURL.
====End Log====


10-03-2018 @ 08:27:12 - ====Start Log====
cURL is not available. Sync aborted. Please contact your host to install cURL.
====End Log====


10-03-2018 @ 08:27:12 - ====Start Log====
cURL is not available. Sync aborted. Please contact your host to install cURL.
====End Log====


10-03-2018 @ 08:27:14 - ====Start Log====
cURL is not available. Sync aborted. Please contact your host to install cURL.
====End Log====


10-03-2018 @ 08:27:23 - ====Start Log====
cURL is not available. Sync aborted. Please contact your host to install cURL.
====End Log====


10-03-2018 @ 08:27:38 - ====Start Log====
cURL is not available. Sync aborted. Please contact your host to install cURL.
====End Log====


10-03-2018 @ 08:27:41 - ====Start Log====
cURL is not available. Sync aborted. Please contact your host to install cURL.
====End Log====


10-03-2018 @ 08:27:44 - ====Start Log====
cURL is not available. Sync aborted. Please contact your host to install cURL.
====End Log====


10-03-2018 @ 08:27:47 - ====Start Log====
cURL is not available. Sync aborted. Please contact your host to install cURL.
====End Log====


10-03-2018 @ 08:27:49 - ====Start Log====
cURL is not available. Sync aborted. Please contact your host to install cURL.
====End Log====


10-03-2018 @ 08:27:56 - ====Start Log====
cURL is not available. Sync aborted. Please contact your host to install cURL.
====End Log====


10-03-2018 @ 08:27:59 - ====Start Log====
cURL is not available. Sync aborted. Please contact your host to install cURL.
====End Log====


10-03-2018 @ 08:28:01 - ====Start Log====
cURL is not available. Sync aborted. Please contact your host to install cURL.
====End Log====


10-03-2018 @ 08:28:20 - ====Start Log====
cURL is not available. Sync aborted. Please contact your host to install cURL.
====End Log====


10-03-2018 @ 08:28:21 - ====Start Log====
cURL is not available. Sync aborted. Please contact your host to install cURL.
====End Log====


10-03-2018 @ 08:28:22 - ====Start Log====
cURL is not available. Sync aborted. Please contact your host to install cURL.
====End Log====


10-03-2018 @ 08:28:23 - ====Start Log====
cURL is not available. Sync aborted. Please contact your host to install cURL.
====End Log====


10-03-2018 @ 08:28:24 - ====Start Log====
cURL is not available. Sync aborted. Please contact your host to install cURL.
====End Log====


10-03-2018 @ 08:28:25 - ====Start Log====
cURL is not available. Sync aborted. Please contact your host to install cURL.
====End Log====


10-03-2018 @ 08:28:28 - ====Start Log====
cURL is not available. Sync aborted. Please contact your host to install cURL.
====End Log====


10-03-2018 @ 08:28:29 - ====Start Log====
cURL is not available. Sync aborted. Please contact your host to install cURL.
====End Log====


10-03-2018 @ 08:28:30 - ====Start Log====
cURL is not available. Sync aborted. Please contact your host to install cURL.
====End Log====


10-03-2018 @ 08:28:35 - ====Start Log====
cURL is not available. Sync aborted. Please contact your host to install cURL.
====End Log====


10-03-2018 @ 08:28:37 - ====Start Log====
cURL is not available. Sync aborted. Please contact your host to install cURL.
====End Log====


10-03-2018 @ 08:28:39 - ====Start Log====
cURL is not available. Sync aborted. Please contact your host to install cURL.
====End Log====


10-03-2018 @ 08:28:55 - ====Start Log====
cURL is not available. Sync aborted. Please contact your host to install cURL.
====End Log====


10-03-2018 @ 08:29:00 - ====Start Log====
cURL is not available. Sync aborted. Please contact your host to install cURL.
====End Log====


10-03-2018 @ 08:29:01 - ====Start Log====
cURL is not available. Sync aborted. Please contact your host to install cURL.
====End Log====


10-03-2018 @ 08:29:01 - ====Start Log====
cURL is not available. Sync aborted. Please contact your host to install cURL.
====End Log====


10-03-2018 @ 08:29:01 - ====Start Log====
cURL is not available. Sync aborted. Please contact your host to install cURL.
====End Log====


10-03-2018 @ 08:29:02 - ====Start Log====
cURL is not available. Sync aborted. Please contact your host to install cURL.
====End Log====


10-03-2018 @ 08:29:02 - ====Start Log====
cURL is not available. Sync aborted. Please contact your host to install cURL.
====End Log====


10-03-2018 @ 08:29:02 - ====Start Log====
cURL is not available. Sync aborted. Please contact your host to install cURL.
====End Log====


10-03-2018 @ 08:29:03 - ====Start Log====
cURL is not available. Sync aborted. Please contact your host to install cURL.
====End Log====


10-03-2018 @ 08:29:03 - ====Start Log====
cURL is not available. Sync aborted. Please contact your host to install cURL.
====End Log====


10-03-2018 @ 08:29:04 - ====Start Log====
cURL is not available. Sync aborted. Please contact your host to install cURL.
====End Log====


10-03-2018 @ 08:29:04 - ====Start Log====
cURL is not available. Sync aborted. Please contact your host to install cURL.
====End Log====


10-03-2018 @ 08:29:05 - ====Start Log====
cURL is not available. Sync aborted. Please contact your host to install cURL.
====End Log====


10-03-2018 @ 08:29:05 - ====Start Log====
cURL is not available. Sync aborted. Please contact your host to install cURL.
====End Log====


10-03-2018 @ 08:29:05 - ====Start Log====
cURL is not available. Sync aborted. Please contact your host to install cURL.
====End Log====


10-03-2018 @ 08:29:06 - ====Start Log====
cURL is not available. Sync aborted. Please contact your host to install cURL.
====End Log====


10-03-2018 @ 08:29:06 - ====Start Log====
cURL is not available. Sync aborted. Please contact your host to install cURL.
====End Log====


10-03-2018 @ 08:29:07 - ====Start Log====
cURL is not available. Sync aborted. Please contact your host to install cURL.
====End Log====


10-03-2018 @ 08:29:07 - ====Start Log====
cURL is not available. Sync aborted. Please contact your host to install cURL.
====End Log====


10-03-2018 @ 08:29:07 - ====Start Log====
cURL is not available. Sync aborted. Please contact your host to install cURL.
====End Log====


10-03-2018 @ 08:29:08 - ====Start Log====
cURL is not available. Sync aborted. Please contact your host to install cURL.
====End Log====


10-03-2018 @ 08:29:08 - ====Start Log====
cURL is not available. Sync aborted. Please contact your host to install cURL.
====End Log====


10-03-2018 @ 08:29:08 - ====Start Log====
cURL is not available. Sync aborted. Please contact your host to install cURL.
====End Log====


10-03-2018 @ 08:29:09 - ====Start Log====
cURL is not available. Sync aborted. Please contact your host to install cURL.
====End Log====


10-03-2018 @ 08:29:09 - ====Start Log====
cURL is not available. Sync aborted. Please contact your host to install cURL.
====End Log====


10-03-2018 @ 08:29:10 - ====Start Log====
cURL is not available. Sync aborted. Please contact your host to install cURL.
====End Log====


10-03-2018 @ 08:29:10 - ====Start Log====
cURL is not available. Sync aborted. Please contact your host to install cURL.
====End Log====


10-03-2018 @ 08:29:10 - ====Start Log====
cURL is not available. Sync aborted. Please contact your host to install cURL.
====End Log====


10-03-2018 @ 08:29:11 - ====Start Log====
cURL is not available. Sync aborted. Please contact your host to install cURL.
====End Log====


10-03-2018 @ 08:29:11 - ====Start Log====
cURL is not available. Sync aborted. Please contact your host to install cURL.
====End Log====


10-03-2018 @ 08:29:12 - ====Start Log====
cURL is not available. Sync aborted. Please contact your host to install cURL.
====End Log====


10-03-2018 @ 08:29:12 - ====Start Log====
cURL is not available. Sync aborted. Please contact your host to install cURL.
====End Log====


10-03-2018 @ 08:29:13 - ====Start Log====
cURL is not available. Sync aborted. Please contact your host to install cURL.
====End Log====


10-03-2018 @ 08:29:13 - ====Start Log====
cURL is not available. Sync aborted. Please contact your host to install cURL.
====End Log====


10-03-2018 @ 08:29:13 - ====Start Log====
cURL is not available. Sync aborted. Please contact your host to install cURL.
====End Log====


10-03-2018 @ 08:29:14 - ====Start Log====
cURL is not available. Sync aborted. Please contact your host to install cURL.
====End Log====


10-03-2018 @ 08:29:14 - ====Start Log====
cURL is not available. Sync aborted. Please contact your host to install cURL.
====End Log====


10-03-2018 @ 08:29:14 - ====Start Log====
cURL is not available. Sync aborted. Please contact your host to install cURL.
====End Log====


10-03-2018 @ 08:29:15 - ====Start Log====
cURL is not available. Sync aborted. Please contact your host to install cURL.
====End Log====


10-03-2018 @ 08:29:15 - ====Start Log====
cURL is not available. Sync aborted. Please contact your host to install cURL.
====End Log====


10-03-2018 @ 08:29:16 - ====Start Log====
cURL is not available. Sync aborted. Please contact your host to install cURL.
====End Log====


10-03-2018 @ 08:29:16 - ====Start Log====
cURL is not available. Sync aborted. Please contact your host to install cURL.
====End Log====


10-03-2018 @ 08:29:16 - ====Start Log====
cURL is not available. Sync aborted. Please contact your host to install cURL.
====End Log====


10-03-2018 @ 08:29:17 - ====Start Log====
cURL is not available. Sync aborted. Please contact your host to install cURL.
====End Log====


10-03-2018 @ 08:29:17 - ====Start Log====
cURL is not available. Sync aborted. Please contact your host to install cURL.
====End Log====


10-03-2018 @ 08:29:18 - ====Start Log====
cURL is not available. Sync aborted. Please contact your host to install cURL.
====End Log====


10-03-2018 @ 08:29:18 - ====Start Log====
cURL is not available. Sync aborted. Please contact your host to install cURL.
====End Log====


10-03-2018 @ 08:29:18 - ====Start Log====
cURL is not available. Sync aborted. Please contact your host to install cURL.
====End Log====


10-03-2018 @ 08:29:19 - ====Start Log====
cURL is not available. Sync aborted. Please contact your host to install cURL.
====End Log====


10-03-2018 @ 08:29:19 - ====Start Log====
cURL is not available. Sync aborted. Please contact your host to install cURL.
====End Log====


10-03-2018 @ 08:29:19 - ====Start Log====
cURL is not available. Sync aborted. Please contact your host to install cURL.
====End Log====


10-03-2018 @ 08:29:20 - ====Start Log====
cURL is not available. Sync aborted. Please contact your host to install cURL.
====End Log====


10-03-2018 @ 08:29:20 - ====Start Log====
cURL is not available. Sync aborted. Please contact your host to install cURL.
====End Log====


10-03-2018 @ 08:29:21 - ====Start Log====
cURL is not available. Sync aborted. Please contact your host to install cURL.
====End Log====


10-03-2018 @ 08:29:21 - ====Start Log====
cURL is not available. Sync aborted. Please contact your host to install cURL.
====End Log====


10-03-2018 @ 08:29:22 - ====Start Log====
cURL is not available. Sync aborted. Please contact your host to install cURL.
====End Log====


10-03-2018 @ 08:29:22 - ====Start Log====
cURL is not available. Sync aborted. Please contact your host to install cURL.
====End Log====


10-03-2018 @ 08:29:22 - ====Start Log====
cURL is not available. Sync aborted. Please contact your host to install cURL.
====End Log====


10-03-2018 @ 08:29:23 - ====Start Log====
cURL is not available. Sync aborted. Please contact your host to install cURL.
====End Log====


10-03-2018 @ 08:29:23 - ====Start Log====
cURL is not available. Sync aborted. Please contact your host to install cURL.
====End Log====


10-03-2018 @ 08:29:25 - ====Start Log====
cURL is not available. Sync aborted. Please contact your host to install cURL.
====End Log====


10-03-2018 @ 08:29:26 - ====Start Log====
cURL is not available. Sync aborted. Please contact your host to install cURL.
====End Log====


10-03-2018 @ 08:29:31 - ====Start Log====
cURL is not available. Sync aborted. Please contact your host to install cURL.
====End Log====


10-03-2018 @ 08:29:33 - ====Start Log====
cURL is not available. Sync aborted. Please contact your host to install cURL.
====End Log====


10-03-2018 @ 08:29:39 - ====Start Log====
cURL is not available. Sync aborted. Please contact your host to install cURL.
====End Log====


10-03-2018 @ 08:29:44 - ====Start Log====
cURL is not available. Sync aborted. Please contact your host to install cURL.
====End Log====


10-03-2018 @ 08:29:51 - ====Start Log====
cURL is not available. Sync aborted. Please contact your host to install cURL.
====End Log====


10-03-2018 @ 08:29:55 - ====Start Log====
cURL is not available. Sync aborted. Please contact your host to install cURL.
====End Log====


10-03-2018 @ 08:30:02 - ====Start Log====
cURL is not available. Sync aborted. Please contact your host to install cURL.
====End Log====


10-03-2018 @ 08:30:28 - ====Start Log====
cURL is not available. Sync aborted. Please contact your host to install cURL.
====End Log====


10-03-2018 @ 08:30:32 - ====Start Log====
cURL is not available. Sync aborted. Please contact your host to install cURL.
====End Log====


10-03-2018 @ 08:30:37 - ====Start Log====
cURL is not available. Sync aborted. Please contact your host to install cURL.
====End Log====


10-03-2018 @ 08:30:40 - ====Start Log====
cURL is not available. Sync aborted. Please contact your host to install cURL.
====End Log====


10-03-2018 @ 08:31:41 - ====Start Log====
cURL is not available. Sync aborted. Please contact your host to install cURL.
====End Log====


10-03-2018 @ 08:32:29 - ====Start Log====
cURL is not available. Sync aborted. Please contact your host to install cURL.
====End Log====


10-03-2018 @ 08:33:42 - ====Start Log====
cURL is not available. Sync aborted. Please contact your host to install cURL.
====End Log====


10-03-2018 @ 08:33:49 - ====Start Log====
cURL is not available. Sync aborted. Please contact your host to install cURL.
====End Log====


10-03-2018 @ 08:34:13 - ====Start Log====
cURL is not available. Sync aborted. Please contact your host to install cURL.
====End Log====


10-03-2018 @ 08:34:14 - ====Start Log====
cURL is not available. Sync aborted. Please contact your host to install cURL.
====End Log====


10-03-2018 @ 08:34:29 - ====Start Log====
cURL is not available. Sync aborted. Please contact your host to install cURL.
====End Log====


10-03-2018 @ 08:34:30 - ====Start Log====
cURL is not available. Sync aborted. Please contact your host to install cURL.
====End Log====


10-03-2018 @ 08:34:44 - ====Start Log====
cURL is not available. Sync aborted. Please contact your host to install cURL.
====End Log====


10-03-2018 @ 08:34:48 - ====Start Log====
cURL is not available. Sync aborted. Please contact your host to install cURL.
====End Log====


10-03-2018 @ 08:35:00 - ====Start Log====
cURL is not available. Sync aborted. Please contact your host to install cURL.
====End Log====


10-03-2018 @ 08:35:06 - ====Start Log====
cURL is not available. Sync aborted. Please contact your host to install cURL.
====End Log====


10-03-2018 @ 08:35:07 - ====Start Log====
cURL is not available. Sync aborted. Please contact your host to install cURL.
====End Log====


10-03-2018 @ 08:35:08 - ====Start Log====
cURL is not available. Sync aborted. Please contact your host to install cURL.
====End Log====


10-03-2018 @ 08:35:31 - ====Start Log====
cURL is not available. Sync aborted. Please contact your host to install cURL.
====End Log====


10-03-2018 @ 08:36:07 - ====Start Log====
cURL is not available. Sync aborted. Please contact your host to install cURL.
====End Log====


10-03-2018 @ 08:36:09 - ====Start Log====
cURL is not available. Sync aborted. Please contact your host to install cURL.
====End Log====


10-03-2018 @ 08:37:04 - ====Start Log====
cURL is not available. Sync aborted. Please contact your host to install cURL.
====End Log====


10-03-2018 @ 08:37:04 - ====Start Log====
cURL is not available. Sync aborted. Please contact your host to install cURL.
====End Log====


10-03-2018 @ 08:37:05 - ====Start Log====
cURL is not available. Sync aborted. Please contact your host to install cURL.
====End Log====


10-03-2018 @ 08:37:05 - ====Start Log====
cURL is not available. Sync aborted. Please contact your host to install cURL.
====End Log====


10-03-2018 @ 08:37:05 - ====Start Log====
cURL is not available. Sync aborted. Please contact your host to install cURL.
====End Log====


10-03-2018 @ 08:37:11 - ====Start Log====
cURL is not available. Sync aborted. Please contact your host to install cURL.
====End Log====


10-03-2018 @ 08:37:32 - ====Start Log====
cURL is not available. Sync aborted. Please contact your host to install cURL.
====End Log====


10-03-2018 @ 08:39:04 - ====Start Log====
cURL is not available. Sync aborted. Please contact your host to install cURL.
====End Log====


10-03-2018 @ 08:39:33 - ====Start Log====
cURL is not available. Sync aborted. Please contact your host to install cURL.
====End Log====


10-03-2018 @ 08:39:44 - ====Start Log====
cURL is not available. Sync aborted. Please contact your host to install cURL.
====End Log====


10-03-2018 @ 08:39:44 - ====Start Log====
cURL is not available. Sync aborted. Please contact your host to install cURL.
====End Log====


10-03-2018 @ 08:39:49 - ====Start Log====
cURL is not available. Sync aborted. Please contact your host to install cURL.
====End Log====


10-03-2018 @ 08:40:05 - ====Start Log====
cURL is not available. Sync aborted. Please contact your host to install cURL.
====End Log====


10-03-2018 @ 08:40:07 - ====Start Log====
cURL is not available. Sync aborted. Please contact your host to install cURL.
====End Log====


10-03-2018 @ 08:40:07 - ====Start Log====
cURL is not available. Sync aborted. Please contact your host to install cURL.
====End Log====


10-03-2018 @ 08:40:08 - ====Start Log====
cURL is not available. Sync aborted. Please contact your host to install cURL.
====End Log====


10-03-2018 @ 08:40:23 - ====Start Log====
cURL is not available. Sync aborted. Please contact your host to install cURL.
====End Log====


10-03-2018 @ 08:40:23 - ====Start Log====
cURL is not available. Sync aborted. Please contact your host to install cURL.
====End Log====


10-03-2018 @ 08:40:29 - ====Start Log====
cURL is not available. Sync aborted. Please contact your host to install cURL.
====End Log====


10-03-2018 @ 08:40:30 - ====Start Log====
cURL is not available. Sync aborted. Please contact your host to install cURL.
====End Log====


10-03-2018 @ 08:40:30 - ====Start Log====
cURL is not available. Sync aborted. Please contact your host to install cURL.
====End Log====


10-03-2018 @ 08:40:30 - ====Start Log====
cURL is not available. Sync aborted. Please contact your host to install cURL.
====End Log====


10-03-2018 @ 08:40:31 - ====Start Log====
cURL is not available. Sync aborted. Please contact your host to install cURL.
====End Log====


10-03-2018 @ 08:40:33 - ====Start Log====
cURL is not available. Sync aborted. Please contact your host to install cURL.
====End Log====


10-03-2018 @ 08:40:40 - ====Start Log====
cURL is not available. Sync aborted. Please contact your host to install cURL.
====End Log====


10-03-2018 @ 08:40:47 - ====Start Log====
cURL is not available. Sync aborted. Please contact your host to install cURL.
====End Log====


10-03-2018 @ 08:40:56 - ====Start Log====
cURL is not available. Sync aborted. Please contact your host to install cURL.
====End Log====


10-03-2018 @ 08:41:06 - ====Start Log====
cURL is not available. Sync aborted. Please contact your host to install cURL.
====End Log====


10-03-2018 @ 08:41:13 - ====Start Log====
cURL is not available. Sync aborted. Please contact your host to install cURL.
====End Log====


10-03-2018 @ 08:41:14 - ====Start Log====
cURL is not available. Sync aborted. Please contact your host to install cURL.
====End Log====


10-03-2018 @ 08:41:14 - ====Start Log====
cURL is not available. Sync aborted. Please contact your host to install cURL.
====End Log====


10-03-2018 @ 08:41:17 - ====Start Log====
cURL is not available. Sync aborted. Please contact your host to install cURL.
====End Log====


10-03-2018 @ 08:41:21 - ====Start Log====
cURL is not available. Sync aborted. Please contact your host to install cURL.
====End Log====


10-03-2018 @ 08:41:21 - ====Start Log====
cURL is not available. Sync aborted. Please contact your host to install cURL.
====End Log====


10-03-2018 @ 08:41:22 - ====Start Log====
cURL is not available. Sync aborted. Please contact your host to install cURL.
====End Log====


10-03-2018 @ 08:41:26 - ====Start Log====
cURL is not available. Sync aborted. Please contact your host to install cURL.
====End Log====


10-03-2018 @ 08:41:26 - ====Start Log====
cURL is not available. Sync aborted. Please contact your host to install cURL.
====End Log====


10-03-2018 @ 08:41:29 - ====Start Log====
cURL is not available. Sync aborted. Please contact your host to install cURL.
====End Log====


10-03-2018 @ 08:41:32 - ====Start Log====
cURL is not available. Sync aborted. Please contact your host to install cURL.
====End Log====


10-03-2018 @ 08:41:34 - ====Start Log====
cURL is not available. Sync aborted. Please contact your host to install cURL.
====End Log====


10-03-2018 @ 08:41:41 - ====Start Log====
cURL is not available. Sync aborted. Please contact your host to install cURL.
====End Log====


10-03-2018 @ 08:41:45 - ====Start Log====
cURL is not available. Sync aborted. Please contact your host to install cURL.
====End Log====


10-03-2018 @ 08:42:12 - ====Start Log====
cURL is not available. Sync aborted. Please contact your host to install cURL.
====End Log====


10-03-2018 @ 08:42:18 - ====Start Log====
cURL is not available. Sync aborted. Please contact your host to install cURL.
====End Log====


10-03-2018 @ 08:42:35 - ====Start Log====
cURL is not available. Sync aborted. Please contact your host to install cURL.
====End Log====


10-03-2018 @ 08:43:20 - ====Start Log====
cURL is not available. Sync aborted. Please contact your host to install cURL.
====End Log====


10-03-2018 @ 08:43:36 - ====Start Log====
cURL is not available. Sync aborted. Please contact your host to install cURL.
====End Log====


10-03-2018 @ 08:43:49 - ====Start Log====
cURL is not available. Sync aborted. Please contact your host to install cURL.
====End Log====


10-03-2018 @ 08:44:41 - ====Start Log====
cURL is not available. Sync aborted. Please contact your host to install cURL.
====End Log====


10-03-2018 @ 08:44:43 - ====Start Log====
cURL is not available. Sync aborted. Please contact your host to install cURL.
====End Log====


10-03-2018 @ 08:44:44 - ====Start Log====
cURL is not available. Sync aborted. Please contact your host to install cURL.
====End Log====


10-03-2018 @ 08:44:45 - ====Start Log====
cURL is not available. Sync aborted. Please contact your host to install cURL.
====End Log====


10-03-2018 @ 08:44:49 - ====Start Log====
cURL is not available. Sync aborted. Please contact your host to install cURL.
====End Log====


10-03-2018 @ 08:44:51 - ====Start Log====
cURL is not available. Sync aborted. Please contact your host to install cURL.
====End Log====


10-03-2018 @ 08:44:55 - ====Start Log====
cURL is not available. Sync aborted. Please contact your host to install cURL.
====End Log====


10-03-2018 @ 08:44:56 - ====Start Log====
cURL is not available. Sync aborted. Please contact your host to install cURL.
====End Log====


10-03-2018 @ 08:44:59 - ====Start Log====
cURL is not available. Sync aborted. Please contact your host to install cURL.
====End Log====


10-03-2018 @ 08:45:00 - ====Start Log====
cURL is not available. Sync aborted. Please contact your host to install cURL.
====End Log====


10-03-2018 @ 08:45:15 - ====Start Log====
cURL is not available. Sync aborted. Please contact your host to install cURL.
====End Log====


10-03-2018 @ 08:45:22 - ====Start Log====
cURL is not available. Sync aborted. Please contact your host to install cURL.
====End Log====


10-03-2018 @ 08:45:28 - ====Start Log====
cURL is not available. Sync aborted. Please contact your host to install cURL.
====End Log====


10-03-2018 @ 08:45:29 - ====Start Log====
cURL is not available. Sync aborted. Please contact your host to install cURL.
====End Log====


10-03-2018 @ 08:45:29 - ====Start Log====
cURL is not available. Sync aborted. Please contact your host to install cURL.
====End Log====


10-03-2018 @ 08:45:30 - ====Start Log====
cURL is not available. Sync aborted. Please contact your host to install cURL.
====End Log====


10-03-2018 @ 08:45:30 - ====Start Log====
cURL is not available. Sync aborted. Please contact your host to install cURL.
====End Log====


10-03-2018 @ 08:45:32 - ====Start Log====
cURL is not available. Sync aborted. Please contact your host to install cURL.
====End Log====


10-03-2018 @ 08:45:33 - ====Start Log====
cURL is not available. Sync aborted. Please contact your host to install cURL.
====End Log====


10-03-2018 @ 08:45:37 - ====Start Log====
cURL is not available. Sync aborted. Please contact your host to install cURL.
====End Log====


10-03-2018 @ 08:45:45 - ====Start Log====
cURL is not available. Sync aborted. Please contact your host to install cURL.
====End Log====


10-03-2018 @ 08:45:48 - ====Start Log====
cURL is not available. Sync aborted. Please contact your host to install cURL.
====End Log====


10-03-2018 @ 08:45:49 - ====Start Log====
cURL is not available. Sync aborted. Please contact your host to install cURL.
====End Log====


10-03-2018 @ 08:45:49 - ====Start Log====
cURL is not available. Sync aborted. Please contact your host to install cURL.
====End Log====


10-03-2018 @ 08:45:50 - ====Start Log====
cURL is not available. Sync aborted. Please contact your host to install cURL.
====End Log====


10-03-2018 @ 08:45:50 - ====Start Log====
cURL is not available. Sync aborted. Please contact your host to install cURL.
====End Log====


10-03-2018 @ 08:45:52 - ====Start Log====
cURL is not available. Sync aborted. Please contact your host to install cURL.
====End Log====


10-03-2018 @ 08:45:56 - ====Start Log====
cURL is not available. Sync aborted. Please contact your host to install cURL.
====End Log====


10-03-2018 @ 08:45:57 - ====Start Log====
cURL is not available. Sync aborted. Please contact your host to install cURL.
====End Log====


10-03-2018 @ 08:45:58 - ====Start Log====
cURL is not available. Sync aborted. Please contact your host to install cURL.
====End Log====


10-03-2018 @ 08:45:58 - ====Start Log====
cURL is not available. Sync aborted. Please contact your host to install cURL.
====End Log====


10-03-2018 @ 08:45:58 - ====Start Log====
cURL is not available. Sync aborted. Please contact your host to install cURL.
====End Log====


10-03-2018 @ 08:45:59 - ====Start Log====
cURL is not available. Sync aborted. Please contact your host to install cURL.
====End Log====


10-03-2018 @ 08:46:00 - ====Start Log====
cURL is not available. Sync aborted. Please contact your host to install cURL.
====End Log====


10-03-2018 @ 08:46:00 - ====Start Log====
cURL is not available. Sync aborted. Please contact your host to install cURL.
====End Log====


10-03-2018 @ 08:46:01 - ====Start Log====
cURL is not available. Sync aborted. Please contact your host to install cURL.
====End Log====


10-03-2018 @ 08:46:05 - ====Start Log====
cURL is not available. Sync aborted. Please contact your host to install cURL.
====End Log====


10-03-2018 @ 08:46:10 - ====Start Log====
cURL is not available. Sync aborted. Please contact your host to install cURL.
====End Log====


10-03-2018 @ 08:46:26 - ====Start Log====
cURL is not available. Sync aborted. Please contact your host to install cURL.
====End Log====


10-03-2018 @ 08:46:35 - ====Start Log====
cURL is not available. Sync aborted. Please contact your host to install cURL.
====End Log====


10-03-2018 @ 08:46:36 - ====Start Log====
cURL is not available. Sync aborted. Please contact your host to install cURL.
====End Log====


10-03-2018 @ 08:46:39 - ====Start Log====
cURL is not available. Sync aborted. Please contact your host to install cURL.
====End Log====


10-03-2018 @ 08:46:40 - ====Start Log====
cURL is not available. Sync aborted. Please contact your host to install cURL.
====End Log====


10-03-2018 @ 08:46:45 - ====Start Log====
cURL is not available. Sync aborted. Please contact your host to install cURL.
====End Log====


10-03-2018 @ 08:46:58 - ====Start Log====
cURL is not available. Sync aborted. Please contact your host to install cURL.
====End Log====


10-03-2018 @ 08:47:01 - ====Start Log====
cURL is not available. Sync aborted. Please contact your host to install cURL.
====End Log====


10-03-2018 @ 08:47:10 - ====Start Log====
cURL is not available. Sync aborted. Please contact your host to install cURL.
====End Log====


10-03-2018 @ 08:47:17 - ====Start Log====
cURL is not available. Sync aborted. Please contact your host to install cURL.
====End Log====


10-03-2018 @ 08:47:30 - ====Start Log====
cURL is not available. Sync aborted. Please contact your host to install cURL.
====End Log====


10-03-2018 @ 08:47:30 - ====Start Log====
cURL is not available. Sync aborted. Please contact your host to install cURL.
====End Log====


10-03-2018 @ 08:47:33 - ====Start Log====
cURL is not available. Sync aborted. Please contact your host to install cURL.
====End Log====


10-03-2018 @ 08:47:33 - ====Start Log====
cURL is not available. Sync aborted. Please contact your host to install cURL.
====End Log====


10-03-2018 @ 08:47:35 - ====Start Log====
cURL is not available. Sync aborted. Please contact your host to install cURL.
====End Log====


10-03-2018 @ 08:47:37 - ====Start Log====
cURL is not available. Sync aborted. Please contact your host to install cURL.
====End Log====


10-03-2018 @ 08:47:38 - ====Start Log====
cURL is not available. Sync aborted. Please contact your host to install cURL.
====End Log====


10-03-2018 @ 08:47:39 - ====Start Log====
cURL is not available. Sync aborted. Please contact your host to install cURL.
====End Log====


10-03-2018 @ 08:47:40 - ====Start Log====
cURL is not available. Sync aborted. Please contact your host to install cURL.
====End Log====


10-03-2018 @ 08:47:42 - ====Start Log====
cURL is not available. Sync aborted. Please contact your host to install cURL.
====End Log====


10-03-2018 @ 08:47:44 - ====Start Log====
cURL is not available. Sync aborted. Please contact your host to install cURL.
====End Log====


10-03-2018 @ 08:47:54 - ====Start Log====
cURL is not available. Sync aborted. Please contact your host to install cURL.
====End Log====


10-03-2018 @ 08:47:56 - ====Start Log====
cURL is not available. Sync aborted. Please contact your host to install cURL.
====End Log====


10-03-2018 @ 08:48:07 - ====Start Log====
cURL is not available. Sync aborted. Please contact your host to install cURL.
====End Log====


10-03-2018 @ 08:48:07 - ====Start Log====
cURL is not available. Sync aborted. Please contact your host to install cURL.
====End Log====


10-03-2018 @ 08:48:09 - ====Start Log====
cURL is not available. Sync aborted. Please contact your host to install cURL.
====End Log====


10-03-2018 @ 08:48:13 - ====Start Log====
cURL is not available. Sync aborted. Please contact your host to install cURL.
====End Log====


10-03-2018 @ 08:48:15 - ====Start Log====
cURL is not available. Sync aborted. Please contact your host to install cURL.
====End Log====


10-03-2018 @ 08:48:43 - ====Start Log====
cURL is not available. Sync aborted. Please contact your host to install cURL.
====End Log====


10-03-2018 @ 08:48:48 - ====Start Log====
cURL is not available. Sync aborted. Please contact your host to install cURL.
====End Log====


10-03-2018 @ 08:48:50 - ====Start Log====
cURL is not available. Sync aborted. Please contact your host to install cURL.
====End Log====


10-03-2018 @ 08:48:56 - ====Start Log====
cURL is not available. Sync aborted. Please contact your host to install cURL.
====End Log====


10-03-2018 @ 08:49:06 - ====Start Log====
cURL is not available. Sync aborted. Please contact your host to install cURL.
====End Log====


10-03-2018 @ 08:49:18 - ====Start Log====
cURL is not available. Sync aborted. Please contact your host to install cURL.
====End Log====


10-03-2018 @ 08:49:19 - ====Start Log====
cURL is not available. Sync aborted. Please contact your host to install cURL.
====End Log====


10-03-2018 @ 08:49:21 - ====Start Log====
cURL is not available. Sync aborted. Please contact your host to install cURL.
====End Log====


10-03-2018 @ 08:49:29 - ====Start Log====
cURL is not available. Sync aborted. Please contact your host to install cURL.
====End Log====


10-03-2018 @ 08:49:30 - ====Start Log====
cURL is not available. Sync aborted. Please contact your host to install cURL.
====End Log====


10-03-2018 @ 08:49:32 - ====Start Log====
cURL is not available. Sync aborted. Please contact your host to install cURL.
====End Log====


10-03-2018 @ 08:49:32 - ====Start Log====
cURL is not available. Sync aborted. Please contact your host to install cURL.
====End Log====


10-03-2018 @ 08:49:39 - ====Start Log====
cURL is not available. Sync aborted. Please contact your host to install cURL.
====End Log====


10-03-2018 @ 08:49:45 - ====Start Log====
cURL is not available. Sync aborted. Please contact your host to install cURL.
====End Log====


10-03-2018 @ 08:49:52 - ====Start Log====
cURL is not available. Sync aborted. Please contact your host to install cURL.
====End Log====


10-03-2018 @ 08:49:52 - ====Start Log====
cURL is not available. Sync aborted. Please contact your host to install cURL.
====End Log====


10-03-2018 @ 08:50:01 - ====Start Log====
cURL is not available. Sync aborted. Please contact your host to install cURL.
====End Log====


10-03-2018 @ 08:50:08 - ====Start Log====
cURL is not available. Sync aborted. Please contact your host to install cURL.
====End Log====


10-03-2018 @ 08:50:08 - ====Start Log====
cURL is not available. Sync aborted. Please contact your host to install cURL.
====End Log====


10-03-2018 @ 08:50:15 - ====Start Log====
cURL is not available. Sync aborted. Please contact your host to install cURL.
====End Log====


10-03-2018 @ 08:50:15 - ====Start Log====
cURL is not available. Sync aborted. Please contact your host to install cURL.
====End Log====


10-03-2018 @ 08:50:15 - ====Start Log====
cURL is not available. Sync aborted. Please contact your host to install cURL.
====End Log====


10-03-2018 @ 08:50:30 - ====Start Log====
cURL is not available. Sync aborted. Please contact your host to install cURL.
====End Log====


10-03-2018 @ 08:50:35 - ====Start Log====
cURL is not available. Sync aborted. Please contact your host to install cURL.
====End Log====


10-03-2018 @ 08:50:35 - ====Start Log====
cURL is not available. Sync aborted. Please contact your host to install cURL.
====End Log====


10-03-2018 @ 08:50:39 - ====Start Log====
cURL is not available. Sync aborted. Please contact your host to install cURL.
====End Log====


10-03-2018 @ 08:50:43 - ====Start Log====
cURL is not available. Sync aborted. Please contact your host to install cURL.
====End Log====


10-03-2018 @ 08:50:50 - ====Start Log====
cURL is not available. Sync aborted. Please contact your host to install cURL.
====End Log====


10-03-2018 @ 08:50:51 - ====Start Log====
cURL is not available. Sync aborted. Please contact your host to install cURL.
====End Log====


10-03-2018 @ 08:51:40 - ====Start Log====
cURL is not available. Sync aborted. Please contact your host to install cURL.
====End Log====


10-03-2018 @ 08:51:52 - ====Start Log====
cURL is not available. Sync aborted. Please contact your host to install cURL.
====End Log====


10-03-2018 @ 08:53:53 - ====Start Log====
cURL is not available. Sync aborted. Please contact your host to install cURL.
====End Log====


10-03-2018 @ 08:55:54 - ====Start Log====
cURL is not available. Sync aborted. Please contact your host to install cURL.
====End Log====


10-03-2018 @ 08:56:29 - ====Start Log====
cURL is not available. Sync aborted. Please contact your host to install cURL.
====End Log====


10-03-2018 @ 08:56:55 - ====Start Log====
cURL is not available. Sync aborted. Please contact your host to install cURL.
====End Log====


10-03-2018 @ 08:57:20 - ====Start Log====
cURL is not available. Sync aborted. Please contact your host to install cURL.
====End Log====


10-03-2018 @ 08:57:22 - ====Start Log====
cURL is not available. Sync aborted. Please contact your host to install cURL.
====End Log====


10-03-2018 @ 08:57:43 - ====Start Log====
cURL is not available. Sync aborted. Please contact your host to install cURL.
====End Log====


10-03-2018 @ 08:58:14 - ====Start Log====
cURL is not available. Sync aborted. Please contact your host to install cURL.
====End Log====


10-03-2018 @ 08:58:56 - ====Start Log====
cURL is not available. Sync aborted. Please contact your host to install cURL.
====End Log====


10-03-2018 @ 08:59:09 - ====Start Log====
cURL is not available. Sync aborted. Please contact your host to install cURL.
====End Log====


10-03-2018 @ 09:00:28 - ====Start Log====
cURL is not available. Sync aborted. Please contact your host to install cURL.
====End Log====


10-03-2018 @ 09:00:57 - ====Start Log====
cURL is not available. Sync aborted. Please contact your host to install cURL.
====End Log====


10-03-2018 @ 09:01:17 - ====Start Log====
cURL is not available. Sync aborted. Please contact your host to install cURL.
====End Log====


10-03-2018 @ 09:02:58 - ====Start Log====
cURL is not available. Sync aborted. Please contact your host to install cURL.
====End Log====


10-03-2018 @ 09:04:58 - ====Start Log====
cURL is not available. Sync aborted. Please contact your host to install cURL.
====End Log====


10-03-2018 @ 09:09:51 - ====Start Log====
cURL is not available. Sync aborted. Please contact your host to install cURL.
====End Log====


10-03-2018 @ 09:09:51 - ====Start Log====
cURL is not available. Sync aborted. Please contact your host to install cURL.
====End Log====


10-03-2018 @ 09:10:11 - ====Start Log====
cURL is not available. Sync aborted. Please contact your host to install cURL.
====End Log====


10-03-2018 @ 09:10:13 - ====Start Log====
cURL is not available. Sync aborted. Please contact your host to install cURL.
====End Log====


10-03-2018 @ 09:10:23 - ====Start Log====
cURL is not available. Sync aborted. Please contact your host to install cURL.
====End Log====


10-03-2018 @ 09:10:41 - ====Start Log====
cURL is not available. Sync aborted. Please contact your host to install cURL.
====End Log====


10-03-2018 @ 09:10:43 - ====Start Log====
cURL is not available. Sync aborted. Please contact your host to install cURL.
====End Log====


10-03-2018 @ 09:10:48 - ====Start Log====
cURL is not available. Sync aborted. Please contact your host to install cURL.
====End Log====


10-03-2018 @ 09:10:53 - ====Start Log====
cURL is not available. Sync aborted. Please contact your host to install cURL.
====End Log====


10-03-2018 @ 09:11:52 - ====Start Log====
cURL is not available. Sync aborted. Please contact your host to install cURL.
====End Log====


10-03-2018 @ 09:12:02 - ====Start Log====
cURL is not available. Sync aborted. Please contact your host to install cURL.
====End Log====


10-03-2018 @ 09:12:23 - ====Start Log====
cURL is not available. Sync aborted. Please contact your host to install cURL.
====End Log====


10-03-2018 @ 09:12:55 - ====Start Log====
cURL is not available. Sync aborted. Please contact your host to install cURL.
====End Log====


10-03-2018 @ 09:12:59 - ====Start Log====
cURL is not available. Sync aborted. Please contact your host to install cURL.
====End Log====


10-03-2018 @ 09:13:42 - ====Start Log====
cURL is not available. Sync aborted. Please contact your host to install cURL.
====End Log====


10-03-2018 @ 09:13:44 - ====Start Log====
cURL is not available. Sync aborted. Please contact your host to install cURL.
====End Log====


10-03-2018 @ 09:13:46 - ====Start Log====
cURL is not available. Sync aborted. Please contact your host to install cURL.
====End Log====


10-03-2018 @ 09:13:47 - ====Start Log====
cURL is not available. Sync aborted. Please contact your host to install cURL.
====End Log====


10-03-2018 @ 09:13:57 - ====Start Log====
cURL is not available. Sync aborted. Please contact your host to install cURL.
====End Log====


10-03-2018 @ 09:14:03 - ====Start Log====
cURL is not available. Sync aborted. Please contact your host to install cURL.
====End Log====


10-03-2018 @ 09:14:04 - ====Start Log====
cURL is not available. Sync aborted. Please contact your host to install cURL.
====End Log====


10-03-2018 @ 09:14:13 - ====Start Log====
cURL is not available. Sync aborted. Please contact your host to install cURL.
====End Log====


10-03-2018 @ 09:14:13 - ====Start Log====
cURL is not available. Sync aborted. Please contact your host to install cURL.
====End Log====


10-03-2018 @ 09:14:17 - ====Start Log====
cURL is not available. Sync aborted. Please contact your host to install cURL.
====End Log====


10-03-2018 @ 09:14:26 - ====Start Log====
cURL is not available. Sync aborted. Please contact your host to install cURL.
====End Log====


10-03-2018 @ 09:14:26 - ====Start Log====
cURL is not available. Sync aborted. Please contact your host to install cURL.
====End Log====


10-03-2018 @ 09:14:28 - ====Start Log====
cURL is not available. Sync aborted. Please contact your host to install cURL.
====End Log====


10-03-2018 @ 09:14:44 - ====Start Log====
cURL is not available. Sync aborted. Please contact your host to install cURL.
====End Log====


10-03-2018 @ 09:14:45 - ====Start Log====
cURL is not available. Sync aborted. Please contact your host to install cURL.
====End Log====


10-03-2018 @ 09:14:54 - ====Start Log====
cURL is not available. Sync aborted. Please contact your host to install cURL.
====End Log====


10-03-2018 @ 09:14:55 - ====Start Log====
cURL is not available. Sync aborted. Please contact your host to install cURL.
====End Log====


10-03-2018 @ 09:14:56 - ====Start Log====
cURL is not available. Sync aborted. Please contact your host to install cURL.
====End Log====


10-03-2018 @ 09:14:58 - ====Start Log====
cURL is not available. Sync aborted. Please contact your host to install cURL.
====End Log====


10-03-2018 @ 09:14:59 - ====Start Log====
cURL is not available. Sync aborted. Please contact your host to install cURL.
====End Log====


10-03-2018 @ 09:14:59 - ====Start Log====
cURL is not available. Sync aborted. Please contact your host to install cURL.
====End Log====


10-03-2018 @ 09:15:00 - ====Start Log====
cURL is not available. Sync aborted. Please contact your host to install cURL.
====End Log====


10-03-2018 @ 09:15:01 - ====Start Log====
cURL is not available. Sync aborted. Please contact your host to install cURL.
====End Log====


10-03-2018 @ 09:15:16 - ====Start Log====
cURL is not available. Sync aborted. Please contact your host to install cURL.
====End Log====


10-03-2018 @ 09:15:16 - ====Start Log====
cURL is not available. Sync aborted. Please contact your host to install cURL.
====End Log====


10-03-2018 @ 09:16:05 - ====Start Log====
cURL is not available. Sync aborted. Please contact your host to install cURL.
====End Log====


10-03-2018 @ 09:16:05 - ====Start Log====
cURL is not available. Sync aborted. Please contact your host to install cURL.
====End Log====


10-03-2018 @ 09:16:06 - ====Start Log====
[WC -> Square] Skipping WC Product 513 since it has no SKUs.
====End Log====


10-03-2018 @ 09:16:08 - ====Start Log====
cURL is not available. Sync aborted. Please contact your host to install cURL.
====End Log====


10-03-2018 @ 09:16:09 - ====Start Log====
cURL is not available. Sync aborted. Please contact your host to install cURL.
====End Log====


10-03-2018 @ 09:16:25 - ====Start Log====
cURL is not available. Sync aborted. Please contact your host to install cURL.
====End Log====


10-03-2018 @ 09:16:36 - ====Start Log====
cURL is not available. Sync aborted. Please contact your host to install cURL.
====End Log====


10-03-2018 @ 09:16:36 - ====Start Log====
cURL is not available. Sync aborted. Please contact your host to install cURL.
====End Log====


10-03-2018 @ 09:16:51 - ====Start Log====
cURL is not available. Sync aborted. Please contact your host to install cURL.
====End Log====


10-03-2018 @ 09:16:51 - ====Start Log====
cURL is not available. Sync aborted. Please contact your host to install cURL.
====End Log====


10-03-2018 @ 09:17:06 - ====Start Log====
cURL is not available. Sync aborted. Please contact your host to install cURL.
====End Log====


10-03-2018 @ 09:17:21 - ====Start Log====
cURL is not available. Sync aborted. Please contact your host to install cURL.
====End Log====


10-03-2018 @ 09:17:22 - ====Start Log====
cURL is not available. Sync aborted. Please contact your host to install cURL.
====End Log====


10-03-2018 @ 09:17:30 - ====Start Log====
cURL is not available. Sync aborted. Please contact your host to install cURL.
====End Log====


10-03-2018 @ 09:17:31 - ====Start Log====
cURL is not available. Sync aborted. Please contact your host to install cURL.
====End Log====


10-03-2018 @ 09:17:33 - ====Start Log====
cURL is not available. Sync aborted. Please contact your host to install cURL.
====End Log====


10-03-2018 @ 09:17:36 - ====Start Log====
cURL is not available. Sync aborted. Please contact your host to install cURL.
====End Log====


10-03-2018 @ 09:17:36 - ====Start Log====
cURL is not available. Sync aborted. Please contact your host to install cURL.
====End Log====


10-03-2018 @ 09:17:37 - ====Start Log====
cURL is not available. Sync aborted. Please contact your host to install cURL.
====End Log====


10-03-2018 @ 09:17:38 - ====Start Log====
cURL is not available. Sync aborted. Please contact your host to install cURL.
====End Log====


10-03-2018 @ 09:17:53 - ====Start Log====
cURL is not available. Sync aborted. Please contact your host to install cURL.
====End Log====


10-03-2018 @ 09:18:10 - ====Start Log====
cURL is not available. Sync aborted. Please contact your host to install cURL.
====End Log====


10-03-2018 @ 09:18:10 - ====Start Log====
cURL is not available. Sync aborted. Please contact your host to install cURL.
====End Log====


10-03-2018 @ 09:19:00 - ====Start Log====
cURL is not available. Sync aborted. Please contact your host to install cURL.
====End Log====


10-03-2018 @ 09:19:01 - ====Start Log====
cURL is not available. Sync aborted. Please contact your host to install cURL.
====End Log====


10-03-2018 @ 09:19:01 - ====Start Log====
[WC -> Square] Skipping WC Product 518 since it has no SKUs.
====End Log====


10-03-2018 @ 09:19:16 - ====Start Log====
cURL is not available. Sync aborted. Please contact your host to install cURL.
====End Log====


10-03-2018 @ 09:19:16 - ====Start Log====
cURL is not available. Sync aborted. Please contact your host to install cURL.
====End Log====


10-03-2018 @ 09:19:57 - ====Start Log====
cURL is not available. Sync aborted. Please contact your host to install cURL.
====End Log====


10-03-2018 @ 09:19:59 - ====Start Log====
cURL is not available. Sync aborted. Please contact your host to install cURL.
====End Log====


10-03-2018 @ 09:19:59 - ====Start Log====
cURL is not available. Sync aborted. Please contact your host to install cURL.
====End Log====


10-03-2018 @ 09:20:00 - ====Start Log====
cURL is not available. Sync aborted. Please contact your host to install cURL.
====End Log====


10-03-2018 @ 09:20:02 - ====Start Log====
cURL is not available. Sync aborted. Please contact your host to install cURL.
====End Log====


10-03-2018 @ 09:20:18 - ====Start Log====
cURL is not available. Sync aborted. Please contact your host to install cURL.
====End Log====


10-03-2018 @ 09:20:33 - ====Start Log====
cURL is not available. Sync aborted. Please contact your host to install cURL.
====End Log====


10-03-2018 @ 09:20:33 - ====Start Log====
cURL is not available. Sync aborted. Please contact your host to install cURL.
====End Log====


10-03-2018 @ 09:20:35 - ====Start Log====
cURL is not available. Sync aborted. Please contact your host to install cURL.
====End Log====


10-03-2018 @ 09:20:45 - ====Start Log====
cURL is not available. Sync aborted. Please contact your host to install cURL.
====End Log====


10-03-2018 @ 09:20:49 - ====Start Log====
cURL is not available. Sync aborted. Please contact your host to install cURL.
====End Log====


10-03-2018 @ 09:20:53 - ====Start Log====
cURL is not available. Sync aborted. Please contact your host to install cURL.
====End Log====


10-03-2018 @ 09:20:53 - ====Start Log====
cURL is not available. Sync aborted. Please contact your host to install cURL.
====End Log====


10-03-2018 @ 09:20:54 - ====Start Log====
cURL is not available. Sync aborted. Please contact your host to install cURL.
====End Log====


10-03-2018 @ 09:20:56 - ====Start Log====
cURL is not available. Sync aborted. Please contact your host to install cURL.
====End Log====


10-03-2018 @ 09:21:01 - ====Start Log====
cURL is not available. Sync aborted. Please contact your host to install cURL.
====End Log====


10-03-2018 @ 09:21:03 - ====Start Log====
cURL is not available. Sync aborted. Please contact your host to install cURL.
====End Log====


10-03-2018 @ 09:21:07 - ====Start Log====
cURL is not available. Sync aborted. Please contact your host to install cURL.
====End Log====


10-03-2018 @ 09:21:08 - ====Start Log====
cURL is not available. Sync aborted. Please contact your host to install cURL.
====End Log====


10-03-2018 @ 09:21:09 - ====Start Log====
cURL is not available. Sync aborted. Please contact your host to install cURL.
====End Log====


10-03-2018 @ 09:21:09 - ====Start Log====
cURL is not available. Sync aborted. Please contact your host to install cURL.
====End Log====


10-03-2018 @ 09:21:10 - ====Start Log====
cURL is not available. Sync aborted. Please contact your host to install cURL.
====End Log====


10-03-2018 @ 09:21:11 - ====Start Log====
cURL is not available. Sync aborted. Please contact your host to install cURL.
====End Log====


10-03-2018 @ 09:21:25 - ====Start Log====
cURL is not available. Sync aborted. Please contact your host to install cURL.
====End Log====


10-03-2018 @ 09:21:25 - ====Start Log====
cURL is not available. Sync aborted. Please contact your host to install cURL.
====End Log====


10-03-2018 @ 09:21:26 - ====Start Log====
cURL is not available. Sync aborted. Please contact your host to install cURL.
====End Log====


10-03-2018 @ 09:21:26 - ====Start Log====
cURL is not available. Sync aborted. Please contact your host to install cURL.
====End Log====


10-03-2018 @ 09:21:28 - ====Start Log====
cURL is not available. Sync aborted. Please contact your host to install cURL.
====End Log====


10-03-2018 @ 09:21:35 - ====Start Log====
cURL is not available. Sync aborted. Please contact your host to install cURL.
====End Log====


10-03-2018 @ 09:21:36 - ====Start Log====
cURL is not available. Sync aborted. Please contact your host to install cURL.
====End Log====


10-03-2018 @ 09:21:36 - ====Start Log====
cURL is not available. Sync aborted. Please contact your host to install cURL.
====End Log====


10-03-2018 @ 09:21:36 - ====Start Log====
cURL is not available. Sync aborted. Please contact your host to install cURL.
====End Log====


10-03-2018 @ 09:21:37 - ====Start Log====
cURL is not available. Sync aborted. Please contact your host to install cURL.
====End Log====


10-03-2018 @ 09:21:38 - ====Start Log====
cURL is not available. Sync aborted. Please contact your host to install cURL.
====End Log====


10-03-2018 @ 09:21:47 - ====Start Log====
cURL is not available. Sync aborted. Please contact your host to install cURL.
====End Log====


10-03-2018 @ 09:21:48 - ====Start Log====
cURL is not available. Sync aborted. Please contact your host to install cURL.
====End Log====


10-03-2018 @ 09:21:52 - ====Start Log====
cURL is not available. Sync aborted. Please contact your host to install cURL.
====End Log====


10-03-2018 @ 09:21:55 - ====Start Log====
cURL is not available. Sync aborted. Please contact your host to install cURL.
====End Log====


10-03-2018 @ 09:21:56 - ====Start Log====
cURL is not available. Sync aborted. Please contact your host to install cURL.
====End Log====


10-03-2018 @ 09:21:56 - ====Start Log====
cURL is not available. Sync aborted. Please contact your host to install cURL.
====End Log====


10-03-2018 @ 09:21:56 - ====Start Log====
cURL is not available. Sync aborted. Please contact your host to install cURL.
====End Log====


10-03-2018 @ 09:21:57 - ====Start Log====
cURL is not available. Sync aborted. Please contact your host to install cURL.
====End Log====


10-03-2018 @ 09:22:02 - ====Start Log====
cURL is not available. Sync aborted. Please contact your host to install cURL.
====End Log====


10-03-2018 @ 09:22:03 - ====Start Log====
cURL is not available. Sync aborted. Please contact your host to install cURL.
====End Log====


10-03-2018 @ 09:22:03 - ====Start Log====
cURL is not available. Sync aborted. Please contact your host to install cURL.
====End Log====


10-03-2018 @ 09:22:04 - ====Start Log====
cURL is not available. Sync aborted. Please contact your host to install cURL.
====End Log====


10-03-2018 @ 09:22:05 - ====Start Log====
cURL is not available. Sync aborted. Please contact your host to install cURL.
====End Log====


10-03-2018 @ 09:22:15 - ====Start Log====
cURL is not available. Sync aborted. Please contact your host to install cURL.
====End Log====


10-03-2018 @ 09:22:15 - ====Start Log====
cURL is not available. Sync aborted. Please contact your host to install cURL.
====End Log====


10-03-2018 @ 09:22:15 - ====Start Log====
cURL is not available. Sync aborted. Please contact your host to install cURL.
====End Log====


10-03-2018 @ 09:22:17 - ====Start Log====
cURL is not available. Sync aborted. Please contact your host to install cURL.
====End Log====


10-03-2018 @ 09:22:24 - ====Start Log====
cURL is not available. Sync aborted. Please contact your host to install cURL.
====End Log====


10-03-2018 @ 09:22:24 - ====Start Log====
cURL is not available. Sync aborted. Please contact your host to install cURL.
====End Log====


10-03-2018 @ 09:22:25 - ====Start Log====
cURL is not available. Sync aborted. Please contact your host to install cURL.
====End Log====


10-03-2018 @ 09:22:26 - ====Start Log====
cURL is not available. Sync aborted. Please contact your host to install cURL.
====End Log====


10-03-2018 @ 09:22:27 - ====Start Log====
cURL is not available. Sync aborted. Please contact your host to install cURL.
====End Log====


10-03-2018 @ 09:22:27 - ====Start Log====
cURL is not available. Sync aborted. Please contact your host to install cURL.
====End Log====


10-03-2018 @ 09:22:28 - ====Start Log====
cURL is not available. Sync aborted. Please contact your host to install cURL.
====End Log====


10-03-2018 @ 09:22:33 - ====Start Log====
cURL is not available. Sync aborted. Please contact your host to install cURL.
====End Log====


10-03-2018 @ 09:22:38 - ====Start Log====
cURL is not available. Sync aborted. Please contact your host to install cURL.
====End Log====


10-03-2018 @ 09:22:45 - ====Start Log====
cURL is not available. Sync aborted. Please contact your host to install cURL.
====End Log====


10-03-2018 @ 09:22:46 - ====Start Log====
cURL is not available. Sync aborted. Please contact your host to install cURL.
====End Log====


10-03-2018 @ 09:22:46 - ====Start Log====
cURL is not available. Sync aborted. Please contact your host to install cURL.
====End Log====


10-03-2018 @ 09:22:50 - ====Start Log====
cURL is not available. Sync aborted. Please contact your host to install cURL.
====End Log====


10-03-2018 @ 09:23:02 - ====Start Log====
cURL is not available. Sync aborted. Please contact your host to install cURL.
====End Log====


10-03-2018 @ 09:23:47 - ====Start Log====
cURL is not available. Sync aborted. Please contact your host to install cURL.
====End Log====


10-03-2018 @ 09:24:05 - ====Start Log====
cURL is not available. Sync aborted. Please contact your host to install cURL.
====End Log====


10-03-2018 @ 09:24:06 - ====Start Log====
cURL is not available. Sync aborted. Please contact your host to install cURL.
====End Log====


10-03-2018 @ 09:24:13 - ====Start Log====
cURL is not available. Sync aborted. Please contact your host to install cURL.
====End Log====


10-03-2018 @ 09:24:15 - ====Start Log====
cURL is not available. Sync aborted. Please contact your host to install cURL.
====End Log====


10-03-2018 @ 09:24:15 - ====Start Log====
cURL is not available. Sync aborted. Please contact your host to install cURL.
====End Log====


10-03-2018 @ 09:24:15 - ====Start Log====
cURL is not available. Sync aborted. Please contact your host to install cURL.
====End Log====


10-03-2018 @ 09:24:16 - ====Start Log====
cURL is not available. Sync aborted. Please contact your host to install cURL.
====End Log====


10-03-2018 @ 09:24:17 - ====Start Log====
cURL is not available. Sync aborted. Please contact your host to install cURL.
====End Log====


10-03-2018 @ 09:24:23 - ====Start Log====
cURL is not available. Sync aborted. Please contact your host to install cURL.
====End Log====


10-03-2018 @ 09:24:24 - ====Start Log====
cURL is not available. Sync aborted. Please contact your host to install cURL.
====End Log====


10-03-2018 @ 09:24:24 - ====Start Log====
cURL is not available. Sync aborted. Please contact your host to install cURL.
====End Log====


10-03-2018 @ 09:24:25 - ====Start Log====
cURL is not available. Sync aborted. Please contact your host to install cURL.
====End Log====


10-03-2018 @ 09:24:25 - ====Start Log====
cURL is not available. Sync aborted. Please contact your host to install cURL.
====End Log====


10-03-2018 @ 09:24:29 - ====Start Log====
cURL is not available. Sync aborted. Please contact your host to install cURL.
====End Log====


10-03-2018 @ 09:24:29 - ====Start Log====
cURL is not available. Sync aborted. Please contact your host to install cURL.
====End Log====


10-03-2018 @ 09:24:30 - ====Start Log====
cURL is not available. Sync aborted. Please contact your host to install cURL.
====End Log====


10-03-2018 @ 09:24:31 - ====Start Log====
cURL is not available. Sync aborted. Please contact your host to install cURL.
====End Log====


10-03-2018 @ 09:24:34 - ====Start Log====
cURL is not available. Sync aborted. Please contact your host to install cURL.
====End Log====


10-03-2018 @ 09:24:35 - ====Start Log====
cURL is not available. Sync aborted. Please contact your host to install cURL.
====End Log====


10-03-2018 @ 09:24:41 - ====Start Log====
cURL is not available. Sync aborted. Please contact your host to install cURL.
====End Log====


10-03-2018 @ 09:24:42 - ====Start Log====
cURL is not available. Sync aborted. Please contact your host to install cURL.
====End Log====


10-03-2018 @ 09:24:51 - ====Start Log====
cURL is not available. Sync aborted. Please contact your host to install cURL.
====End Log====


10-03-2018 @ 09:25:05 - ====Start Log====
cURL is not available. Sync aborted. Please contact your host to install cURL.
====End Log====


10-03-2018 @ 09:25:07 - ====Start Log====
cURL is not available. Sync aborted. Please contact your host to install cURL.
====End Log====


10-03-2018 @ 09:25:09 - ====Start Log====
cURL is not available. Sync aborted. Please contact your host to install cURL.
====End Log====


10-03-2018 @ 09:25:53 - ====Start Log====
cURL is not available. Sync aborted. Please contact your host to install cURL.
====End Log====


10-03-2018 @ 09:25:54 - ====Start Log====
cURL is not available. Sync aborted. Please contact your host to install cURL.
====End Log====


10-03-2018 @ 09:25:54 - ====Start Log====
cURL is not available. Sync aborted. Please contact your host to install cURL.
====End Log====


10-03-2018 @ 09:25:54 - ====Start Log====
cURL is not available. Sync aborted. Please contact your host to install cURL.
====End Log====


10-03-2018 @ 09:26:08 - ====Start Log====
cURL is not available. Sync aborted. Please contact your host to install cURL.
====End Log====


10-03-2018 @ 09:26:08 - ====Start Log====
cURL is not available. Sync aborted. Please contact your host to install cURL.
====End Log====


10-03-2018 @ 09:27:42 - ====Start Log====
cURL is not available. Sync aborted. Please contact your host to install cURL.
====End Log====


10-03-2018 @ 09:27:44 - ====Start Log====
cURL is not available. Sync aborted. Please contact your host to install cURL.
====End Log====


10-03-2018 @ 09:27:54 - ====Start Log====
cURL is not available. Sync aborted. Please contact your host to install cURL.
====End Log====


10-03-2018 @ 09:28:30 - ====Start Log====
cURL is not available. Sync aborted. Please contact your host to install cURL.
====End Log====


10-03-2018 @ 09:28:58 - ====Start Log====
cURL is not available. Sync aborted. Please contact your host to install cURL.
====End Log====


10-03-2018 @ 09:29:05 - ====Start Log====
cURL is not available. Sync aborted. Please contact your host to install cURL.
====End Log====


10-03-2018 @ 09:29:12 - ====Start Log====
cURL is not available. Sync aborted. Please contact your host to install cURL.
====End Log====


10-03-2018 @ 09:29:25 - ====Start Log====
cURL is not available. Sync aborted. Please contact your host to install cURL.
====End Log====


10-03-2018 @ 09:29:27 - ====Start Log====
cURL is not available. Sync aborted. Please contact your host to install cURL.
====End Log====


10-03-2018 @ 09:29:45 - ====Start Log====
cURL is not available. Sync aborted. Please contact your host to install cURL.
====End Log====


10-03-2018 @ 09:29:48 - ====Start Log====
cURL is not available. Sync aborted. Please contact your host to install cURL.
====End Log====


10-03-2018 @ 09:29:54 - ====Start Log====
cURL is not available. Sync aborted. Please contact your host to install cURL.
====End Log====


10-03-2018 @ 09:29:58 - ====Start Log====
cURL is not available. Sync aborted. Please contact your host to install cURL.
====End Log====


10-03-2018 @ 09:30:02 - ====Start Log====
cURL is not available. Sync aborted. Please contact your host to install cURL.
====End Log====


10-03-2018 @ 09:30:08 - ====Start Log====
cURL is not available. Sync aborted. Please contact your host to install cURL.
====End Log====


10-03-2018 @ 09:30:24 - ====Start Log====
cURL is not available. Sync aborted. Please contact your host to install cURL.
====End Log====


10-03-2018 @ 09:30:28 - ====Start Log====
cURL is not available. Sync aborted. Please contact your host to install cURL.
====End Log====


10-03-2018 @ 09:30:53 - ====Start Log====
cURL is not available. Sync aborted. Please contact your host to install cURL.
====End Log====


10-03-2018 @ 09:31:54 - ====Start Log====
cURL is not available. Sync aborted. Please contact your host to install cURL.
====End Log====


10-03-2018 @ 09:33:21 - ====Start Log====
cURL is not available. Sync aborted. Please contact your host to install cURL.
====End Log====


10-03-2018 @ 09:33:30 - ====Start Log====
cURL is not available. Sync aborted. Please contact your host to install cURL.
====End Log====


10-03-2018 @ 09:33:35 - ====Start Log====
cURL is not available. Sync aborted. Please contact your host to install cURL.
====End Log====


10-03-2018 @ 09:34:04 - ====Start Log====
cURL is not available. Sync aborted. Please contact your host to install cURL.
====End Log====


10-03-2018 @ 09:34:04 - ====Start Log====
cURL is not available. Sync aborted. Please contact your host to install cURL.
====End Log====


10-03-2018 @ 09:34:04 - ====Start Log====
cURL is not available. Sync aborted. Please contact your host to install cURL.
====End Log====


10-03-2018 @ 09:34:11 - ====Start Log====
cURL is not available. Sync aborted. Please contact your host to install cURL.
====End Log====


