2018-10-03T09:25:07+00:00 DEBUG 
====Stripe Version: 4.1.10====
====Start Log====
Keys are not set correctly.
====End Log====


2018-10-03T09:26:08+00:00 DEBUG 
====Stripe Version: 4.1.10====
====Start Log====
Keys are not set correctly.
====End Log====


2018-10-03T09:42:39+00:00 DEBUG 
====Stripe Version: 4.1.10====
====Start Log====
Error: Unable to verify domain - missing secret key.
====End Log====


2018-10-03T09:43:40+00:00 DEBUG 
====Stripe Version: 4.1.10====
====Start Log====
Error: Unable to verify domain - missing secret key.
====End Log====


2018-10-03T09:45:15+00:00 DEBUG 
====Stripe Version: 4.1.10====
====Start Log====
Keys are not set correctly.
====End Log====


2018-10-03T10:45:43+00:00 DEBUG 
====Stripe Version: 4.1.10====
====Start Log====
Keys are not set correctly.
====End Log====


2018-10-03T12:34:46+00:00 DEBUG 
====Stripe Version: 4.1.10====
====Start Log====
Keys are not set correctly.
====End Log====


2018-10-03T12:37:09+00:00 DEBUG 
====Stripe Version: 4.1.10====
====Start Log====
Keys are not set correctly.
====End Log====


2018-10-03T12:42:54+00:00 DEBUG 
====Stripe Version: 4.1.10====
====Start Log====
Keys are not set correctly.
====End Log====


2018-10-03T12:42:59+00:00 DEBUG 
====Stripe Version: 4.1.10====
====Start Log====
Keys are not set correctly.
====End Log====


2018-10-03T12:45:05+00:00 DEBUG 
====Stripe Version: 4.1.10====
====Start Log====
Keys are not set correctly.
====End Log====


2018-10-03T12:48:14+00:00 DEBUG 
====Stripe Version: 4.1.10====
====Start Log====
Keys are not set correctly.
====End Log====


2018-10-03T12:55:00+00:00 DEBUG 
====Stripe Version: 4.1.10====
====Start Log====
Keys are not set correctly.
====End Log====


2018-10-03T13:10:39+00:00 DEBUG 
====Stripe Version: 4.1.10====
====Start Log====
Keys are not set correctly.
====End Log====


2018-10-03T13:21:05+00:00 DEBUG 
====Stripe Version: 4.1.10====
====Start Log====
Keys are not set correctly.
====End Log====


2018-10-03T13:26:39+00:00 DEBUG 
====Stripe Version: 4.1.10====
====Start Log====
Keys are not set correctly.
====End Log====


2018-10-03T13:37:10+00:00 DEBUG 
====Stripe Version: 4.1.10====
====Start Log====
Keys are not set correctly.
====End Log====


2018-10-03T13:41:07+00:00 DEBUG 
====Stripe Version: 4.1.10====
====Start Log====
Keys are not set correctly.
====End Log====


2018-10-03T13:42:45+00:00 DEBUG 
====Stripe Version: 4.1.10====
====Start Log====
Keys are not set correctly.
====End Log====


2018-10-03T14:07:42+00:00 DEBUG 
====Stripe Version: 4.1.10====
====Start Log====
Keys are not set correctly.
====End Log====


2018-10-03T14:09:14+00:00 DEBUG 
====Stripe Version: 4.1.10====
====Start Log====
Keys are not set correctly.
====End Log====


2018-10-03T14:10:49+00:00 DEBUG 
====Stripe Version: 4.1.10====
====Start Log====
Keys are not set correctly.
====End Log====


2018-10-03T14:19:25+00:00 DEBUG 
====Stripe Version: 4.1.10====
====Start Log====
Keys are not set correctly.
====End Log====


2018-10-03T14:22:27+00:00 DEBUG 
====Stripe Version: 4.1.10====
====Start Log====
Keys are not set correctly.
====End Log====


2018-10-03T14:22:38+00:00 DEBUG 
====Stripe Version: 4.1.10====
====Start Log====
Error: Unable to verify domain - missing secret key.
====End Log====


2018-10-03T14:23:54+00:00 DEBUG 
====Stripe Version: 4.1.10====
====Start Log====
Keys are not set correctly.
====End Log====


2018-10-03T14:25:16+00:00 DEBUG 
====Stripe Version: 4.1.10====
====Start Log====
Keys are not set correctly.
====End Log====


2018-10-03T14:25:58+00:00 DEBUG 
====Stripe Version: 4.1.10====
====Start Log====
Error: Unable to verify domain - missing secret key.
====End Log====


2018-10-03T14:31:36+00:00 DEBUG 
====Stripe Version: 4.1.10====
====Start Log====
Error: Unable to verify domain - missing secret key.
====End Log====


2018-10-03T14:33:54+00:00 DEBUG 
====Stripe Version: 4.1.10====
====Start Log====
Error: Unable to verify domain - missing secret key.
====End Log====


